#
# There is insufficient memory for the Java Runtime Environment to continue.
# Native memory allocation (mmap) failed to map 2097152 bytes for Failed to commit area from 0x00000000c2400000 to 0x00000000c2600000 of length 2097152.
# Possible reasons:
#   The system is out of physical RAM or swap space
#   The process is running with CompressedOops enabled, and the Java Heap may be blocking the growth of the native heap
# Possible solutions:
#   Reduce memory load on the system
#   Increase physical memory or swap space
#   Check if swap backing store is full
#   Decrease Java heap size (-Xmx/-Xms)
#   Decrease number of Java threads
#   Decrease Java thread stack sizes (-Xss)
#   Set larger code cache with -XX:ReservedCodeCacheSize=
#   JVM is running with Unscaled Compressed Oops mode in which the Java heap is
#     placed in the first 4GB address space. The Java Heap base address is the
#     maximum limit for the native heap growth. Please use -XX:HeapBaseMinAddress
#     to set the Java Heap base and to place the Java Heap above 4GB virtual address.
# This output file may be truncated or incomplete.
#
#  Out of Memory Error (./open/src/hotspot/os/windows/os_windows.cpp:3315), pid=18096, tid=17892
#
# JRE version: Java(TM) SE Runtime Environment (14.0.2+12) (build 14.0.2+12-46)
# Java VM: Java HotSpot(TM) 64-Bit Server VM (14.0.2+12-46, mixed mode, sharing, tiered, compressed oops, g1 gc, windows-amd64)
# No core dump will be written. Minidumps are not enabled by default on client versions of Windows
#

---------------  S U M M A R Y ------------

Command Line: -Dapplication.home=C:\Program Files\Java\jdk-14.0.2 --add-modules=ALL-DEFAULT -Xms8m -Djdk.module.main=jdk.compiler jdk.compiler/com.sun.tools.javac.Main -d C:\JAVA4\FPOLY_DA1_Vu_Hoang_Phuc_1\FPOLY_DA1\build\classes -classpath C:\JAVA4\FPOLY_DA1_Vu_Hoang_Phuc_1\FPOLY_DA1\build\classes;C:\Program Files\NetBeans-12.1\netbeans\java\modules\ext\AbsoluteLayout.jar;C:\Users\nguye\Downloads\javax.mail.jar;C:\JAVA4\FPOLY_DA1_Vu_Hoang_Phuc_1\FPOLY_DA1\src\lib\AnimatonClass.jar;C:\JAVA4\FPOLY_DA1_Vu_Hoang_Phuc_1\FPOLY_DA1\src\lib\JPlanner.jar;C:\JAVA4\FPOLY_DA1_Vu_Hoang_Phuc_1\FPOLY_DA1\src\lib\SparseBitSet-1.2.jar;C:\JAVA4\FPOLY_DA1_Vu_Hoang_Phuc_1\FPOLY_DA1\src\lib\activation-1.1.1.jar;C:\JAVA4\FPOLY_DA1_Vu_Hoang_Phuc_1\FPOLY_DA1\src\lib\bridj-0.6.2-windows-only.jar;C:\JAVA4\FPOLY_DA1_Vu_Hoang_Phuc_1\FPOLY_DA1\src\lib\commons-beanutils-1.8.3.jar;C:\JAVA4\FPOLY_DA1_Vu_Hoang_Phuc_1\FPOLY_DA1\src\lib\commons-codec-1.13.jar;C:\JAVA4\FPOLY_DA1_Vu_Hoang_Phuc_1\FPOLY_DA1\src\lib\commons-collections-3.2.1-1.0.0.jar;C:\JAVA4\FPOLY_DA1_Vu_Hoang_Phuc_1\FPOLY_DA1\src\lib\commons-collections4-4.4.jar;C:\JAVA4\FPOLY_DA1_Vu_Hoang_Phuc_1\FPOLY_DA1\src\lib\commons-compress-1.19.jar;C:\JAVA4\FPOLY_DA1_Vu_Hoang_Phuc_1\FPOLY_DA1\src\lib\commons-digester-2.1.jar;C:\JAVA4\FPOLY_DA1_Vu_Hoang_Phuc_1\FPOLY_DA1\src\lib\commons-digester3-3.2-javadoc.jar;C:\JAVA4\FPOLY_DA1_Vu_Hoang_Phuc_1\FPOLY_DA1\src\lib\commons-digester3-3.2-sources.jar;C:\JAVA4\FPOLY_DA1_Vu_Hoang_Phuc_1\FPOLY_DA1\src\lib\commons-digester3-3.2-with-deps.jar;C:\JAVA4\FPOLY_DA1_Vu_Hoang_Phuc_1\FPOLY_DA1\src\lib\commons-digester3-3.2.jar;C:\JAVA4\FPOLY_DA1_Vu_Hoang_Phuc_1\FPOLY_DA1\src\lib\commons-logging-1.2.jar;C:\JAVA4\FPOLY_DA1_Vu_Hoang_Phuc_1\FPOLY_DA1\src\lib\commons-logging-api-1.1.jar;C:\JAVA4\FPOLY_DA1_Vu_Hoang_Phuc_1\FPOLY_DA1\src\lib\commons-math3-3.6.1.jar;C:\JAVA4\FPOLY_DA1_Vu_Hoang_Phuc_1\FPOLY_DA1\src\lib\core-3.3.0.jar;C:\JAVA4\FPOLY_DA1_Vu_Hoang_Phuc_1\FPOLY_DA1\src\lib\curvesapi-1.06.jar;C:\JAVA4\FPOLY_DA1_Vu_Hoang_Phuc_1\FPOLY_DA1\src\lib\groovy-all-2.1.3.jar;C:\JAVA4\FPOLY_DA1_Vu_Hoang_Phuc_1\FPOLY_DA1\src\lib\itext-2.1.7.jar;C:\JAVA4\FPOLY_DA1_Vu_Hoang_Phuc_1\FPOLY_DA1\src\lib\itext-pdfa-5.4.0.jar;C:\JAVA4\FPOLY_DA1_Vu_Hoang_Phuc_1\FPOLY_DA1\src\lib\itextpdf-5.3.4.jar;C:\JAVA4\FPOLY_DA1_Vu_Hoang_Phuc_1\FPOLY_DA1\src\lib\jasperreports-6.10.0.jar;C:\JAVA4\FPOLY_DA1_Vu_Hoang_Phuc_1\FPOLY_DA1\src\lib\jasperreports-fonts-6.10.0.jar;C:\JAVA4\FPOLY_DA1_Vu_Hoang_Phuc_1\FPOLY_DA1\src\lib\jasperreports-fonts-6.14.0.jar;C:\JAVA4\FPOLY_DA1_Vu_Hoang_Phuc_1\FPOLY_DA1\src\lib\jasperreports-javaflow.jar;C:\JAVA4\FPOLY_DA1_Vu_Hoang_Phuc_1\FPOLY_DA1\src\lib\javase-3.3.0.jar;C:\JAVA4\FPOLY_DA1_Vu_Hoang_Phuc_1\FPOLY_DA1\src\lib\javax.mail.jar;C:\JAVA4\FPOLY_DA1_Vu_Hoang_Phuc_1\FPOLY_DA1\src\lib\jaxb-api-2.3.1.jar;C:\JAVA4\FPOLY_DA1_Vu_Hoang_Phuc_1\FPOLY_DA1\src\lib\jaxb-core-2.3.0.1.jar;C:\JAVA4\FPOLY_DA1_Vu_Hoang_Phuc_1\FPOLY_DA1\src\lib\jaxb-impl-2.3.2.jar;C:\JAVA4\FPOLY_DA1_Vu_Hoang_Phuc_1\FPOLY_DA1\src\lib\jcommon-1.0.23.jar;C:\JAVA4\FPOLY_DA1_Vu_Hoang_Phuc_1\FPOLY_DA1\src\lib\jfreechart-1.0.19.jar;C:\JAVA4\FPOLY_DA1_Vu_Hoang_Phuc_1\FPOLY_DA1\src\lib\junit-4.12.jar;C:\JAVA4\FPOLY_DA1_Vu_Hoang_Phuc_1\FPOLY_DA1\src\lib\log4j-1.2.17.jar;C:\JAVA4\FPOLY_DA1_Vu_Hoang_Phuc_1\FPOLY_DA1\src\lib\org-jdesktop-layout.jar;C:\JAVA4\FPOLY_DA1_Vu_Hoang_Phuc_1\FPOLY_DA1\src\lib\poi-4.1.2.jar;C:\JAVA4\FPOLY_DA1_Vu_Hoang_Phuc_1\FPOLY_DA1\src\lib\poi-examples-4.1.2.jar;C:\JAVA4\FPOLY_DA1_Vu_Hoang_Phuc_1\FPOLY_DA1\src\lib\poi-excelant-4.1.2.jar;C:\JAVA4\FPOLY_DA1_Vu_Hoang_Phuc_1\FPOLY_DA1\src\lib\poi-ooxml-4.1.2.jar;C:\JAVA4\FPOLY_DA1_Vu_Hoang_Phuc_1\FPOLY_DA1\src\lib\poi-ooxml-schemas-4.1.2.jar;C:\JAVA4\FPOLY_DA1_Vu_Hoang_Phuc_1\FPOLY_DA1\src\lib\poi-scratchpad-4.1.2.jar;C:\JAVA4\FPOLY_DA1_Vu_Hoang_Phuc_1\FPOLY_DA1\src\lib\slf4j-api-1.6.2.jar;C:\JAVA4\FPOLY_DA1_Vu_Hoang_Phuc_1\FPOLY_DA1\src\lib\slf4j-log4j12-1.6.2.jar;C:\JAVA4\FPOLY_DA1_Vu_Hoang_Phuc_1\FPOLY_DA1\src\lib\sqljdbc4.jar;C:\JAVA4\FPOLY_DA1_Vu_Hoang_Phuc_1\FPOLY_DA1\src\lib\webcam-capture-0.3.12.jar;C:\JAVA4\FPOLY_DA1_Vu_Hoang_Phuc_1\FPOLY_DA1\src\lib\xmlbeans-3.1.0.jar;C:\JAVA4\FPOLY_DA1_Vu_Hoang_Phuc_1\FPOLY_DA1\src\lib\jcalendar-1.4.jar;C:\JAVA4\FPOLY_DA1_Vu_Hoang_Phuc_1\FPOLY_DA1\src\lib\KControls.jar;C:\JAVA4\FPOLY_DA1_Vu_Hoang_Phuc_1\FPOLY_DA1\src\lib\KGradientPanel.jar;C:\JAVA4\lib\jaco-mp3-player-0.9.3.jar -sourcepath C:\JAVA4\FPOLY_DA1_Vu_Hoang_Phuc_1\FPOLY_DA1\src -target 13 -encoding UTF-8 -g -processorpath C:\Program Files\NetBeans-12.1\netbeans\java\modules\ext\AbsoluteLayout.jar;C:\Java\Thu vi?n\AbsoluteLayout.jar;C:\Java\Thu vi?n\mysql-connector-java-5.1.15-bin.jar;C:\Java\Thu vi?n\sqljdbc4.jar;C:\Java\Thu vi?n\swing-layout-1.0.4.jar;C:\Users\nguye\Downloads\javax.mail.jar;C:\Users\nguye\Downloads\javax.mail (1).jar;C:\JAVA4\FPOLY_DA1_Vu_Hoang_Phuc_1\FPOLY_DA1\src\lib\AnimatonClass.jar;C:\JAVA4\FPOLY_DA1_Vu_Hoang_Phuc_1\FPOLY_DA1\src\lib\JPlanner.jar;C:\JAVA4\FPOLY_DA1_Vu_Hoang_Phuc_1\FPOLY_DA1\src\lib\SparseBitSet-1.2.jar;C:\JAVA4\FPOLY_DA1_Vu_Hoang_Phuc_1\FPOLY_DA1\src\lib\activation-1.1.1.jar;C:\JAVA4\FPOLY_DA1_Vu_Hoang_Phuc_1\FPOLY_DA1\src\lib\bridj-0.6.2-windows-only.jar;C:\JAVA4\FPOLY_DA1_Vu_Hoang_Phuc_1\FPOLY_DA1\src\lib\commons-beanutils-1.8.3.jar;C:\JAVA4\FPOLY_DA1_Vu_Hoang_Phuc_1\FPOLY_DA1\src\lib\commons-codec-1.13.jar;C:\JAVA4\FPOLY_DA1_Vu_Hoang_Phuc_1\FPOLY_DA1\src\lib\commons-collections-3.2.1-1.0.0.jar;C:\JAVA4\FPOLY_DA1_Vu_Hoang_Phuc_1\FPOLY_DA1\src\lib\commons-collections4-4.4.jar;C:\JAVA4\FPOLY_DA1_Vu_Hoang_Phuc_1\FPOLY_DA1\src\lib\commons-compress-1.19.jar;C:\JAVA4\FPOLY_DA1_Vu_Hoang_Phuc_1\FPOLY_DA1\src\lib\commons-digester-2.1.jar;C:\JAVA4\FPOLY_DA1_Vu_Hoang_Phuc_1\FPOLY_DA1\src\lib\commons-digester3-3.2-javadoc.jar;C:\JAVA4\FPOLY_DA1_Vu_Hoang_Phuc_1\FPOLY_DA1\src\lib\commons-digester3-3.2-sources.jar;C:\JAVA4\FPOLY_DA1_Vu_Hoang_Phuc_1\FPOLY_DA1\src\lib\commons-digester3-3.2-with-deps.jar;C:\JAVA4\FPOLY_DA1_Vu_Hoang_Phuc_1\FPOLY_DA1\src\lib\commons-digester3-3.2.jar;C:\JAVA4\FPOLY_DA1_Vu_Hoang_Phuc_1\FPOLY_DA1\src\lib\commons-logging-1.2.jar;C:\JAVA4\FPOLY_DA1_Vu_Hoang_Phuc_1\FPOLY_DA1\src\lib\commons-logging-api-1.1.jar;C:\JAVA4\FPOLY_DA1_Vu_Hoang_Phuc_1\FPOLY_DA1\src\lib\commons-math3-3.6.1.jar;C:\JAVA4\FPOLY_DA1_Vu_Hoang_Phuc_1\FPOLY_DA1\src\lib\core-3.3.0.jar;C:\JAVA4\FPOLY_DA1_Vu_Hoang_Phuc_1\FPOLY_DA1\src\lib\curvesapi-1.06.jar;C:\JAVA4\FPOLY_DA1_Vu_Hoang_Phuc_1\FPOLY_DA1\src\lib\groovy-all-2.1.3.jar;C:\JAVA4\FPOLY_DA1_Vu_Hoang_Phuc_1\FPOLY_DA1\src\lib\itext-2.1.7.jar;C:\JAVA4\FPOLY_DA1_Vu_Hoang_Phuc_1\FPOLY_DA1\src\lib\itext-pdfa-5.4.0.jar;C:\JAVA4\FPOLY_DA1_Vu_Hoang_Phuc_1\FPOLY_DA1\src\lib\itextpdf-5.3.4.jar;C:\JAVA4\FPOLY_DA1_Vu_Hoang_Phuc_1\FPOLY_DA1\src\lib\jasperreports-6.10.0.jar;C:\JAVA4\FPOLY_DA1_Vu_Hoang_Phuc_1\FPOLY_DA1\src\lib\jasperreports-fonts-6.10.0.jar;C:\JAVA4\FPOLY_DA1_Vu_Hoang_Phuc_1\FPOLY_DA1\src\lib\jasperreports-fonts-6.14.0.jar;C:\JAVA4\FPOLY_DA1_Vu_Hoang_Phuc_1\FPOLY_DA1\src\lib\jasperreports-javaflow.jar;C:\JAVA4\FPOLY_DA1_Vu_Hoang_Phuc_1\FPOLY_DA1\src\lib\javase-3.3.0.jar;C:\JAVA4\FPOLY_DA1_Vu_Hoang_Phuc_1\FPOLY_DA1\src\lib\javax.mail.jar;C:\JAVA4\FPOLY_DA1_Vu_Hoang_Phuc_1\FPOLY_DA1\src\lib\jaxb-api-2.3.1.jar;C:\JAVA4\FPOLY_DA1_Vu_Hoang_Phuc_1\FPOLY_DA1\src\lib\jaxb-core-2.3.0.1.jar;C:\JAVA4\FPOLY_DA1_Vu_Hoang_Phuc_1\FPOLY_DA1\src\lib\jaxb-impl-2.3.2.jar;C:\JAVA4\FPOLY_DA1_Vu_Hoang_Phuc_1\FPOLY_DA1\src\lib\jcommon-1.0.23.jar;C:\JAVA4\FPOLY_DA1_Vu_Hoang_Phuc_1\FPOLY_DA1\src\lib\jfreechart-1.0.19.jar;C:\JAVA4\FPOLY_DA1_Vu_Hoang_Phuc_1\FPOLY_DA1\src\lib\junit-4.12.jar;C:\JAVA4\FPOLY_DA1_Vu_Hoang_Phuc_1\FPOLY_DA1\src\lib\log4j-1.2.17.jar;C:\JAVA4\FPOLY_DA1_Vu_Hoang_Phuc_1\FPOLY_DA1\src\lib\org-jdesktop-layout.jar;C:\JAVA4\FPOLY_DA1_Vu_Hoang_Phuc_1\FPOLY_DA1\src\lib\poi-4.1.2.jar;C:\JAVA4\FPOLY_DA1_Vu_Hoang_Phuc_1\FPOLY_DA1\src\lib\poi-examples-4.1.2.jar;C:\JAVA4\FPOLY_DA1_Vu_Hoang_Phuc_1\FPOLY_DA1\src\lib\poi-excelant-4.1.2.jar;C:\JAVA4\FPOLY_DA1_Vu_Hoang_Phuc_1\FPOLY_DA1\src\lib\poi-ooxml-4.1.2.jar;C:\JAVA4\FPOLY_DA1_Vu_Hoang_Phuc_1\FPOLY_DA1\src\lib\poi-ooxml-schemas-4.1.2.jar;C:\JAVA4\FPOLY_DA1_Vu_Hoang_Phuc_1\FPOLY_DA1\src\lib\poi-scratchpad-4.1.2.jar;C:\JAVA4\FPOLY_DA1_Vu_Hoang_Phuc_1\FPOLY_DA1\src\lib\slf4j-api-1.6.2.jar;C:\JAVA4\FPOLY_DA1_Vu_Hoang_Phuc_1\FPOLY_DA1\src\lib\slf4j-log4j12-1.6.2.jar;C:\JAVA4\FPOLY_DA1_Vu_Hoang_Phuc_1\FPOLY_DA1\src\lib\sqljdbc4.jar;C:\JAVA4\FPOLY_DA1_Vu_Hoang_Phuc_1\FPOLY_DA1\src\lib\webcam-capture-0.3.12.jar;C:\JAVA4\FPOLY_DA1_Vu_Hoang_Phuc_1\FPOLY_DA1\src\lib\xmlbeans-3.1.0.jar;C:\JAVA4\FPOLY_DA1_Vu_Hoang_Phuc_1\FPOLY_DA1\src\lib\jcalendar-1.4.jar;C:\JAVA4\FPOLY_DA1_Vu_Hoang_Phuc_1\FPOLY_DA1\src\lib\KControls.jar;C:\JAVA4\FPOLY_DA1_Vu_Hoang_Phuc_1\FPOLY_DA1\src\lib\KGradientPanel.jar;C:\JAVA4\lib\jaco-mp3-player-0.9.3.jar;C:\JAVA4\FPOLY_DA1_Vu_Hoang_Phuc_1\FPOLY_DA1\build\empty -s C:\JAVA4\FPOLY_DA1_Vu_Hoang_Phuc_1\FPOLY_DA1\build\generated-sources\ap-source-output -source 13 @C:\Users\nguye\AppData\Local\Temp\files8361957201157833743

Host: Intel(R) Core(TM) i3-8145U CPU @ 2.10GHz, 4 cores, 3G,  Windows 10 , 64 bit Build 19041 (10.0.19041.292)
Time: Sat Dec  5 22:14:50 2020 SE Asia Standard Time elapsed time: 1 seconds (0d 0h 0m 1s)

---------------  T H R E A D  ---------------

Current thread (0x000002794a7f6800):  VMThread "VM Thread" [stack: 0x000000d30d900000,0x000000d30da00000] [id=17892]

Stack: [0x000000d30d900000,0x000000d30da00000]
[error occurred during error reporting (printing stack bounds), id 0xc0000005, EXCEPTION_ACCESS_VIOLATION (0xc0000005) at pc=0x0000027952ee10ad]

Native frames: (J=compiled Java code, j=interpreted, Vv=VM code, C=native code)
V  [jvm.dll+0x5f8a9a]
V  [jvm.dll+0x74247a]
V  [jvm.dll+0x743c2f]
V  [jvm.dll+0x7441d5]
V  [jvm.dll+0x74418b]
V  [jvm.dll+0x5f7f6f]
V  [jvm.dll+0x5f8738]
C  [ntdll.dll+0xa111f]
C  [ntdll.dll+0x4b474]
C  [ntdll.dll+0x9fc4e]
C  0x0000027952ee10ad

VM_Operation (0x000000d30d3fe1a0): G1CollectForAllocation, mode: safepoint, requested by thread 0x000002794a737000


---------------  P R O C E S S  ---------------

Threads class SMR info:
_java_thread_list=0x000002796728ad50, length=11, elements={
0x000002794a737000, 0x000002794a7fe800, 0x000002794a7ff800, 0x0000027967059800,
0x000002796705c800, 0x000002796705d800, 0x0000027967061800, 0x00000279670d7000,
0x00000279670da800, 0x0000027967284800, 0x0000027967300000
}

Java Threads: ( => current thread )
  0x000002794a737000 JavaThread "main" [_thread_blocked, id=16184, stack(0x000000d30d300000,0x000000d30d400000)]
  0x000002794a7fe800 JavaThread "Reference Handler" daemon [_thread_blocked, id=17960, stack(0x000000d30da00000,0x000000d30db00000)]
  0x000002794a7ff800 JavaThread "Finalizer" daemon [_thread_blocked, id=17792, stack(0x000000d30db00000,0x000000d30dc00000)]
  0x0000027967059800 JavaThread "Signal Dispatcher" daemon [_thread_blocked, id=17872, stack(0x000000d30dc00000,0x000000d30dd00000)]
  0x000002796705c800 JavaThread "Attach Listener" daemon [_thread_blocked, id=9228, stack(0x000000d30dd00000,0x000000d30de00000)]
  0x000002796705d800 JavaThread "Service Thread" daemon [_thread_blocked, id=17456, stack(0x000000d30de00000,0x000000d30df00000)]
  0x0000027967061800 JavaThread "C2 CompilerThread0" daemon [_thread_blocked, id=17776, stack(0x000000d30df00000,0x000000d30e000000)]
  0x00000279670d7000 JavaThread "C1 CompilerThread0" daemon [_thread_blocked, id=17420, stack(0x000000d30e000000,0x000000d30e100000)]
  0x00000279670da800 JavaThread "Sweeper thread" daemon [_thread_blocked, id=3048, stack(0x000000d30e100000,0x000000d30e200000)]
  0x0000027967284800 JavaThread "Common-Cleaner" daemon [_thread_blocked, id=18236, stack(0x000000d30e200000,0x000000d30e300000)]
  0x0000027967300000 JavaThread "Notification Thread" daemon [_thread_blocked, id=12332, stack(0x000000d30e300000,0x000000d30e400000)]

Other Threads:
=>0x000002794a7f6800 VMThread "VM Thread" [stack: 0x000000d30d900000,0x000000d30da00000] [id=17892]
  0x0000027967306800 WatcherThread [stack: 0x000000d30e400000,0x000000d30e500000] [id=17832]
  0x000002794a769000 GCTaskThread "GC Thread#0" [stack: 0x000000d30d400000,0x000000d30d500000] [id=13244]
  0x0000027967428800 GCTaskThread "GC Thread#1" [stack: 0x000000d30e500000,0x000000d30e600000] [id=17536]
  0x000002794a774800 ConcurrentGCThread "G1 Main Marker" [stack: 0x000000d30d500000,0x000000d30d600000] [id=10200]
  0x000002794a776800 ConcurrentGCThread "G1 Conc#0" [stack: 0x000000d30d600000,0x000000d30d700000] [id=2412]
  0x000002794a78f800 ConcurrentGCThread "G1 Refine#0" [stack: 0x000000d30d700000,0x000000d30d800000] [id=6572]
  0x000002794a791000 ConcurrentGCThread "G1 Young RemSet Sampling" [stack: 0x000000d30d800000,0x000000d30d900000] [id=13124]

Threads with active compile tasks:
C1 CompilerThread0     1548  808       3       java.util.zip.ZipFile$Source::getEntryPos (208 bytes)

VM state:at safepoint (normal execution)

VM Mutex/Monitor currently owned by a thread:  ([mutex/lock_event])
[0x000002794a7328b0] Threads_lock - owner thread: 0x000002794a7f6800
[0x000002794a7337e0] Heap_lock - owner thread: 0x000002794a737000

Heap address: 0x00000000c1c00000, size: 996 MB, Compressed Oops mode: 32-bit
Narrow klass base: 0x0000000800000000, Narrow klass shift: 3
Compressed class space size: 1073741824 Address: 0x0000000800b30000

Heap:
 garbage-first heap   total 10240K, used 3952K [0x00000000c1c00000, 0x0000000100000000)
  region size 1024K, 1 young (1024K), 1 survivors (1024K)
 Metaspace       used 7505K, capacity 10502K, committed 10752K, reserved 1060864K
  class space    used 913K, capacity 1212K, committed 1280K, reserved 1048576K
Heap Regions: E=young(eden), S=young(survivor), O=old, HS=humongous(starts), HC=humongous(continues), CS=collection set, F=free, OA=open archive, CA=closed archive, TAMS=top-at-mark-start (previous, next)
|   0|0x00000000c1c00000, 0x00000000c1d00000, 0x00000000c1d00000|100%| O|  |TAMS 0x00000000c1c00000, 0x00000000c1c00000| Untracked 
|   1|0x00000000c1d00000, 0x00000000c1e00000, 0x00000000c1e00000|100%| O|  |TAMS 0x00000000c1d00000, 0x00000000c1d00000| Untracked 
|   2|0x00000000c1e00000, 0x00000000c1ef6400, 0x00000000c1f00000| 96%| O|  |TAMS 0x00000000c1e00000, 0x00000000c1e00000| Untracked 
|   3|0x00000000c1f00000, 0x00000000c1f00000, 0x00000000c2000000|  0%| F|  |TAMS 0x00000000c1f00000, 0x00000000c1f00000| Untracked 
|   4|0x00000000c2000000, 0x00000000c2000000, 0x00000000c2100000|  0%| F|  |TAMS 0x00000000c2000000, 0x00000000c2000000| Untracked 
|   5|0x00000000c2100000, 0x00000000c2100000, 0x00000000c2200000|  0%| F|  |TAMS 0x00000000c2100000, 0x00000000c2100000| Untracked 
|   6|0x00000000c2200000, 0x00000000c22e5c90, 0x00000000c2300000| 89%| S|CS|TAMS 0x00000000c2200000, 0x00000000c2200000| Complete 
|   7|0x00000000c2300000, 0x00000000c2300000, 0x00000000c2400000|  0%| F|  |TAMS 0x00000000c2300000, 0x00000000c2300000| Untracked 

Card table byte_map: [0x00000279620e0000,0x00000279622e0000] _byte_map_base: 0x0000027961ad2000

Marking Bits (Prev, Next): (CMBitMap*) 0x000002794a769f18, (CMBitMap*) 0x000002794a769f58
 Prev Bits: [0x00000279624e0000, 0x0000027963470000)
 Next Bits: [0x0000027963470000, 0x0000027964400000)

Polling page: 0x00000279486b0000

Metaspace:

Usage:
  Non-class:      9.07 MB capacity,     6.44 MB ( 71%) used,     2.62 MB ( 29%) free+waste,    16.63 KB ( <1%) overhead. 
      Class:      1.18 MB capacity,   913.10 KB ( 75%) used,   290.21 KB ( 24%) free+waste,     8.69 KB ( <1%) overhead. 
       Both:     10.26 MB capacity,     7.33 MB ( 71%) used,     2.90 MB ( 28%) free+waste,    25.31 KB ( <1%) overhead. 

Virtual space:
  Non-class space:       12.00 MB reserved,       9.25 MB ( 77%) committed 
      Class space:        1.00 GB reserved,       1.25 MB ( <1%) committed 
             Both:        1.01 GB reserved,      10.50 MB (  1%) committed 

Chunk freelists:
   Non-Class:  54.00 KB
       Class:  4.00 KB
        Both:  58.00 KB

MaxMetaspaceSize: 17179869184.00 GB
CompressedClassSpaceSize: 1.00 GB

CodeHeap 'non-profiled nmethods': size=120000Kb used=283Kb max_used=283Kb free=119716Kb
 bounds [0x000002795a9b0000, 0x000002795ac20000, 0x0000027961ee0000]
CodeHeap 'profiled nmethods': size=120000Kb used=1258Kb max_used=1258Kb free=118741Kb
 bounds [0x0000027953480000, 0x00000279536f0000, 0x000002795a9b0000]
CodeHeap 'non-nmethods': size=5760Kb used=1139Kb max_used=1155Kb free=4620Kb
 bounds [0x0000027952ee0000, 0x0000027953150000, 0x0000027953480000]
 total_blobs=1194 nmethods=806 adapters=301
 compilation: enabled
              stopped_count=0, restarted_count=0
 full_count=0

Compilation events (20 events):
Event: 1.485 Thread 0x00000279670d7000  801       3       java.util.ArrayDeque::pollFirst (36 bytes)
Event: 1.488 Thread 0x0000027967061800 nmethod 793 0x000002795a9f5810 code [0x000002795a9f5a00, 0x000002795a9f5f48]
Event: 1.488 Thread 0x0000027967061800  795       4       java.util.zip.ZipUtils::LG (22 bytes)
Event: 1.489 Thread 0x00000279670d7000 nmethod 801 0x00000279535b8990 code [0x00000279535b8b60, 0x00000279535b8fb8]
Event: 1.489 Thread 0x00000279670d7000  802       3       java.util.ArrayDeque::inc (12 bytes)
Event: 1.489 Thread 0x00000279670d7000 nmethod 802 0x00000279535b9190 code [0x00000279535b9320, 0x00000279535b9438]
Event: 1.489 Thread 0x00000279670d7000  803       3       jdk.internal.ref.PhantomCleanable::clean (16 bytes)
Event: 1.489 Thread 0x00000279670d7000 nmethod 803 0x00000279535b9510 code [0x00000279535b96c0, 0x00000279535b9998]
Event: 1.489 Thread 0x0000027967061800 nmethod 795 0x000002795a9f6190 code [0x000002795a9f6340, 0x000002795a9f6478]
Event: 1.489 Thread 0x0000027967061800  794       4       java.lang.Math::max (11 bytes)
Event: 1.490 Thread 0x0000027967061800 nmethod 794 0x000002795a9f6590 code [0x000002795a9f6700, 0x000002795a9f6758]
Event: 1.490 Thread 0x0000027967061800  804       4       java.lang.StringLatin1::inflate (34 bytes)
Event: 1.493 Thread 0x00000279670d7000  805       3       java.io.InputStream::<init> (5 bytes)
Event: 1.493 Thread 0x00000279670d7000 nmethod 805 0x00000279535b9a90 code [0x00000279535b9c20, 0x00000279535b9d98]
Event: 1.495 Thread 0x0000027967061800 nmethod 804 0x000002795a9f6890 code [0x000002795a9f6a20, 0x000002795a9f6cd8]
Event: 1.495 Thread 0x00000279670d7000  806       3       java.io.WinNTFileSystem::isLetter (30 bytes)
Event: 1.495 Thread 0x00000279670d7000 nmethod 806 0x00000279535b9e90 code [0x00000279535ba020, 0x00000279535ba258]
Event: 1.497 Thread 0x00000279670d7000  807   !   3       jdk.internal.ref.PhantomCleanable::insert (53 bytes)
Event: 1.497 Thread 0x00000279670d7000 nmethod 807 0x00000279535ba310 code [0x00000279535ba4c0, 0x00000279535ba938]
Event: 1.507 Thread 0x00000279670d7000  808       3       java.util.zip.ZipFile$Source::getEntryPos (208 bytes)

GC Heap History (19 events):
Event: 0.640 GC heap before
{Heap before GC invocations=0 (full 0):
 garbage-first heap   total 8192K, used 3072K [0x00000000c1c00000, 0x0000000100000000)
  region size 1024K, 3 young (3072K), 0 survivors (0K)
 Metaspace       used 2456K, capacity 5984K, committed 6016K, reserved 1056768K
  class space    used 287K, capacity 638K, committed 640K, reserved 1048576K
}
Event: 0.644 GC heap after
{Heap after GC invocations=1 (full 0):
 garbage-first heap   total 8192K, used 1126K [0x00000000c1c00000, 0x0000000100000000)
  region size 1024K, 1 young (1024K), 1 survivors (1024K)
 Metaspace       used 2456K, capacity 5984K, committed 6016K, reserved 1056768K
  class space    used 287K, capacity 638K, committed 640K, reserved 1048576K
}
Event: 0.650 GC heap before
{Heap before GC invocations=1 (full 0):
 garbage-first heap   total 8192K, used 1126K [0x00000000c1c00000, 0x0000000100000000)
  region size 1024K, 2 young (2048K), 1 survivors (1024K)
 Metaspace       used 2460K, capacity 5984K, committed 6016K, reserved 1056768K
  class space    used 287K, capacity 638K, committed 640K, reserved 1048576K
}
Event: 0.653 GC heap after
{Heap after GC invocations=2 (full 0):
 garbage-first heap   total 8192K, used 1316K [0x00000000c1c00000, 0x0000000100000000)
  region size 1024K, 1 young (1024K), 1 survivors (1024K)
 Metaspace       used 2460K, capacity 5984K, committed 6016K, reserved 1056768K
  class space    used 287K, capacity 638K, committed 640K, reserved 1048576K
}
Event: 0.654 GC heap before
{Heap before GC invocations=2 (full 0):
 garbage-first heap   total 8192K, used 1316K [0x00000000c1c00000, 0x0000000100000000)
  region size 1024K, 2 young (2048K), 1 survivors (1024K)
 Metaspace       used 2460K, capacity 5984K, committed 6016K, reserved 1056768K
  class space    used 287K, capacity 638K, committed 640K, reserved 1048576K
}
Event: 0.654 GC heap after
{Heap after GC invocations=3 (full 0):
 garbage-first heap   total 8192K, used 1241K [0x00000000c1c00000, 0x0000000100000000)
  region size 1024K, 1 young (1024K), 1 survivors (1024K)
 Metaspace       used 2460K, capacity 5984K, committed 6016K, reserved 1056768K
  class space    used 287K, capacity 638K, committed 640K, reserved 1048576K
}
Event: 0.687 GC heap before
{Heap before GC invocations=3 (full 0):
 garbage-first heap   total 8192K, used 2265K [0x00000000c1c00000, 0x0000000100000000)
  region size 1024K, 2 young (2048K), 1 survivors (1024K)
 Metaspace       used 2490K, capacity 5984K, committed 6016K, reserved 1056768K
  class space    used 287K, capacity 638K, committed 640K, reserved 1048576K
}
Event: 0.688 GC heap after
{Heap after GC invocations=4 (full 0):
 garbage-first heap   total 8192K, used 1151K [0x00000000c1c00000, 0x0000000100000000)
  region size 1024K, 1 young (1024K), 1 survivors (1024K)
 Metaspace       used 2490K, capacity 5984K, committed 6016K, reserved 1056768K
  class space    used 287K, capacity 638K, committed 640K, reserved 1048576K
}
Event: 0.734 GC heap before
{Heap before GC invocations=4 (full 0):
 garbage-first heap   total 8192K, used 3199K [0x00000000c1c00000, 0x0000000100000000)
  region size 1024K, 3 young (3072K), 1 survivors (1024K)
 Metaspace       used 2499K, capacity 5985K, committed 6016K, reserved 1056768K
  class space    used 287K, capacity 638K, committed 640K, reserved 1048576K
}
Event: 0.734 GC heap after
{Heap after GC invocations=5 (full 0):
 garbage-first heap   total 8192K, used 1605K [0x00000000c1c00000, 0x0000000100000000)
  region size 1024K, 1 young (1024K), 1 survivors (1024K)
 Metaspace       used 2499K, capacity 5985K, committed 6016K, reserved 1056768K
  class space    used 287K, capacity 638K, committed 640K, reserved 1048576K
}
Event: 0.807 GC heap before
{Heap before GC invocations=5 (full 0):
 garbage-first heap   total 8192K, used 3653K [0x00000000c1c00000, 0x0000000100000000)
  region size 1024K, 3 young (3072K), 1 survivors (1024K)
 Metaspace       used 2524K, capacity 5985K, committed 6016K, reserved 1056768K
  class space    used 288K, capacity 638K, committed 640K, reserved 1048576K
}
Event: 0.807 GC heap after
{Heap after GC invocations=6 (full 0):
 garbage-first heap   total 8192K, used 2186K [0x00000000c1c00000, 0x0000000100000000)
  region size 1024K, 1 young (1024K), 1 survivors (1024K)
 Metaspace       used 2524K, capacity 5985K, committed 6016K, reserved 1056768K
  class space    used 288K, capacity 638K, committed 640K, reserved 1048576K
}
Event: 0.856 GC heap before
{Heap before GC invocations=6 (full 0):
 garbage-first heap   total 8192K, used 3210K [0x00000000c1c00000, 0x0000000100000000)
  region size 1024K, 2 young (2048K), 1 survivors (1024K)
 Metaspace       used 2549K, capacity 5986K, committed 6016K, reserved 1056768K
  class space    used 288K, capacity 638K, committed 640K, reserved 1048576K
}
Event: 0.856 GC heap after
{Heap after GC invocations=7 (full 0):
 garbage-first heap   total 8192K, used 1188K [0x00000000c1c00000, 0x0000000100000000)
  region size 1024K, 1 young (1024K), 1 survivors (1024K)
 Metaspace       used 2549K, capacity 5986K, committed 6016K, reserved 1056768K
  class space    used 288K, capacity 638K, committed 640K, reserved 1048576K
}
Event: 1.243 GC heap before
{Heap before GC invocations=7 (full 0):
 garbage-first heap   total 8192K, used 3236K [0x00000000c1c00000, 0x0000000100000000)
  region size 1024K, 3 young (3072K), 1 survivors (1024K)
 Metaspace       used 5595K, capacity 8749K, committed 8960K, reserved 1056768K
  class space    used 687K, capacity 987K, committed 1024K, reserved 1048576K
}
Event: 1.245 GC heap after
{Heap after GC invocations=8 (full 0):
 garbage-first heap   total 8192K, used 2023K [0x00000000c1c00000, 0x0000000100000000)
  region size 1024K, 1 young (1024K), 1 survivors (1024K)
 Metaspace       used 5595K, capacity 8749K, committed 8960K, reserved 1056768K
  class space    used 687K, capacity 987K, committed 1024K, reserved 1048576K
}
Event: 1.485 GC heap before
{Heap before GC invocations=8 (full 0):
 garbage-first heap   total 8192K, used 4071K [0x00000000c1c00000, 0x0000000100000000)
  region size 1024K, 3 young (3072K), 1 survivors (1024K)
 Metaspace       used 7501K, capacity 10502K, committed 10752K, reserved 1060864K
  class space    used 913K, capacity 1212K, committed 1280K, reserved 1048576K
}
Event: 1.488 GC heap after
{Heap after GC invocations=9 (full 0):
 garbage-first heap   total 8192K, used 3042K [0x00000000c1c00000, 0x0000000100000000)
  region size 1024K, 1 young (1024K), 1 survivors (1024K)
 Metaspace       used 7501K, capacity 10502K, committed 10752K, reserved 1060864K
  class space    used 913K, capacity 1212K, committed 1280K, reserved 1048576K
}
Event: 1.508 GC heap before
{Heap before GC invocations=9 (full 0):
 garbage-first heap   total 8192K, used 3042K [0x00000000c1c00000, 0x0000000100000000)
  region size 1024K, 2 young (2048K), 1 survivors (1024K)
 Metaspace       used 7505K, capacity 10502K, committed 10752K, reserved 1060864K
  class space    used 913K, capacity 1212K, committed 1280K, reserved 1048576K
}

Deoptimization events (20 events):
Event: 0.730 Thread 0x000002794a737000 Uncommon trap: trap_request=0xffffff45 fr.pc=0x000002795a9d4d0c relative=0x000000000000026c
Event: 0.730 Thread 0x000002794a737000 Uncommon trap: reason=unstable_if action=reinterpret pc=0x000002795a9d4d0c method=java.util.zip.ZipFile$Source.isMetaName([BII)Z @ 82 c2
Event: 0.730 Thread 0x000002794a737000 DEOPT PACKING pc=0x000002795a9d4d0c sp=0x000000d30d3fe9b0
Event: 0.730 Thread 0x000002794a737000 DEOPT UNPACKING pc=0x0000027952f2912f sp=0x000000d30d3fe958 mode 2
Event: 0.752 Thread 0x000002794a737000 Uncommon trap: trap_request=0xffffff45 fr.pc=0x000002795a9d7a5c relative=0x00000000000001bc
Event: 0.752 Thread 0x000002794a737000 Uncommon trap: reason=unstable_if action=reinterpret pc=0x000002795a9d7a5c method=java.util.zip.ZipFile$Source.isMetaName([BII)Z @ 43 c2
Event: 0.752 Thread 0x000002794a737000 DEOPT PACKING pc=0x000002795a9d7a5c sp=0x000000d30d3fe9b0
Event: 0.752 Thread 0x000002794a737000 DEOPT UNPACKING pc=0x0000027952f2912f sp=0x000000d30d3fe958 mode 2
Event: 0.752 Thread 0x000002794a737000 DEOPT PACKING pc=0x00000279535173e5 sp=0x000000d30d3fe980
Event: 0.752 Thread 0x000002794a737000 DEOPT UNPACKING pc=0x0000027952f2964e sp=0x000000d30d3fdde0 mode 0
Event: 0.756 Thread 0x000002794a737000 Uncommon trap: trap_request=0xffffff45 fr.pc=0x000002795a9ce7dc relative=0x000000000000003c
Event: 0.756 Thread 0x000002794a737000 Uncommon trap: reason=unstable_if action=reinterpret pc=0x000002795a9ce7dc method=sun.nio.fs.WindowsPathParser.isSlash(C)Z @ 9 c2
Event: 0.756 Thread 0x000002794a737000 DEOPT PACKING pc=0x000002795a9ce7dc sp=0x000000d30d3fec00
Event: 0.756 Thread 0x000002794a737000 DEOPT UNPACKING pc=0x0000027952f2912f sp=0x000000d30d3feb88 mode 2
Event: 0.759 Thread 0x000002794a737000 DEOPT PACKING pc=0x000002795350e7d0 sp=0x000000d30d3fe950
Event: 0.759 Thread 0x000002794a737000 DEOPT UNPACKING pc=0x0000027952f2964e sp=0x000000d30d3fddd8 mode 0
Event: 1.451 Thread 0x000002794a737000 Uncommon trap: trap_request=0xffffff45 fr.pc=0x000002795a9eab34 relative=0x00000000000002f4
Event: 1.451 Thread 0x000002794a737000 Uncommon trap: reason=unstable_if action=reinterpret pc=0x000002795a9eab34 method=java.lang.String.regionMatches(ILjava/lang/String;II)Z @ 32 c2
Event: 1.451 Thread 0x000002794a737000 DEOPT PACKING pc=0x000002795a9eab34 sp=0x000000d30d3fea20
Event: 1.451 Thread 0x000002794a737000 DEOPT UNPACKING pc=0x0000027952f2912f sp=0x000000d30d3fe9a0 mode 2

Classes unloaded (0 events):
No events

Classes redefined (0 events):
No events

Internal exceptions (20 events):
Event: 0.762 Thread 0x000002794a737000 Exception <a 'sun/nio/fs/WindowsException'{0x00000000c2236878}> (0x00000000c2236878) 
thrown [./open/src/hotspot/share/prims/jni.cpp, line 599]
Event: 0.762 Thread 0x000002794a737000 Exception <a 'sun/nio/fs/WindowsException'{0x00000000c2236cb8}> (0x00000000c2236cb8) 
thrown [./open/src/hotspot/share/prims/jni.cpp, line 599]
Event: 0.763 Thread 0x000002794a737000 Exception <a 'sun/nio/fs/WindowsException'{0x00000000c2237100}> (0x00000000c2237100) 
thrown [./open/src/hotspot/share/prims/jni.cpp, line 599]
Event: 0.763 Thread 0x000002794a737000 Exception <a 'sun/nio/fs/WindowsException'{0x00000000c2237528}> (0x00000000c2237528) 
thrown [./open/src/hotspot/share/prims/jni.cpp, line 599]
Event: 0.763 Thread 0x000002794a737000 Exception <a 'sun/nio/fs/WindowsException'{0x00000000c2237978}> (0x00000000c2237978) 
thrown [./open/src/hotspot/share/prims/jni.cpp, line 599]
Event: 0.763 Thread 0x000002794a737000 Exception <a 'sun/nio/fs/WindowsException'{0x00000000c2237dc0}> (0x00000000c2237dc0) 
thrown [./open/src/hotspot/share/prims/jni.cpp, line 599]
Event: 0.787 Thread 0x000002794a737000 Exception <a 'sun/nio/fs/WindowsException'{0x00000000c2286bf0}> (0x00000000c2286bf0) 
thrown [./open/src/hotspot/share/prims/jni.cpp, line 599]
Event: 0.853 Thread 0x000002794a737000 Exception <a 'sun/nio/fs/WindowsException'{0x00000000c23f5b20}> (0x00000000c23f5b20) 
thrown [./open/src/hotspot/share/prims/jni.cpp, line 599]
Event: 0.859 Thread 0x000002794a737000 Exception <a 'sun/nio/fs/WindowsException'{0x00000000c23053d0}> (0x00000000c23053d0) 
thrown [./open/src/hotspot/share/prims/jni.cpp, line 599]
Event: 0.860 Thread 0x000002794a737000 Exception <a 'sun/nio/fs/WindowsException'{0x00000000c2305af8}> (0x00000000c2305af8) 
thrown [./open/src/hotspot/share/prims/jni.cpp, line 599]
Event: 0.860 Thread 0x000002794a737000 Exception <a 'sun/nio/fs/WindowsException'{0x00000000c2306690}> (0x00000000c2306690) 
thrown [./open/src/hotspot/share/prims/jni.cpp, line 599]
Event: 0.860 Thread 0x000002794a737000 Exception <a 'sun/nio/fs/WindowsException'{0x00000000c2306960}> (0x00000000c2306960) 
thrown [./open/src/hotspot/share/prims/jni.cpp, line 599]
Event: 0.887 Thread 0x000002794a737000 Exception <a 'java/lang/NoSuchMethodError'{0x00000000c2351cd0}: 'void java.lang.invoke.DirectMethodHandle$Holder.invokeSpecial(java.lang.Object, java.lang.Object, java.lang.Object, java.lang.Object)'> (0x00000000c2351cd0) 
thrown [./open/src/hotspot/share/interpreter/linkResolver.cpp, line 766]
Event: 0.888 Thread 0x000002794a737000 Exception <a 'java/lang/NoSuchMethodError'{0x00000000c23580a0}: 'int java.lang.invoke.DirectMethodHandle$Holder.invokeVirtual(java.lang.Object, java.lang.Object, java.lang.Object)'> (0x00000000c23580a0) 
thrown [./open/src/hotspot/share/interpreter/linkResolver.cpp, line 766]
Event: 0.916 Thread 0x000002794a737000 Exception <a 'java/lang/NoSuchMethodError'{0x00000000c2398e80}: 'int java.lang.invoke.DirectMethodHandle$Holder.invokeSpecialIFC(java.lang.Object, java.lang.Object, int)'> (0x00000000c2398e80) 
thrown [./open/src/hotspot/share/interpreter/linkResolver.cpp, line 766]
Event: 1.155 Thread 0x000002794a737000 Exception <a 'java/lang/NoSuchMethodError'{0x00000000c21aec40}: 'int java.lang.invoke.DirectMethodHandle$Holder.invokeStaticInit(java.lang.Object, java.lang.Object)'> (0x00000000c21aec40) 
thrown [./open/src/hotspot/share/interpreter/linkResolver.cpp, line 766]
Event: 1.306 Thread 0x000002794a737000 Exception <a 'java/lang/NoSuchMethodError'{0x00000000c23713c8}: 'int java.lang.invoke.DirectMethodHandle$Holder.invokeVirtual(java.lang.Object, java.lang.Object)'> (0x00000000c23713c8) 
thrown [./open/src/hotspot/share/interpreter/linkResolver.cpp, line 766]
Event: 1.322 Thread 0x000002794a737000 Exception <a 'java/lang/NoSuchMethodError'{0x00000000c239f558}: 'java.lang.Object java.lang.invoke.Invokers$Holder.linkToTargetMethod(java.lang.Object, java.lang.Object, java.lang.Object, java.lang.Object, java.lang.Object, java.lang.Object)'> (0x00000000c239f558) 
thrown [./open/src/hotspot/share/interpreter/linkResolver.cpp, line 766]
Event: 1.349 Thread 0x000002794a737000 Exception <a 'sun/nio/fs/WindowsException'{0x00000000c23efdf0}> (0x00000000c23efdf0) 
thrown [./open/src/hotspot/share/prims/jni.cpp, line 599]
Event: 1.349 Thread 0x000002794a737000 Exception <a 'sun/nio/fs/WindowsException'{0x00000000c23f0280}> (0x00000000c23f0280) 
thrown [./open/src/hotspot/share/prims/jni.cpp, line 599]

Events (20 events):
Event: 1.356 loading class jdk/internal/jimage/ImageReader$Directory done
Event: 1.356 loading class jdk/internal/jrtfs/SystemImage$1
Event: 1.356 loading class jdk/internal/jrtfs/SystemImage$1 done
Event: 1.390 loading class jdk/internal/access/foreign/MemorySegmentProxy
Event: 1.390 loading class jdk/internal/access/foreign/MemorySegmentProxy done
Event: 1.451 loading class java/net/URLClassLoader$3
Event: 1.457 loading class java/net/URLClassLoader$3 done
Event: 1.457 loading class java/net/URLClassLoader$3$1
Event: 1.461 loading class java/net/URLClassLoader$3$1 done
Event: 1.462 loading class sun/nio/cs/ThreadLocalCoders
Event: 1.462 loading class sun/nio/cs/ThreadLocalCoders done
Event: 1.462 loading class sun/nio/cs/ThreadLocalCoders$1
Event: 1.462 loading class sun/nio/cs/ThreadLocalCoders$Cache
Event: 1.462 loading class sun/nio/cs/ThreadLocalCoders$Cache done
Event: 1.462 loading class sun/nio/cs/ThreadLocalCoders$1 done
Event: 1.462 loading class sun/nio/cs/ThreadLocalCoders$2
Event: 1.462 loading class sun/nio/cs/ThreadLocalCoders$2 done
Event: 1.485 Executing VM operation: G1CollectForAllocation
Event: 1.488 Executing VM operation: G1CollectForAllocation done
Event: 1.508 Executing VM operation: G1CollectForAllocation


Dynamic libraries:
0x00007ff7bb250000 - 0x00007ff7bb257000 	C:\Program Files\Java\jdk-14.0.2\bin\javac.exe
0x00007ff94b0f0000 - 0x00007ff94b2e5000 	C:\WINDOWS\SYSTEM32\ntdll.dll
0x00007ff94aae0000 - 0x00007ff94ab9d000 	C:\WINDOWS\System32\KERNEL32.DLL
0x00007ff948d50000 - 0x00007ff949017000 	C:\WINDOWS\System32\KERNELBASE.dll
0x00007ff948b70000 - 0x00007ff948c70000 	C:\WINDOWS\System32\ucrtbase.dll
0x00007ff9214a0000 - 0x00007ff9214b5000 	C:\Program Files\Java\jdk-14.0.2\bin\VCRUNTIME140.dll
0x00007ff939d30000 - 0x00007ff939d48000 	C:\Program Files\Java\jdk-14.0.2\bin\jli.dll
0x00007ff94aed0000 - 0x00007ff94af7a000 	C:\WINDOWS\System32\ADVAPI32.dll
0x00007ff949ab0000 - 0x00007ff949b4e000 	C:\WINDOWS\System32\msvcrt.dll
0x00007ff949600000 - 0x00007ff94969b000 	C:\WINDOWS\System32\sechost.dll
0x00007ff94aba0000 - 0x00007ff94acc4000 	C:\WINDOWS\System32\RPCRT4.dll
0x00007ff94a940000 - 0x00007ff94aae0000 	C:\WINDOWS\System32\USER32.dll
0x00007ff9488d0000 - 0x00007ff9488f2000 	C:\WINDOWS\System32\win32u.dll
0x00007ff94a910000 - 0x00007ff94a93a000 	C:\WINDOWS\System32\GDI32.dll
0x00007ff948a60000 - 0x00007ff948b69000 	C:\WINDOWS\System32\gdi32full.dll
0x00007ff948830000 - 0x00007ff9488cd000 	C:\WINDOWS\System32\msvcp_win.dll
0x00007ff9371c0000 - 0x00007ff93745b000 	C:\WINDOWS\WinSxS\amd64_microsoft.windows.common-controls_6595b64144ccf1df_6.0.19041.488_none_ca04af081b815d21\COMCTL32.dll
0x00007ff938370000 - 0x00007ff93837a000 	C:\WINDOWS\SYSTEM32\VERSION.dll
0x00007ff949150000 - 0x00007ff949180000 	C:\WINDOWS\System32\IMM32.DLL
0x00007ff915c00000 - 0x00007ff915c9b000 	C:\Program Files\Java\jdk-14.0.2\bin\msvcp140.dll
0x00007ff910330000 - 0x00007ff910e4e000 	C:\Program Files\Java\jdk-14.0.2\bin\server\jvm.dll
0x00007ff949e10000 - 0x00007ff949e18000 	C:\WINDOWS\System32\PSAPI.DLL
0x00007ff9336d0000 - 0x00007ff9336d9000 	C:\WINDOWS\SYSTEM32\WSOCK32.dll
0x00007ff94a090000 - 0x00007ff94a0fb000 	C:\WINDOWS\System32\WS2_32.dll
0x00007ff93a380000 - 0x00007ff93a3a7000 	C:\WINDOWS\SYSTEM32\WINMM.dll
0x00007ff946790000 - 0x00007ff9467a3000 	C:\WINDOWS\SYSTEM32\kernel.appcore.dll
0x00007ff9326a0000 - 0x00007ff9326aa000 	C:\Program Files\Java\jdk-14.0.2\bin\jimage.dll
0x00007ff945eb0000 - 0x00007ff946094000 	C:\WINDOWS\SYSTEM32\DBGHELP.DLL
0x00007ff935f00000 - 0x00007ff935f2c000 	C:\WINDOWS\SYSTEM32\dbgcore.DLL
0x00007ff9490d0000 - 0x00007ff94914f000 	C:\WINDOWS\System32\bcryptPrimitives.dll
0x00007ff91c790000 - 0x00007ff91c7b5000 	C:\Program Files\Java\jdk-14.0.2\bin\java.dll
0x00007ff920e60000 - 0x00007ff920e76000 	C:\Program Files\Java\jdk-14.0.2\bin\zip.dll
0x00007ff94a100000 - 0x00007ff94a841000 	C:\WINDOWS\System32\SHELL32.dll
0x00007ff946990000 - 0x00007ff947123000 	C:\WINDOWS\SYSTEM32\windows.storage.dll
0x00007ff9496a0000 - 0x00007ff9499f5000 	C:\WINDOWS\System32\combase.dll
0x00007ff9482a0000 - 0x00007ff9482cc000 	C:\WINDOWS\SYSTEM32\Wldp.dll
0x00007ff949d00000 - 0x00007ff949dae000 	C:\WINDOWS\System32\SHCORE.dll
0x00007ff949db0000 - 0x00007ff949e05000 	C:\WINDOWS\System32\shlwapi.dll
0x00007ff948760000 - 0x00007ff948786000 	C:\WINDOWS\SYSTEM32\profapi.dll
0x00007ff920250000 - 0x00007ff920269000 	C:\Program Files\Java\jdk-14.0.2\bin\net.dll
0x00007ff93a8d0000 - 0x00007ff93a9d0000 	C:\WINDOWS\SYSTEM32\WINHTTP.dll
0x00007ff948020000 - 0x00007ff94808a000 	C:\WINDOWS\system32\mswsock.dll
0x00007ff91cf90000 - 0x00007ff91cfa2000 	C:\Program Files\Java\jdk-14.0.2\bin\nio.dll

dbghelp: loaded successfully - version: 4.0.5 - missing functions: none
symbol engine: initialized successfully - sym options: 0x614 - pdb path: .;C:\Program Files\Java\jdk-14.0.2\bin;C:\WINDOWS\SYSTEM32;C:\WINDOWS\WinSxS\amd64_microsoft.windows.common-controls_6595b64144ccf1df_6.0.19041.488_none_ca04af081b815d21;C:\Program Files\Java\jdk-14.0.2\bin\server

VM Arguments:
jvm_args: -Dapplication.home=C:\Program Files\Java\jdk-14.0.2 --add-modules=ALL-DEFAULT -Xms8m -Djdk.module.main=jdk.compiler 
java_command: jdk.compiler/com.sun.tools.javac.Main -d C:\JAVA4\FPOLY_DA1_Vu_Hoang_Phuc_1\FPOLY_DA1\build\classes -classpath C:\JAVA4\FPOLY_DA1_Vu_Hoang_Phuc_1\FPOLY_DA1\build\classes;C:\Program Files\NetBeans-12.1\netbeans\java\modules\ext\AbsoluteLayout.jar;C:\Users\nguye\Downloads\javax.mail.jar;C:\JAVA4\FPOLY_DA1_Vu_Hoang_Phuc_1\FPOLY_DA1\src\lib\AnimatonClass.jar;C:\JAVA4\FPOLY_DA1_Vu_Hoang_Phuc_1\FPOLY_DA1\src\lib\JPlanner.jar;C:\JAVA4\FPOLY_DA1_Vu_Hoang_Phuc_1\FPOLY_DA1\src\lib\SparseBitSet-1.2.jar;C:\JAVA4\FPOLY_DA1_Vu_Hoang_Phuc_1\FPOLY_DA1\src\lib\activation-1.1.1.jar;C:\JAVA4\FPOLY_DA1_Vu_Hoang_Phuc_1\FPOLY_DA1\src\lib\bridj-0.6.2-windows-only.jar;C:\JAVA4\FPOLY_DA1_Vu_Hoang_Phuc_1\FPOLY_DA1\src\lib\commons-beanutils-1.8.3.jar;C:\JAVA4\FPOLY_DA1_Vu_Hoang_Phuc_1\FPOLY_DA1\src\lib\commons-codec-1.13.jar;C:\JAVA4\FPOLY_DA1_Vu_Hoang_Phuc_1\FPOLY_DA1\src\lib\commons-collections-3.2.1-1.0.0.jar;C:\JAVA4\FPOLY_DA1_Vu_Hoang_Phuc_1\FPOLY_DA1\src\lib\commons-collections4-4.4.jar;C:\JAVA4\FPOLY_DA1_Vu_Hoang_Phuc_1\FPOLY_DA1\src\lib\commons-compress-1.19.jar;C:\JAVA4\FPOLY_DA1_Vu_Hoang_Phuc_1\FPOLY_DA1\src\lib\commons-digester-2.1.jar;C:\JAVA4\FPOLY_DA1_Vu_Hoang_Phuc_1\FPOLY_DA1\src\lib\commons-digester3-3.2-javadoc.jar;C:\JAVA4\FPOLY_DA1_Vu_Hoang_Phuc_1\FPOLY_DA1\src\lib\commons-digester3-3.2-sources.jar;C:\JAVA4\FPOLY_DA1_Vu_Hoang_Phuc_1\FPOLY_DA1\src\lib\commons-digester3-3.2-with-deps.jar;C:\JAVA4\FPOLY_DA1_Vu_Hoang_Phuc_1\FPOLY_DA1\src\lib\commons-digester3-3.2.jar;C:\JAVA4\FPOLY_DA1_Vu_Hoang_Phuc_1\FPOLY_DA1\src\lib\commons-logging-1.2.jar;C:\JAVA4\FPOLY_DA1_Vu_Hoang_Phuc_1\FPOLY_DA1\src\lib\commons-logging-api-1.1.jar;C:\JAVA4\FPOLY_DA1_Vu_Hoang_Phuc_1\FPOLY_DA1\src\lib\commons-math3-3.6.1.jar;C:\JAVA4\FPOLY_DA1_Vu_Hoang_Phuc_1\FPOLY_DA1\src\lib\core-3.3.0.jar;C:\JAVA4\FPOLY_DA1_Vu_Hoang_Phuc_1\FPOLY_DA1\src\lib\curvesapi-1.06.jar;C:\JAVA4\FPOLY_DA1_Vu_Hoang_Phuc_1\FPOLY_DA1\src\lib\groovy-all-2.1.3.jar;C:\JAVA4\FPOLY_DA1_Vu_Hoang_Phuc_1\FPOLY_DA1\src\lib\it
java_class_path (initial): <not set>
Launcher Type: SUN_STANDARD

[Global flags]
     intx CICompilerCount                          = 3                                         {product} {ergonomic}
     uint ConcGCThreads                            = 1                                         {product} {ergonomic}
     uint G1ConcRefinementThreads                  = 4                                         {product} {ergonomic}
   size_t G1HeapRegionSize                         = 1048576                                   {product} {ergonomic}
    uintx GCDrainStackTargetSize                   = 64                                        {product} {ergonomic}
   size_t InitialHeapSize                          = 8388608                                   {product} {command line}
   size_t MarkStackSize                            = 4194304                                   {product} {ergonomic}
   size_t MaxHeapSize                              = 1044381696                                {product} {ergonomic}
   size_t MaxNewSize                               = 625999872                                 {product} {ergonomic}
   size_t MinHeapDeltaBytes                        = 1048576                                   {product} {ergonomic}
   size_t MinHeapSize                              = 8388608                                   {product} {command line}
    uintx NonNMethodCodeHeapSize                   = 5832780                                {pd product} {ergonomic}
    uintx NonProfiledCodeHeapSize                  = 122912730                              {pd product} {ergonomic}
    uintx ProfiledCodeHeapSize                     = 122912730                              {pd product} {ergonomic}
    uintx ReservedCodeCacheSize                    = 251658240                              {pd product} {ergonomic}
     bool SegmentedCodeCache                       = true                                      {product} {ergonomic}
   size_t SoftMaxHeapSize                          = 1044381696                             {manageable} {ergonomic}
     bool UseCompressedClassPointers               = true                                 {lp64_product} {ergonomic}
     bool UseCompressedOops                        = true                                 {lp64_product} {ergonomic}
     bool UseG1GC                                  = true                                      {product} {ergonomic}
     bool UseLargePagesIndividualAllocation        = false                                  {pd product} {ergonomic}

Logging:
Log output configuration:
 #0: stdout all=warning uptime,level,tags
 #1: stderr all=off uptime,level,tags

Environment Variables:
PATH=C:\Program Files (x86)\Common Files\Oracle\Java\javapath;C:\WINDOWS\system32;C:\WINDOWS;C:\WINDOWS\System32\Wbem;C:\WINDOWS\System32\WindowsPowerShell\v1.0\;C:\WINDOWS\System32\OpenSSH\;C:\Program Files\Microsoft SQL Server\Client SDK\ODBC\170\Tools\Binn\;C:\Program Files (x86)\Microsoft SQL Server\150\Tools\Binn\;C:\Program Files\Microsoft SQL Server\150\Tools\Binn\;C:\Program Files\Microsoft SQL Server\150\DTS\Binn\;C:\Program Files (x86)\Microsoft SQL Server\150\DTS\Binn\;C:\Users\nguye\AppData\Local\Microsoft\WindowsApps;C:\Users\nguye\AppData\Local\Programs\Microsoft VS Code\bin;C:\Program Files\JetBrains\IntelliJ IDEA 2020.2.2\bin;;C:\Program Files\JetBrains\PyCharm Community Edition 2020.2.3\bin;
USERNAME=nguye
OS=Windows_NT
PROCESSOR_IDENTIFIER=Intel64 Family 6 Model 142 Stepping 12, GenuineIntel



---------------  S Y S T E M  ---------------

OS: Windows 10 , 64 bit Build 19041 (10.0.19041.292)
OS uptime: 1 days 8:24 hours

CPU:total 4 (initial active 4) (2 cores per cpu, 2 threads per core) family 6 model 142 stepping 12, cmov, cx8, fxsr, mmx, sse, sse2, sse3, ssse3, sse4.1, sse4.2, popcnt, avx, avx2, aes, clmul, erms, 3dnowpref, lzcnt, ht, tsc, tscinvbit, bmi1, bmi2, adx, fma

Memory: 4k page, system-wide physical 3976M (283M free)
TotalPageFile size 16264M (AvailPageFile size 0M)
current process WorkingSet (physical memory assigned to process): 55M, peak: 55M
current process commit charge ("private bytes"): 91M, peak: 93M

vm_info: Java HotSpot(TM) 64-Bit Server VM (14.0.2+12-46) for windows-amd64 JRE (14.0.2+12-46), built on Jul  9 2020 00:35:52 by "mach5one" with MS VC++ 15.9 (VS2017)

END.
