#
# There is insufficient memory for the Java Runtime Environment to continue.
# Native memory allocation (malloc) failed to allocate 155920 bytes for Chunk::new
# Possible reasons:
#   The system is out of physical RAM or swap space
#   The process is running with CompressedOops enabled, and the Java Heap may be blocking the growth of the native heap
# Possible solutions:
#   Reduce memory load on the system
#   Increase physical memory or swap space
#   Check if swap backing store is full
#   Decrease Java heap size (-Xmx/-Xms)
#   Decrease number of Java threads
#   Decrease Java thread stack sizes (-Xss)
#   Set larger code cache with -XX:ReservedCodeCacheSize=
#   JVM is running with Unscaled Compressed Oops mode in which the Java heap is
#     placed in the first 4GB address space. The Java Heap base address is the
#     maximum limit for the native heap growth. Please use -XX:HeapBaseMinAddress
#     to set the Java Heap base and to place the Java Heap above 4GB virtual address.
# This output file may be truncated or incomplete.
#
#  Out of Memory Error (./open/src/hotspot/share/memory/arena.cpp:195), pid=8936, tid=18416
#
# JRE version: Java(TM) SE Runtime Environment (14.0.2+12) (build 14.0.2+12-46)
# Java VM: Java HotSpot(TM) 64-Bit Server VM (14.0.2+12-46, mixed mode, sharing, tiered, compressed oops, g1 gc, windows-amd64)
# No core dump will be written. Minidumps are not enabled by default on client versions of Windows
#

---------------  S U M M A R Y ------------

Command Line: -Dapplication.home=C:\Program Files\Java\jdk-14.0.2 --add-modules=ALL-DEFAULT -Xms8m -Djdk.module.main=jdk.compiler jdk.compiler/com.sun.tools.javac.Main -d C:\JAVA4\FPOLY_DA1_Vu_Hoang_Phuc_1\FPOLY_DA1\build\classes -classpath C:\JAVA4\FPOLY_DA1_Vu_Hoang_Phuc_1\FPOLY_DA1\build\classes;C:\Program Files\NetBeans-12.1\netbeans\java\modules\ext\AbsoluteLayout.jar;C:\Users\nguye\Downloads\javax.mail.jar;C:\JAVA4\FPOLY_DA1_Vu_Hoang_Phuc_1\FPOLY_DA1\src\lib\AnimatonClass.jar;C:\JAVA4\FPOLY_DA1_Vu_Hoang_Phuc_1\FPOLY_DA1\src\lib\JPlanner.jar;C:\JAVA4\FPOLY_DA1_Vu_Hoang_Phuc_1\FPOLY_DA1\src\lib\SparseBitSet-1.2.jar;C:\JAVA4\FPOLY_DA1_Vu_Hoang_Phuc_1\FPOLY_DA1\src\lib\activation-1.1.1.jar;C:\JAVA4\FPOLY_DA1_Vu_Hoang_Phuc_1\FPOLY_DA1\src\lib\bridj-0.6.2-windows-only.jar;C:\JAVA4\FPOLY_DA1_Vu_Hoang_Phuc_1\FPOLY_DA1\src\lib\commons-beanutils-1.8.3.jar;C:\JAVA4\FPOLY_DA1_Vu_Hoang_Phuc_1\FPOLY_DA1\src\lib\commons-codec-1.13.jar;C:\JAVA4\FPOLY_DA1_Vu_Hoang_Phuc_1\FPOLY_DA1\src\lib\commons-collections-3.2.1-1.0.0.jar;C:\JAVA4\FPOLY_DA1_Vu_Hoang_Phuc_1\FPOLY_DA1\src\lib\commons-collections4-4.4.jar;C:\JAVA4\FPOLY_DA1_Vu_Hoang_Phuc_1\FPOLY_DA1\src\lib\commons-compress-1.19.jar;C:\JAVA4\FPOLY_DA1_Vu_Hoang_Phuc_1\FPOLY_DA1\src\lib\commons-digester-2.1.jar;C:\JAVA4\FPOLY_DA1_Vu_Hoang_Phuc_1\FPOLY_DA1\src\lib\commons-digester3-3.2-javadoc.jar;C:\JAVA4\FPOLY_DA1_Vu_Hoang_Phuc_1\FPOLY_DA1\src\lib\commons-digester3-3.2-sources.jar;C:\JAVA4\FPOLY_DA1_Vu_Hoang_Phuc_1\FPOLY_DA1\src\lib\commons-digester3-3.2-with-deps.jar;C:\JAVA4\FPOLY_DA1_Vu_Hoang_Phuc_1\FPOLY_DA1\src\lib\commons-digester3-3.2.jar;C:\JAVA4\FPOLY_DA1_Vu_Hoang_Phuc_1\FPOLY_DA1\src\lib\commons-logging-1.2.jar;C:\JAVA4\FPOLY_DA1_Vu_Hoang_Phuc_1\FPOLY_DA1\src\lib\commons-logging-api-1.1.jar;C:\JAVA4\FPOLY_DA1_Vu_Hoang_Phuc_1\FPOLY_DA1\src\lib\commons-math3-3.6.1.jar;C:\JAVA4\FPOLY_DA1_Vu_Hoang_Phuc_1\FPOLY_DA1\src\lib\core-3.3.0.jar;C:\JAVA4\FPOLY_DA1_Vu_Hoang_Phuc_1\FPOLY_DA1\src\lib\curvesapi-1.06.jar;C:\JAVA4\FPOLY_DA1_Vu_Hoang_Phuc_1\FPOLY_DA1\src\lib\groovy-all-2.1.3.jar;C:\JAVA4\FPOLY_DA1_Vu_Hoang_Phuc_1\FPOLY_DA1\src\lib\itext-2.1.7.jar;C:\JAVA4\FPOLY_DA1_Vu_Hoang_Phuc_1\FPOLY_DA1\src\lib\itext-pdfa-5.4.0.jar;C:\JAVA4\FPOLY_DA1_Vu_Hoang_Phuc_1\FPOLY_DA1\src\lib\itextpdf-5.3.4.jar;C:\JAVA4\FPOLY_DA1_Vu_Hoang_Phuc_1\FPOLY_DA1\src\lib\jasperreports-6.10.0.jar;C:\JAVA4\FPOLY_DA1_Vu_Hoang_Phuc_1\FPOLY_DA1\src\lib\jasperreports-fonts-6.10.0.jar;C:\JAVA4\FPOLY_DA1_Vu_Hoang_Phuc_1\FPOLY_DA1\src\lib\jasperreports-fonts-6.14.0.jar;C:\JAVA4\FPOLY_DA1_Vu_Hoang_Phuc_1\FPOLY_DA1\src\lib\jasperreports-javaflow.jar;C:\JAVA4\FPOLY_DA1_Vu_Hoang_Phuc_1\FPOLY_DA1\src\lib\javase-3.3.0.jar;C:\JAVA4\FPOLY_DA1_Vu_Hoang_Phuc_1\FPOLY_DA1\src\lib\javax.mail.jar;C:\JAVA4\FPOLY_DA1_Vu_Hoang_Phuc_1\FPOLY_DA1\src\lib\jaxb-api-2.3.1.jar;C:\JAVA4\FPOLY_DA1_Vu_Hoang_Phuc_1\FPOLY_DA1\src\lib\jaxb-core-2.3.0.1.jar;C:\JAVA4\FPOLY_DA1_Vu_Hoang_Phuc_1\FPOLY_DA1\src\lib\jaxb-impl-2.3.2.jar;C:\JAVA4\FPOLY_DA1_Vu_Hoang_Phuc_1\FPOLY_DA1\src\lib\jcommon-1.0.23.jar;C:\JAVA4\FPOLY_DA1_Vu_Hoang_Phuc_1\FPOLY_DA1\src\lib\jfreechart-1.0.19.jar;C:\JAVA4\FPOLY_DA1_Vu_Hoang_Phuc_1\FPOLY_DA1\src\lib\junit-4.12.jar;C:\JAVA4\FPOLY_DA1_Vu_Hoang_Phuc_1\FPOLY_DA1\src\lib\log4j-1.2.17.jar;C:\JAVA4\FPOLY_DA1_Vu_Hoang_Phuc_1\FPOLY_DA1\src\lib\org-jdesktop-layout.jar;C:\JAVA4\FPOLY_DA1_Vu_Hoang_Phuc_1\FPOLY_DA1\src\lib\poi-4.1.2.jar;C:\JAVA4\FPOLY_DA1_Vu_Hoang_Phuc_1\FPOLY_DA1\src\lib\poi-examples-4.1.2.jar;C:\JAVA4\FPOLY_DA1_Vu_Hoang_Phuc_1\FPOLY_DA1\src\lib\poi-excelant-4.1.2.jar;C:\JAVA4\FPOLY_DA1_Vu_Hoang_Phuc_1\FPOLY_DA1\src\lib\poi-ooxml-4.1.2.jar;C:\JAVA4\FPOLY_DA1_Vu_Hoang_Phuc_1\FPOLY_DA1\src\lib\poi-ooxml-schemas-4.1.2.jar;C:\JAVA4\FPOLY_DA1_Vu_Hoang_Phuc_1\FPOLY_DA1\src\lib\poi-scratchpad-4.1.2.jar;C:\JAVA4\FPOLY_DA1_Vu_Hoang_Phuc_1\FPOLY_DA1\src\lib\slf4j-api-1.6.2.jar;C:\JAVA4\FPOLY_DA1_Vu_Hoang_Phuc_1\FPOLY_DA1\src\lib\slf4j-log4j12-1.6.2.jar;C:\JAVA4\FPOLY_DA1_Vu_Hoang_Phuc_1\FPOLY_DA1\src\lib\sqljdbc4.jar;C:\JAVA4\FPOLY_DA1_Vu_Hoang_Phuc_1\FPOLY_DA1\src\lib\webcam-capture-0.3.12.jar;C:\JAVA4\FPOLY_DA1_Vu_Hoang_Phuc_1\FPOLY_DA1\src\lib\xmlbeans-3.1.0.jar;C:\JAVA4\FPOLY_DA1_Vu_Hoang_Phuc_1\FPOLY_DA1\src\lib\jcalendar-1.4.jar;C:\JAVA4\FPOLY_DA1_Vu_Hoang_Phuc_1\FPOLY_DA1\src\lib\KControls.jar;C:\JAVA4\FPOLY_DA1_Vu_Hoang_Phuc_1\FPOLY_DA1\src\lib\KGradientPanel.jar;C:\JAVA4\lib\jaco-mp3-player-0.9.3.jar -sourcepath C:\JAVA4\FPOLY_DA1_Vu_Hoang_Phuc_1\FPOLY_DA1\src -target 13 -encoding UTF-8 -g -processorpath C:\Program Files\NetBeans-12.1\netbeans\java\modules\ext\AbsoluteLayout.jar;C:\Java\Thu vi?n\AbsoluteLayout.jar;C:\Java\Thu vi?n\mysql-connector-java-5.1.15-bin.jar;C:\Java\Thu vi?n\sqljdbc4.jar;C:\Java\Thu vi?n\swing-layout-1.0.4.jar;C:\Users\nguye\Downloads\javax.mail.jar;C:\Users\nguye\Downloads\javax.mail (1).jar;C:\JAVA4\FPOLY_DA1_Vu_Hoang_Phuc_1\FPOLY_DA1\src\lib\AnimatonClass.jar;C:\JAVA4\FPOLY_DA1_Vu_Hoang_Phuc_1\FPOLY_DA1\src\lib\JPlanner.jar;C:\JAVA4\FPOLY_DA1_Vu_Hoang_Phuc_1\FPOLY_DA1\src\lib\SparseBitSet-1.2.jar;C:\JAVA4\FPOLY_DA1_Vu_Hoang_Phuc_1\FPOLY_DA1\src\lib\activation-1.1.1.jar;C:\JAVA4\FPOLY_DA1_Vu_Hoang_Phuc_1\FPOLY_DA1\src\lib\bridj-0.6.2-windows-only.jar;C:\JAVA4\FPOLY_DA1_Vu_Hoang_Phuc_1\FPOLY_DA1\src\lib\commons-beanutils-1.8.3.jar;C:\JAVA4\FPOLY_DA1_Vu_Hoang_Phuc_1\FPOLY_DA1\src\lib\commons-codec-1.13.jar;C:\JAVA4\FPOLY_DA1_Vu_Hoang_Phuc_1\FPOLY_DA1\src\lib\commons-collections-3.2.1-1.0.0.jar;C:\JAVA4\FPOLY_DA1_Vu_Hoang_Phuc_1\FPOLY_DA1\src\lib\commons-collections4-4.4.jar;C:\JAVA4\FPOLY_DA1_Vu_Hoang_Phuc_1\FPOLY_DA1\src\lib\commons-compress-1.19.jar;C:\JAVA4\FPOLY_DA1_Vu_Hoang_Phuc_1\FPOLY_DA1\src\lib\commons-digester-2.1.jar;C:\JAVA4\FPOLY_DA1_Vu_Hoang_Phuc_1\FPOLY_DA1\src\lib\commons-digester3-3.2-javadoc.jar;C:\JAVA4\FPOLY_DA1_Vu_Hoang_Phuc_1\FPOLY_DA1\src\lib\commons-digester3-3.2-sources.jar;C:\JAVA4\FPOLY_DA1_Vu_Hoang_Phuc_1\FPOLY_DA1\src\lib\commons-digester3-3.2-with-deps.jar;C:\JAVA4\FPOLY_DA1_Vu_Hoang_Phuc_1\FPOLY_DA1\src\lib\commons-digester3-3.2.jar;C:\JAVA4\FPOLY_DA1_Vu_Hoang_Phuc_1\FPOLY_DA1\src\lib\commons-logging-1.2.jar;C:\JAVA4\FPOLY_DA1_Vu_Hoang_Phuc_1\FPOLY_DA1\src\lib\commons-logging-api-1.1.jar;C:\JAVA4\FPOLY_DA1_Vu_Hoang_Phuc_1\FPOLY_DA1\src\lib\commons-math3-3.6.1.jar;C:\JAVA4\FPOLY_DA1_Vu_Hoang_Phuc_1\FPOLY_DA1\src\lib\core-3.3.0.jar;C:\JAVA4\FPOLY_DA1_Vu_Hoang_Phuc_1\FPOLY_DA1\src\lib\curvesapi-1.06.jar;C:\JAVA4\FPOLY_DA1_Vu_Hoang_Phuc_1\FPOLY_DA1\src\lib\groovy-all-2.1.3.jar;C:\JAVA4\FPOLY_DA1_Vu_Hoang_Phuc_1\FPOLY_DA1\src\lib\itext-2.1.7.jar;C:\JAVA4\FPOLY_DA1_Vu_Hoang_Phuc_1\FPOLY_DA1\src\lib\itext-pdfa-5.4.0.jar;C:\JAVA4\FPOLY_DA1_Vu_Hoang_Phuc_1\FPOLY_DA1\src\lib\itextpdf-5.3.4.jar;C:\JAVA4\FPOLY_DA1_Vu_Hoang_Phuc_1\FPOLY_DA1\src\lib\jasperreports-6.10.0.jar;C:\JAVA4\FPOLY_DA1_Vu_Hoang_Phuc_1\FPOLY_DA1\src\lib\jasperreports-fonts-6.10.0.jar;C:\JAVA4\FPOLY_DA1_Vu_Hoang_Phuc_1\FPOLY_DA1\src\lib\jasperreports-fonts-6.14.0.jar;C:\JAVA4\FPOLY_DA1_Vu_Hoang_Phuc_1\FPOLY_DA1\src\lib\jasperreports-javaflow.jar;C:\JAVA4\FPOLY_DA1_Vu_Hoang_Phuc_1\FPOLY_DA1\src\lib\javase-3.3.0.jar;C:\JAVA4\FPOLY_DA1_Vu_Hoang_Phuc_1\FPOLY_DA1\src\lib\javax.mail.jar;C:\JAVA4\FPOLY_DA1_Vu_Hoang_Phuc_1\FPOLY_DA1\src\lib\jaxb-api-2.3.1.jar;C:\JAVA4\FPOLY_DA1_Vu_Hoang_Phuc_1\FPOLY_DA1\src\lib\jaxb-core-2.3.0.1.jar;C:\JAVA4\FPOLY_DA1_Vu_Hoang_Phuc_1\FPOLY_DA1\src\lib\jaxb-impl-2.3.2.jar;C:\JAVA4\FPOLY_DA1_Vu_Hoang_Phuc_1\FPOLY_DA1\src\lib\jcommon-1.0.23.jar;C:\JAVA4\FPOLY_DA1_Vu_Hoang_Phuc_1\FPOLY_DA1\src\lib\jfreechart-1.0.19.jar;C:\JAVA4\FPOLY_DA1_Vu_Hoang_Phuc_1\FPOLY_DA1\src\lib\junit-4.12.jar;C:\JAVA4\FPOLY_DA1_Vu_Hoang_Phuc_1\FPOLY_DA1\src\lib\log4j-1.2.17.jar;C:\JAVA4\FPOLY_DA1_Vu_Hoang_Phuc_1\FPOLY_DA1\src\lib\org-jdesktop-layout.jar;C:\JAVA4\FPOLY_DA1_Vu_Hoang_Phuc_1\FPOLY_DA1\src\lib\poi-4.1.2.jar;C:\JAVA4\FPOLY_DA1_Vu_Hoang_Phuc_1\FPOLY_DA1\src\lib\poi-examples-4.1.2.jar;C:\JAVA4\FPOLY_DA1_Vu_Hoang_Phuc_1\FPOLY_DA1\src\lib\poi-excelant-4.1.2.jar;C:\JAVA4\FPOLY_DA1_Vu_Hoang_Phuc_1\FPOLY_DA1\src\lib\poi-ooxml-4.1.2.jar;C:\JAVA4\FPOLY_DA1_Vu_Hoang_Phuc_1\FPOLY_DA1\src\lib\poi-ooxml-schemas-4.1.2.jar;C:\JAVA4\FPOLY_DA1_Vu_Hoang_Phuc_1\FPOLY_DA1\src\lib\poi-scratchpad-4.1.2.jar;C:\JAVA4\FPOLY_DA1_Vu_Hoang_Phuc_1\FPOLY_DA1\src\lib\slf4j-api-1.6.2.jar;C:\JAVA4\FPOLY_DA1_Vu_Hoang_Phuc_1\FPOLY_DA1\src\lib\slf4j-log4j12-1.6.2.jar;C:\JAVA4\FPOLY_DA1_Vu_Hoang_Phuc_1\FPOLY_DA1\src\lib\sqljdbc4.jar;C:\JAVA4\FPOLY_DA1_Vu_Hoang_Phuc_1\FPOLY_DA1\src\lib\webcam-capture-0.3.12.jar;C:\JAVA4\FPOLY_DA1_Vu_Hoang_Phuc_1\FPOLY_DA1\src\lib\xmlbeans-3.1.0.jar;C:\JAVA4\FPOLY_DA1_Vu_Hoang_Phuc_1\FPOLY_DA1\src\lib\jcalendar-1.4.jar;C:\JAVA4\FPOLY_DA1_Vu_Hoang_Phuc_1\FPOLY_DA1\src\lib\KControls.jar;C:\JAVA4\FPOLY_DA1_Vu_Hoang_Phuc_1\FPOLY_DA1\src\lib\KGradientPanel.jar;C:\JAVA4\lib\jaco-mp3-player-0.9.3.jar;C:\JAVA4\FPOLY_DA1_Vu_Hoang_Phuc_1\FPOLY_DA1\build\empty -s C:\JAVA4\FPOLY_DA1_Vu_Hoang_Phuc_1\FPOLY_DA1\build\generated-sources\ap-source-output -source 13 @C:\Users\nguye\AppData\Local\Temp\files9789092114990416833

Host: Intel(R) Core(TM) i3-8145U CPU @ 2.10GHz, 4 cores, 3G,  Windows 10 , 64 bit Build 19041 (10.0.19041.292)
Time: Sat Dec  5 22:19:21 2020 SE Asia Standard Time elapsed time: 1 seconds (0d 0h 0m 1s)

---------------  T H R E A D  ---------------

Current thread (0x000002497c3de800):  JavaThread "C2 CompilerThread0" daemon [_thread_in_native, id=18416, stack(0x000000f1eb500000,0x000000f1eb600000)]


Current CompileTask:
C2:   1174  677       4       java.lang.StringLatin1::toLowerCase (186 bytes)

Stack: [0x000000f1eb500000,0x000000f1eb600000]
Native frames: (J=compiled Java code, j=interpreted, Vv=VM code, C=native code)
V  [jvm.dll+0x5f8a9a]
V  [jvm.dll+0x74247a]
V  [jvm.dll+0x743c2f]
V  [jvm.dll+0x744273]
V  [jvm.dll+0x20d288]
V  [jvm.dll+0xabb07]
V  [jvm.dll+0xac1fc]
V  [jvm.dll+0x31c495]
V  [jvm.dll+0x2e6b38]
V  [jvm.dll+0x2e5f3a]
V  [jvm.dll+0x1e5e16]
V  [jvm.dll+0x1e50b8]
V  [jvm.dll+0x1779cc]
V  [jvm.dll+0x1f4105]
V  [jvm.dll+0x1f22eb]
V  [jvm.dll+0x7070cd]
V  [jvm.dll+0x6ffeda]
V  [jvm.dll+0x5f78f6]
C  [ucrtbase.dll+0x214c2]
C  [KERNEL32.DLL+0x16fd4]
C  [ntdll.dll+0x4cec1]


---------------  P R O C E S S  ---------------

Threads class SMR info:
_java_thread_list=0x000002497c60a560, length=11, elements={
0x000002496cb76800, 0x000002496cc3d000, 0x000002496cc3e000, 0x000002497c3d8000,
0x000002497c3db000, 0x000002497c3dc000, 0x000002497c3de800, 0x000002497c3e1800,
0x000002497c459000, 0x000002497c603000, 0x000002497c65d000
}

Java Threads: ( => current thread )
  0x000002496cb76800 JavaThread "main" [_thread_in_vm, id=11124, stack(0x000000f1ea900000,0x000000f1eaa00000)]
  0x000002496cc3d000 JavaThread "Reference Handler" daemon [_thread_blocked, id=6460, stack(0x000000f1eb000000,0x000000f1eb100000)]
  0x000002496cc3e000 JavaThread "Finalizer" daemon [_thread_blocked, id=6212, stack(0x000000f1eb100000,0x000000f1eb200000)]
  0x000002497c3d8000 JavaThread "Signal Dispatcher" daemon [_thread_blocked, id=6868, stack(0x000000f1eb200000,0x000000f1eb300000)]
  0x000002497c3db000 JavaThread "Attach Listener" daemon [_thread_blocked, id=8868, stack(0x000000f1eb300000,0x000000f1eb400000)]
  0x000002497c3dc000 JavaThread "Service Thread" daemon [_thread_blocked, id=11064, stack(0x000000f1eb400000,0x000000f1eb500000)]
=>0x000002497c3de800 JavaThread "C2 CompilerThread0" daemon [_thread_in_native, id=18416, stack(0x000000f1eb500000,0x000000f1eb600000)]
  0x000002497c3e1800 JavaThread "C1 CompilerThread0" daemon [_thread_blocked, id=3800, stack(0x000000f1eb600000,0x000000f1eb700000)]
  0x000002497c459000 JavaThread "Sweeper thread" daemon [_thread_blocked, id=17212, stack(0x000000f1eb700000,0x000000f1eb800000)]
  0x000002497c603000 JavaThread "Common-Cleaner" daemon [_thread_blocked, id=17816, stack(0x000000f1eb800000,0x000000f1eb900000)]
  0x000002497c65d000 JavaThread "Notification Thread" daemon [_thread_blocked, id=9364, stack(0x000000f1eb900000,0x000000f1eba00000)]

Other Threads:
  0x000002496cc38800 VMThread "VM Thread" [stack: 0x000000f1eaf00000,0x000000f1eb000000] [id=14588]
  0x000002497c71e800 WatcherThread [stack: 0x000000f1eba00000,0x000000f1ebb00000] [id=17976]
  0x000002496cbaa800 GCTaskThread "GC Thread#0" [stack: 0x000000f1eaa00000,0x000000f1eab00000] [id=12064]
  0x000002497c7cc000 GCTaskThread "GC Thread#1" [stack: 0x000000f1ebb00000,0x000000f1ebc00000] [id=17772]
  0x000002496cbb4000 ConcurrentGCThread "G1 Main Marker" [stack: 0x000000f1eab00000,0x000000f1eac00000] [id=18152]
  0x000002496cbb5000 ConcurrentGCThread "G1 Conc#0" [stack: 0x000000f1eac00000,0x000000f1ead00000] [id=18076]
  0x000002496cbce000 ConcurrentGCThread "G1 Refine#0" [stack: 0x000000f1ead00000,0x000000f1eae00000] [id=15480]
  0x000002496cbcf800 ConcurrentGCThread "G1 Young RemSet Sampling" [stack: 0x000000f1eae00000,0x000000f1eaf00000] [id=15520]

Threads with active compile tasks:
C2 CompilerThread0     1226  677       4       java.lang.StringLatin1::toLowerCase (186 bytes)

VM state:not at safepoint (normal execution)

VM Mutex/Monitor currently owned by a thread: None

Heap address: 0x00000000c1c00000, size: 996 MB, Compressed Oops mode: 32-bit
Narrow klass base: 0x0000000800000000, Narrow klass shift: 3
Compressed class space size: 1073741824 Address: 0x0000000800b30000

Heap:
 garbage-first heap   total 8192K, used 2206K [0x00000000c1c00000, 0x0000000100000000)
  region size 1024K, 3 young (3072K), 1 survivors (1024K)
 Metaspace       used 5054K, capacity 8197K, committed 8448K, reserved 1060864K
  class space    used 626K, capacity 952K, committed 1024K, reserved 1048576K
Heap Regions: E=young(eden), S=young(survivor), O=old, HS=humongous(starts), HC=humongous(continues), CS=collection set, F=free, OA=open archive, CA=closed archive, TAMS=top-at-mark-start (previous, next)
|   0|0x00000000c1c00000, 0x00000000c1d00000, 0x00000000c1d00000|100%| O|  |TAMS 0x00000000c1c00000, 0x00000000c1c00000| Untracked 
|   1|0x00000000c1d00000, 0x00000000c1d1a400, 0x00000000c1e00000| 10%| O|  |TAMS 0x00000000c1d00000, 0x00000000c1d00000| Untracked 
|   2|0x00000000c1e00000, 0x00000000c1e00000, 0x00000000c1f00000|  0%| F|  |TAMS 0x00000000c1e00000, 0x00000000c1e00000| Untracked 
|   3|0x00000000c1f00000, 0x00000000c1f00000, 0x00000000c2000000|  0%| F|  |TAMS 0x00000000c1f00000, 0x00000000c1f00000| Untracked 
|   4|0x00000000c2000000, 0x00000000c2000000, 0x00000000c2100000|  0%| F|  |TAMS 0x00000000c2000000, 0x00000000c2000000| Untracked 
|   5|0x00000000c2100000, 0x00000000c21d4308, 0x00000000c2200000| 82%| E|  |TAMS 0x00000000c2100000, 0x00000000c2100000| Complete 
|   6|0x00000000c2200000, 0x00000000c220d770, 0x00000000c2300000|  5%| S|CS|TAMS 0x00000000c2200000, 0x00000000c2200000| Complete 
|   7|0x00000000c2300000, 0x00000000c2400000, 0x00000000c2400000|100%| E|CS|TAMS 0x00000000c2300000, 0x00000000c2300000| Complete 

Card table byte_map: [0x0000024977350000,0x0000024977550000] _byte_map_base: 0x0000024976d42000

Marking Bits (Prev, Next): (CMBitMap*) 0x000002496cbab458, (CMBitMap*) 0x000002496cbab498
 Prev Bits: [0x0000024977750000, 0x00000249786e0000)
 Next Bits: [0x00000249786e0000, 0x0000024979670000)

Polling page: 0x000002496c940000

Metaspace:

Usage:
  Non-class:      7.08 MB capacity,     4.32 MB ( 61%) used,     2.74 MB ( 39%) free+waste,    10.88 KB ( <1%) overhead. 
      Class:    952.00 KB capacity,   626.95 KB ( 66%) used,   319.05 KB ( 34%) free+waste,     6.00 KB ( <1%) overhead. 
       Both:      8.00 MB capacity,     4.94 MB ( 62%) used,     3.05 MB ( 38%) free+waste,    16.88 KB ( <1%) overhead. 

Virtual space:
  Non-class space:       12.00 MB reserved,       7.25 MB ( 60%) committed 
      Class space:        1.00 GB reserved,       1.00 MB ( <1%) committed 
             Both:        1.01 GB reserved,       8.25 MB ( <1%) committed 

Chunk freelists:
   Non-Class:  51.00 KB
       Class:  8.00 KB
        Both:  59.00 KB

MaxMetaspaceSize: 17179869184.00 GB
CompressedClassSpaceSize: 1.00 GB

CodeHeap 'non-profiled nmethods': size=120000Kb used=241Kb max_used=241Kb free=119758Kb
 bounds [0x0000024907ad0000, 0x0000024907d40000, 0x000002490f000000]
CodeHeap 'profiled nmethods': size=120000Kb used=1147Kb max_used=1147Kb free=118852Kb
 bounds [0x00000249005a0000, 0x0000024900810000, 0x0000024907ad0000]
CodeHeap 'non-nmethods': size=5760Kb used=1137Kb max_used=1144Kb free=4622Kb
 bounds [0x0000024900000000, 0x0000024900270000, 0x00000249005a0000]
 total_blobs=1073 nmethods=689 adapters=297
 compilation: enabled
              stopped_count=0, restarted_count=0
 full_count=0

Compilation events (20 events):
Event: 1.116 Thread 0x000002497c3e1800  668       3       java.lang.ClassLoader::preDefineClass (119 bytes)
Event: 1.118 Thread 0x000002497c3e1800 nmethod 668 0x00000249006ad790 code [0x00000249006adb40, 0x00000249006af258]
Event: 1.118 Thread 0x000002497c3e1800  669   !   3       java.lang.ClassLoader::checkCerts (198 bytes)
Event: 1.119 Thread 0x000002497c3e1800 nmethod 669 0x00000249006afa90 code [0x00000249006afe00, 0x00000249006b1548]
Event: 1.119 Thread 0x000002497c3e1800  671       3       java.lang.String::toCharArray (25 bytes)
Event: 1.120 Thread 0x000002497c3e1800 nmethod 671 0x00000249006b1d10 code [0x00000249006b1ee0, 0x00000249006b23d8]
Event: 1.120 Thread 0x000002497c3e1800  672       3       java.lang.StringLatin1::toChars (16 bytes)
Event: 1.120 Thread 0x000002497c3e1800 nmethod 672 0x00000249006b2590 code [0x00000249006b2740, 0x00000249006b2a38]
Event: 1.122 Thread 0x000002497c3de800 nmethod 657 0x0000024907b0a410 code [0x0000024907b0a600, 0x0000024907b0ab98]
Event: 1.122 Thread 0x000002497c3de800  670       4       java.lang.String::regionMatches (189 bytes)
Event: 1.125 Thread 0x000002497c3de800 nmethod 670 0x0000024907b0ae90 code [0x0000024907b0b0c0, 0x0000024907b0b518]
Event: 1.130 Thread 0x000002497c3e1800  673       3       java.security.SecureClassLoader::getProtectionDomain (38 bytes)
Event: 1.130 Thread 0x000002497c3e1800 nmethod 673 0x00000249006b2b90 code [0x00000249006b2d80, 0x00000249006b3428]
Event: 1.130 Thread 0x000002497c3e1800  674       3       java.lang.ClassLoader::defineClass (108 bytes)
Event: 1.131 Thread 0x000002497c3e1800 nmethod 674 0x00000249006b3610 code [0x00000249006b38e0, 0x00000249006b48b8]
Event: 1.135 Thread 0x000002497c3de800  675       4       java.nio.Buffer::position (55 bytes)
Event: 1.136 Thread 0x000002497c3de800 nmethod 675 0x0000024907b0b810 code [0x0000024907b0b9c0, 0x0000024907b0bad8]
Event: 1.138 Thread 0x000002497c3de800  676       4       java.nio.Buffer::limit (65 bytes)
Event: 1.139 Thread 0x000002497c3de800 nmethod 676 0x0000024907b0bb90 code [0x0000024907b0bd40, 0x0000024907b0be78]
Event: 1.163 Thread 0x000002497c3de800  677       4       java.lang.StringLatin1::toLowerCase (186 bytes)

GC Heap History (14 events):
Event: 0.788 GC heap before
{Heap before GC invocations=0 (full 0):
 garbage-first heap   total 8192K, used 3072K [0x00000000c1c00000, 0x0000000100000000)
  region size 1024K, 3 young (3072K), 0 survivors (0K)
 Metaspace       used 2471K, capacity 5984K, committed 6016K, reserved 1056768K
  class space    used 287K, capacity 638K, committed 640K, reserved 1048576K
}
Event: 0.803 GC heap after
{Heap after GC invocations=1 (full 0):
 garbage-first heap   total 8192K, used 1124K [0x00000000c1c00000, 0x0000000100000000)
  region size 1024K, 1 young (1024K), 1 survivors (1024K)
 Metaspace       used 2471K, capacity 5984K, committed 6016K, reserved 1056768K
  class space    used 287K, capacity 638K, committed 640K, reserved 1048576K
}
Event: 0.808 GC heap before
{Heap before GC invocations=1 (full 0):
 garbage-first heap   total 8192K, used 1124K [0x00000000c1c00000, 0x0000000100000000)
  region size 1024K, 2 young (2048K), 1 survivors (1024K)
 Metaspace       used 2474K, capacity 5984K, committed 6016K, reserved 1056768K
  class space    used 287K, capacity 638K, committed 640K, reserved 1048576K
}
Event: 0.810 GC heap after
{Heap after GC invocations=2 (full 0):
 garbage-first heap   total 8192K, used 1312K [0x00000000c1c00000, 0x0000000100000000)
  region size 1024K, 1 young (1024K), 1 survivors (1024K)
 Metaspace       used 2474K, capacity 5984K, committed 6016K, reserved 1056768K
  class space    used 287K, capacity 638K, committed 640K, reserved 1048576K
}
Event: 0.811 GC heap before
{Heap before GC invocations=2 (full 0):
 garbage-first heap   total 8192K, used 1312K [0x00000000c1c00000, 0x0000000100000000)
  region size 1024K, 2 young (2048K), 1 survivors (1024K)
 Metaspace       used 2474K, capacity 5984K, committed 6016K, reserved 1056768K
  class space    used 287K, capacity 638K, committed 640K, reserved 1048576K
}
Event: 0.811 GC heap after
{Heap after GC invocations=3 (full 0):
 garbage-first heap   total 8192K, used 1233K [0x00000000c1c00000, 0x0000000100000000)
  region size 1024K, 1 young (1024K), 1 survivors (1024K)
 Metaspace       used 2474K, capacity 5984K, committed 6016K, reserved 1056768K
  class space    used 287K, capacity 638K, committed 640K, reserved 1048576K
}
Event: 0.837 GC heap before
{Heap before GC invocations=3 (full 0):
 garbage-first heap   total 8192K, used 2257K [0x00000000c1c00000, 0x0000000100000000)
  region size 1024K, 2 young (2048K), 1 survivors (1024K)
 Metaspace       used 2505K, capacity 5984K, committed 6016K, reserved 1056768K
  class space    used 287K, capacity 638K, committed 640K, reserved 1048576K
}
Event: 0.838 GC heap after
{Heap after GC invocations=4 (full 0):
 garbage-first heap   total 8192K, used 1162K [0x00000000c1c00000, 0x0000000100000000)
  region size 1024K, 1 young (1024K), 1 survivors (1024K)
 Metaspace       used 2505K, capacity 5984K, committed 6016K, reserved 1056768K
  class space    used 287K, capacity 638K, committed 640K, reserved 1048576K
}
Event: 0.878 GC heap before
{Heap before GC invocations=4 (full 0):
 garbage-first heap   total 8192K, used 2186K [0x00000000c1c00000, 0x0000000100000000)
  region size 1024K, 3 young (3072K), 1 survivors (1024K)
 Metaspace       used 2517K, capacity 5985K, committed 6016K, reserved 1056768K
  class space    used 287K, capacity 638K, committed 640K, reserved 1048576K
}
Event: 0.878 GC heap after
{Heap after GC invocations=5 (full 0):
 garbage-first heap   total 8192K, used 1591K [0x00000000c1c00000, 0x0000000100000000)
  region size 1024K, 1 young (1024K), 1 survivors (1024K)
 Metaspace       used 2517K, capacity 5985K, committed 6016K, reserved 1056768K
  class space    used 287K, capacity 638K, committed 640K, reserved 1048576K
}
Event: 0.945 GC heap before
{Heap before GC invocations=5 (full 0):
 garbage-first heap   total 8192K, used 3639K [0x00000000c1c00000, 0x0000000100000000)
  region size 1024K, 3 young (3072K), 1 survivors (1024K)
 Metaspace       used 2539K, capacity 5985K, committed 6016K, reserved 1056768K
  class space    used 288K, capacity 638K, committed 640K, reserved 1048576K
}
Event: 0.945 GC heap after
{Heap after GC invocations=6 (full 0):
 garbage-first heap   total 8192K, used 2180K [0x00000000c1c00000, 0x0000000100000000)
  region size 1024K, 1 young (1024K), 1 survivors (1024K)
 Metaspace       used 2539K, capacity 5985K, committed 6016K, reserved 1056768K
  class space    used 288K, capacity 638K, committed 640K, reserved 1048576K
}
Event: 1.010 GC heap before
{Heap before GC invocations=6 (full 0):
 garbage-first heap   total 8192K, used 3204K [0x00000000c1c00000, 0x0000000100000000)
  region size 1024K, 2 young (2048K), 1 survivors (1024K)
 Metaspace       used 2563K, capacity 5986K, committed 6016K, reserved 1056768K
  class space    used 288K, capacity 638K, committed 640K, reserved 1048576K
}
Event: 1.011 GC heap after
{Heap after GC invocations=7 (full 0):
 garbage-first heap   total 8192K, used 1182K [0x00000000c1c00000, 0x0000000100000000)
  region size 1024K, 1 young (1024K), 1 survivors (1024K)
 Metaspace       used 2563K, capacity 5986K, committed 6016K, reserved 1056768K
  class space    used 288K, capacity 638K, committed 640K, reserved 1048576K
}

Deoptimization events (20 events):
Event: 0.870 Thread 0x000002496cb76800 DEOPT PACKING pc=0x00000249006353e2 sp=0x000000f1ea9fe860
Event: 0.870 Thread 0x000002496cb76800 DEOPT UNPACKING pc=0x000002490004964e sp=0x000000f1ea9fdcf0 mode 0
Event: 0.875 Thread 0x000002496cb76800 Uncommon trap: trap_request=0xffffff45 fr.pc=0x0000024907af520c relative=0x000000000000026c
Event: 0.875 Thread 0x000002496cb76800 Uncommon trap: reason=unstable_if action=reinterpret pc=0x0000024907af520c method=java.util.zip.ZipFile$Source.isMetaName([BII)Z @ 82 c2
Event: 0.875 Thread 0x000002496cb76800 DEOPT PACKING pc=0x0000024907af520c sp=0x000000f1ea9fe6b0
Event: 0.875 Thread 0x000002496cb76800 DEOPT UNPACKING pc=0x000002490004912f sp=0x000000f1ea9fe658 mode 2
Event: 0.879 Thread 0x000002496cb76800 DEOPT PACKING pc=0x00000249006353e2 sp=0x000000f1ea9fe860
Event: 0.879 Thread 0x000002496cb76800 DEOPT UNPACKING pc=0x000002490004964e sp=0x000000f1ea9fdcf0 mode 0
Event: 0.896 Thread 0x000002496cb76800 Uncommon trap: trap_request=0xffffff45 fr.pc=0x0000024907af885c relative=0x00000000000001bc
Event: 0.896 Thread 0x000002496cb76800 Uncommon trap: reason=unstable_if action=reinterpret pc=0x0000024907af885c method=java.util.zip.ZipFile$Source.isMetaName([BII)Z @ 43 c2
Event: 0.896 Thread 0x000002496cb76800 DEOPT PACKING pc=0x0000024907af885c sp=0x000000f1ea9fe6b0
Event: 0.896 Thread 0x000002496cb76800 DEOPT UNPACKING pc=0x000002490004912f sp=0x000000f1ea9fe658 mode 2
Event: 0.897 Thread 0x000002496cb76800 DEOPT PACKING pc=0x000002490063cce5 sp=0x000000f1ea9fe680
Event: 0.897 Thread 0x000002496cb76800 DEOPT UNPACKING pc=0x000002490004964e sp=0x000000f1ea9fdae0 mode 0
Event: 0.900 Thread 0x000002496cb76800 Uncommon trap: trap_request=0xffffff45 fr.pc=0x0000024907aef75c relative=0x000000000000003c
Event: 0.900 Thread 0x000002496cb76800 Uncommon trap: reason=unstable_if action=reinterpret pc=0x0000024907aef75c method=sun.nio.fs.WindowsPathParser.isSlash(C)Z @ 9 c2
Event: 0.900 Thread 0x000002496cb76800 DEOPT PACKING pc=0x0000024907aef75c sp=0x000000f1ea9fe900
Event: 0.900 Thread 0x000002496cb76800 DEOPT UNPACKING pc=0x000002490004912f sp=0x000000f1ea9fe888 mode 2
Event: 0.904 Thread 0x000002496cb76800 DEOPT PACKING pc=0x0000024900633e50 sp=0x000000f1ea9fe650
Event: 0.904 Thread 0x000002496cb76800 DEOPT UNPACKING pc=0x000002490004964e sp=0x000000f1ea9fdad8 mode 0

Classes unloaded (0 events):
No events

Classes redefined (0 events):
No events

Internal exceptions (18 events):
Event: 0.674 Thread 0x000002496cb76800 Exception <a 'java/lang/NoSuchMethodError'{0x00000000c2178128}: 'java.lang.Object java.lang.invoke.DirectMethodHandle$Holder.invokeVirtual(java.lang.Object, java.lang.Object, java.lang.Object)'> (0x00000000c2178128) 
thrown [./open/src/hotspot/share/interpreter/linkResolver.cpp, line 766]
Event: 0.678 Thread 0x000002496cb76800 Exception <a 'java/lang/NoSuchMethodError'{0x00000000c21823f0}: 'int java.lang.invoke.DirectMethodHandle$Holder.invokeInterface(java.lang.Object, java.lang.Object)'> (0x00000000c21823f0) 
thrown [./open/src/hotspot/share/interpreter/linkResolver.cpp, line 766]
Event: 0.901 Thread 0x000002496cb76800 Exception <a 'sun/nio/fs/WindowsException'{0x00000000c23dc7d8}> (0x00000000c23dc7d8) 
thrown [./open/src/hotspot/share/prims/jni.cpp, line 599]
Event: 0.905 Thread 0x000002496cb76800 Exception <a 'sun/nio/fs/WindowsException'{0x00000000c2239060}> (0x00000000c2239060) 
thrown [./open/src/hotspot/share/prims/jni.cpp, line 599]
Event: 0.905 Thread 0x000002496cb76800 Exception <a 'sun/nio/fs/WindowsException'{0x00000000c22394a0}> (0x00000000c22394a0) 
thrown [./open/src/hotspot/share/prims/jni.cpp, line 599]
Event: 0.905 Thread 0x000002496cb76800 Exception <a 'sun/nio/fs/WindowsException'{0x00000000c22398e8}> (0x00000000c22398e8) 
thrown [./open/src/hotspot/share/prims/jni.cpp, line 599]
Event: 0.905 Thread 0x000002496cb76800 Exception <a 'sun/nio/fs/WindowsException'{0x00000000c2239d10}> (0x00000000c2239d10) 
thrown [./open/src/hotspot/share/prims/jni.cpp, line 599]
Event: 0.906 Thread 0x000002496cb76800 Exception <a 'sun/nio/fs/WindowsException'{0x00000000c223a160}> (0x00000000c223a160) 
thrown [./open/src/hotspot/share/prims/jni.cpp, line 599]
Event: 0.906 Thread 0x000002496cb76800 Exception <a 'sun/nio/fs/WindowsException'{0x00000000c223a5a8}> (0x00000000c223a5a8) 
thrown [./open/src/hotspot/share/prims/jni.cpp, line 599]
Event: 0.926 Thread 0x000002496cb76800 Exception <a 'sun/nio/fs/WindowsException'{0x00000000c22896a0}> (0x00000000c22896a0) 
thrown [./open/src/hotspot/share/prims/jni.cpp, line 599]
Event: 1.006 Thread 0x000002496cb76800 Exception <a 'sun/nio/fs/WindowsException'{0x00000000c23f5f38}> (0x00000000c23f5f38) 
thrown [./open/src/hotspot/share/prims/jni.cpp, line 599]
Event: 1.013 Thread 0x000002496cb76800 Exception <a 'sun/nio/fs/WindowsException'{0x00000000c23035b8}> (0x00000000c23035b8) 
thrown [./open/src/hotspot/share/prims/jni.cpp, line 599]
Event: 1.014 Thread 0x000002496cb76800 Exception <a 'sun/nio/fs/WindowsException'{0x00000000c2303ce0}> (0x00000000c2303ce0) 
thrown [./open/src/hotspot/share/prims/jni.cpp, line 599]
Event: 1.015 Thread 0x000002496cb76800 Exception <a 'sun/nio/fs/WindowsException'{0x00000000c2304878}> (0x00000000c2304878) 
thrown [./open/src/hotspot/share/prims/jni.cpp, line 599]
Event: 1.015 Thread 0x000002496cb76800 Exception <a 'sun/nio/fs/WindowsException'{0x00000000c2304b48}> (0x00000000c2304b48) 
thrown [./open/src/hotspot/share/prims/jni.cpp, line 599]
Event: 1.040 Thread 0x000002496cb76800 Exception <a 'java/lang/NoSuchMethodError'{0x00000000c234fec8}: 'void java.lang.invoke.DirectMethodHandle$Holder.invokeSpecial(java.lang.Object, java.lang.Object, java.lang.Object, java.lang.Object)'> (0x00000000c234fec8) 
thrown [./open/src/hotspot/share/interpreter/linkResolver.cpp, line 766]
Event: 1.043 Thread 0x000002496cb76800 Exception <a 'java/lang/NoSuchMethodError'{0x00000000c2356448}: 'int java.lang.invoke.DirectMethodHandle$Holder.invokeVirtual(java.lang.Object, java.lang.Object, java.lang.Object)'> (0x00000000c2356448) 
thrown [./open/src/hotspot/share/interpreter/linkResolver.cpp, line 766]
Event: 1.077 Thread 0x000002496cb76800 Exception <a 'java/lang/NoSuchMethodError'{0x00000000c23994f0}: 'int java.lang.invoke.DirectMethodHandle$Holder.invokeSpecialIFC(java.lang.Object, java.lang.Object, int)'> (0x00000000c23994f0) 
thrown [./open/src/hotspot/share/interpreter/linkResolver.cpp, line 766]

Events (20 events):
Event: 1.057 loading class java/lang/invoke/BoundMethodHandle$Species_LJ
Event: 1.057 loading class java/lang/invoke/BoundMethodHandle$Species_LJ done
Event: 1.058 loading class java/lang/invoke/BoundMethodHandle$Species_LLLL
Event: 1.059 loading class java/lang/invoke/BoundMethodHandle$Species_LLLL done
Event: 1.066 loading class java/util/concurrent/Callable
Event: 1.067 loading class java/util/concurrent/Callable done
Event: 1.075 loading class java/io/StringWriter
Event: 1.075 loading class java/io/StringWriter done
Event: 1.077 loading class java/util/regex/Pattern$Curly
Event: 1.078 loading class java/util/regex/Pattern$Curly done
Event: 1.078 loading class java/util/regex/Pattern$GroupCurly
Event: 1.078 loading class java/util/regex/Pattern$GroupCurly done
Event: 1.078 loading class java/util/regex/Pattern$StartS
Event: 1.078 loading class java/util/regex/Pattern$StartS done
Event: 1.124 Executing VM operation: CollectForMetadataAllocation
Event: 1.124 Executing VM operation: CollectForMetadataAllocation done
Event: 1.127 loading class java/nio/file/ClosedFileSystemException
Event: 1.127 loading class java/nio/file/ClosedFileSystemException done
Event: 1.127 loading class java/lang/ArrayIndexOutOfBoundsException
Event: 1.127 loading class java/lang/ArrayIndexOutOfBoundsException done


Dynamic libraries:
0x00007ff6dbaf0000 - 0x00007ff6dbaf7000 	C:\Program Files\Java\jdk-14.0.2\bin\javac.exe
0x00007ff94b0f0000 - 0x00007ff94b2e5000 	C:\WINDOWS\SYSTEM32\ntdll.dll
0x00007ff94aae0000 - 0x00007ff94ab9d000 	C:\WINDOWS\System32\KERNEL32.DLL
0x00007ff948d50000 - 0x00007ff949017000 	C:\WINDOWS\System32\KERNELBASE.dll
0x00007ff948b70000 - 0x00007ff948c70000 	C:\WINDOWS\System32\ucrtbase.dll
0x00007ff939d30000 - 0x00007ff939d48000 	C:\Program Files\Java\jdk-14.0.2\bin\jli.dll
0x00007ff94aed0000 - 0x00007ff94af7a000 	C:\WINDOWS\System32\ADVAPI32.dll
0x00007ff949ab0000 - 0x00007ff949b4e000 	C:\WINDOWS\System32\msvcrt.dll
0x00007ff949600000 - 0x00007ff94969b000 	C:\WINDOWS\System32\sechost.dll
0x00007ff94aba0000 - 0x00007ff94acc4000 	C:\WINDOWS\System32\RPCRT4.dll
0x00007ff94a940000 - 0x00007ff94aae0000 	C:\WINDOWS\System32\USER32.dll
0x00007ff9488d0000 - 0x00007ff9488f2000 	C:\WINDOWS\System32\win32u.dll
0x00007ff94a910000 - 0x00007ff94a93a000 	C:\WINDOWS\System32\GDI32.dll
0x00007ff948a60000 - 0x00007ff948b69000 	C:\WINDOWS\System32\gdi32full.dll
0x00007ff948830000 - 0x00007ff9488cd000 	C:\WINDOWS\System32\msvcp_win.dll
0x00007ff9371c0000 - 0x00007ff93745b000 	C:\WINDOWS\WinSxS\amd64_microsoft.windows.common-controls_6595b64144ccf1df_6.0.19041.488_none_ca04af081b815d21\COMCTL32.dll
0x00007ff9214a0000 - 0x00007ff9214b5000 	C:\Program Files\Java\jdk-14.0.2\bin\VCRUNTIME140.dll
0x00007ff938370000 - 0x00007ff93837a000 	C:\WINDOWS\SYSTEM32\VERSION.dll
0x00007ff949150000 - 0x00007ff949180000 	C:\WINDOWS\System32\IMM32.DLL
0x00007ff915c00000 - 0x00007ff915c9b000 	C:\Program Files\Java\jdk-14.0.2\bin\msvcp140.dll
0x00007ff910330000 - 0x00007ff910e4e000 	C:\Program Files\Java\jdk-14.0.2\bin\server\jvm.dll
0x00007ff949e10000 - 0x00007ff949e18000 	C:\WINDOWS\System32\PSAPI.DLL
0x00007ff93a380000 - 0x00007ff93a3a7000 	C:\WINDOWS\SYSTEM32\WINMM.dll
0x00007ff9336d0000 - 0x00007ff9336d9000 	C:\WINDOWS\SYSTEM32\WSOCK32.dll
0x00007ff94a090000 - 0x00007ff94a0fb000 	C:\WINDOWS\System32\WS2_32.dll
0x00007ff946790000 - 0x00007ff9467a3000 	C:\WINDOWS\SYSTEM32\kernel.appcore.dll
0x00007ff9326a0000 - 0x00007ff9326aa000 	C:\Program Files\Java\jdk-14.0.2\bin\jimage.dll
0x00007ff945eb0000 - 0x00007ff946094000 	C:\WINDOWS\SYSTEM32\DBGHELP.DLL
0x00007ff935f00000 - 0x00007ff935f2c000 	C:\WINDOWS\SYSTEM32\dbgcore.DLL
0x00007ff9490d0000 - 0x00007ff94914f000 	C:\WINDOWS\System32\bcryptPrimitives.dll
0x00007ff91c790000 - 0x00007ff91c7b5000 	C:\Program Files\Java\jdk-14.0.2\bin\java.dll
0x00007ff920e60000 - 0x00007ff920e76000 	C:\Program Files\Java\jdk-14.0.2\bin\zip.dll
0x00007ff94a100000 - 0x00007ff94a841000 	C:\WINDOWS\System32\SHELL32.dll
0x00007ff946990000 - 0x00007ff947123000 	C:\WINDOWS\SYSTEM32\windows.storage.dll
0x00007ff9496a0000 - 0x00007ff9499f5000 	C:\WINDOWS\System32\combase.dll
0x00007ff9482a0000 - 0x00007ff9482cc000 	C:\WINDOWS\SYSTEM32\Wldp.dll
0x00007ff949d00000 - 0x00007ff949dae000 	C:\WINDOWS\System32\SHCORE.dll
0x00007ff949db0000 - 0x00007ff949e05000 	C:\WINDOWS\System32\shlwapi.dll
0x00007ff948760000 - 0x00007ff948786000 	C:\WINDOWS\SYSTEM32\profapi.dll
0x00007ff920250000 - 0x00007ff920269000 	C:\Program Files\Java\jdk-14.0.2\bin\net.dll
0x00007ff93a8d0000 - 0x00007ff93a9d0000 	C:\WINDOWS\SYSTEM32\WINHTTP.dll
0x00007ff948020000 - 0x00007ff94808a000 	C:\WINDOWS\system32\mswsock.dll
0x00007ff91cf90000 - 0x00007ff91cfa2000 	C:\Program Files\Java\jdk-14.0.2\bin\nio.dll

dbghelp: loaded successfully - version: 4.0.5 - missing functions: none
symbol engine: initialized successfully - sym options: 0x614 - pdb path: .;C:\Program Files\Java\jdk-14.0.2\bin;C:\WINDOWS\SYSTEM32;C:\WINDOWS\WinSxS\amd64_microsoft.windows.common-controls_6595b64144ccf1df_6.0.19041.488_none_ca04af081b815d21;C:\Program Files\Java\jdk-14.0.2\bin\server

VM Arguments:
jvm_args: -Dapplication.home=C:\Program Files\Java\jdk-14.0.2 --add-modules=ALL-DEFAULT -Xms8m -Djdk.module.main=jdk.compiler 
java_command: jdk.compiler/com.sun.tools.javac.Main -d C:\JAVA4\FPOLY_DA1_Vu_Hoang_Phuc_1\FPOLY_DA1\build\classes -classpath C:\JAVA4\FPOLY_DA1_Vu_Hoang_Phuc_1\FPOLY_DA1\build\classes;C:\Program Files\NetBeans-12.1\netbeans\java\modules\ext\AbsoluteLayout.jar;C:\Users\nguye\Downloads\javax.mail.jar;C:\JAVA4\FPOLY_DA1_Vu_Hoang_Phuc_1\FPOLY_DA1\src\lib\AnimatonClass.jar;C:\JAVA4\FPOLY_DA1_Vu_Hoang_Phuc_1\FPOLY_DA1\src\lib\JPlanner.jar;C:\JAVA4\FPOLY_DA1_Vu_Hoang_Phuc_1\FPOLY_DA1\src\lib\SparseBitSet-1.2.jar;C:\JAVA4\FPOLY_DA1_Vu_Hoang_Phuc_1\FPOLY_DA1\src\lib\activation-1.1.1.jar;C:\JAVA4\FPOLY_DA1_Vu_Hoang_Phuc_1\FPOLY_DA1\src\lib\bridj-0.6.2-windows-only.jar;C:\JAVA4\FPOLY_DA1_Vu_Hoang_Phuc_1\FPOLY_DA1\src\lib\commons-beanutils-1.8.3.jar;C:\JAVA4\FPOLY_DA1_Vu_Hoang_Phuc_1\FPOLY_DA1\src\lib\commons-codec-1.13.jar;C:\JAVA4\FPOLY_DA1_Vu_Hoang_Phuc_1\FPOLY_DA1\src\lib\commons-collections-3.2.1-1.0.0.jar;C:\JAVA4\FPOLY_DA1_Vu_Hoang_Phuc_1\FPOLY_DA1\src\lib\commons-collections4-4.4.jar;C:\JAVA4\FPOLY_DA1_Vu_Hoang_Phuc_1\FPOLY_DA1\src\lib\commons-compress-1.19.jar;C:\JAVA4\FPOLY_DA1_Vu_Hoang_Phuc_1\FPOLY_DA1\src\lib\commons-digester-2.1.jar;C:\JAVA4\FPOLY_DA1_Vu_Hoang_Phuc_1\FPOLY_DA1\src\lib\commons-digester3-3.2-javadoc.jar;C:\JAVA4\FPOLY_DA1_Vu_Hoang_Phuc_1\FPOLY_DA1\src\lib\commons-digester3-3.2-sources.jar;C:\JAVA4\FPOLY_DA1_Vu_Hoang_Phuc_1\FPOLY_DA1\src\lib\commons-digester3-3.2-with-deps.jar;C:\JAVA4\FPOLY_DA1_Vu_Hoang_Phuc_1\FPOLY_DA1\src\lib\commons-digester3-3.2.jar;C:\JAVA4\FPOLY_DA1_Vu_Hoang_Phuc_1\FPOLY_DA1\src\lib\commons-logging-1.2.jar;C:\JAVA4\FPOLY_DA1_Vu_Hoang_Phuc_1\FPOLY_DA1\src\lib\commons-logging-api-1.1.jar;C:\JAVA4\FPOLY_DA1_Vu_Hoang_Phuc_1\FPOLY_DA1\src\lib\commons-math3-3.6.1.jar;C:\JAVA4\FPOLY_DA1_Vu_Hoang_Phuc_1\FPOLY_DA1\src\lib\core-3.3.0.jar;C:\JAVA4\FPOLY_DA1_Vu_Hoang_Phuc_1\FPOLY_DA1\src\lib\curvesapi-1.06.jar;C:\JAVA4\FPOLY_DA1_Vu_Hoang_Phuc_1\FPOLY_DA1\src\lib\groovy-all-2.1.3.jar;C:\JAVA4\FPOLY_DA1_Vu_Hoang_Phuc_1\FPOLY_DA1\src\lib\it
java_class_path (initial): <not set>
Launcher Type: SUN_STANDARD

[Global flags]
     intx CICompilerCount                          = 3                                         {product} {ergonomic}
     uint ConcGCThreads                            = 1                                         {product} {ergonomic}
     uint G1ConcRefinementThreads                  = 4                                         {product} {ergonomic}
   size_t G1HeapRegionSize                         = 1048576                                   {product} {ergonomic}
    uintx GCDrainStackTargetSize                   = 64                                        {product} {ergonomic}
   size_t InitialHeapSize                          = 8388608                                   {product} {command line}
   size_t MarkStackSize                            = 4194304                                   {product} {ergonomic}
   size_t MaxHeapSize                              = 1044381696                                {product} {ergonomic}
   size_t MaxNewSize                               = 625999872                                 {product} {ergonomic}
   size_t MinHeapDeltaBytes                        = 1048576                                   {product} {ergonomic}
   size_t MinHeapSize                              = 8388608                                   {product} {command line}
    uintx NonNMethodCodeHeapSize                   = 5832780                                {pd product} {ergonomic}
    uintx NonProfiledCodeHeapSize                  = 122912730                              {pd product} {ergonomic}
    uintx ProfiledCodeHeapSize                     = 122912730                              {pd product} {ergonomic}
    uintx ReservedCodeCacheSize                    = 251658240                              {pd product} {ergonomic}
     bool SegmentedCodeCache                       = true                                      {product} {ergonomic}
   size_t SoftMaxHeapSize                          = 1044381696                             {manageable} {ergonomic}
     bool UseCompressedClassPointers               = true                                 {lp64_product} {ergonomic}
     bool UseCompressedOops                        = true                                 {lp64_product} {ergonomic}
     bool UseG1GC                                  = true                                      {product} {ergonomic}
     bool UseLargePagesIndividualAllocation        = false                                  {pd product} {ergonomic}

Logging:
Log output configuration:
 #0: stdout all=warning uptime,level,tags
 #1: stderr all=off uptime,level,tags

Environment Variables:
PATH=C:\Program Files (x86)\Common Files\Oracle\Java\javapath;C:\WINDOWS\system32;C:\WINDOWS;C:\WINDOWS\System32\Wbem;C:\WINDOWS\System32\WindowsPowerShell\v1.0\;C:\WINDOWS\System32\OpenSSH\;C:\Program Files\Microsoft SQL Server\Client SDK\ODBC\170\Tools\Binn\;C:\Program Files (x86)\Microsoft SQL Server\150\Tools\Binn\;C:\Program Files\Microsoft SQL Server\150\Tools\Binn\;C:\Program Files\Microsoft SQL Server\150\DTS\Binn\;C:\Program Files (x86)\Microsoft SQL Server\150\DTS\Binn\;C:\Users\nguye\AppData\Local\Microsoft\WindowsApps;C:\Users\nguye\AppData\Local\Programs\Microsoft VS Code\bin;C:\Program Files\JetBrains\IntelliJ IDEA 2020.2.2\bin;;C:\Program Files\JetBrains\PyCharm Community Edition 2020.2.3\bin;
USERNAME=nguye
OS=Windows_NT
PROCESSOR_IDENTIFIER=Intel64 Family 6 Model 142 Stepping 12, GenuineIntel



---------------  S Y S T E M  ---------------

OS: Windows 10 , 64 bit Build 19041 (10.0.19041.292)
OS uptime: 1 days 8:29 hours

CPU:total 4 (initial active 4) (2 cores per cpu, 2 threads per core) family 6 model 142 stepping 12, cmov, cx8, fxsr, mmx, sse, sse2, sse3, ssse3, sse4.1, sse4.2, popcnt, avx, avx2, aes, clmul, erms, 3dnowpref, lzcnt, ht, tsc, tscinvbit, bmi1, bmi2, adx, fma

Memory: 4k page, system-wide physical 3976M (207M free)
TotalPageFile size 16264M (AvailPageFile size 0M)
current process WorkingSet (physical memory assigned to process): 48M, peak: 48M
current process commit charge ("private bytes"): 87M, peak: 87M

vm_info: Java HotSpot(TM) 64-Bit Server VM (14.0.2+12-46) for windows-amd64 JRE (14.0.2+12-46), built on Jul  9 2020 00:35:52 by "mach5one" with MS VC++ 15.9 (VS2017)

END.
