#
# There is insufficient memory for the Java Runtime Environment to continue.
# Native memory allocation (malloc) failed to allocate 873120 bytes for Chunk::new
# Possible reasons:
#   The system is out of physical RAM or swap space
#   The process is running with CompressedOops enabled, and the Java Heap may be blocking the growth of the native heap
# Possible solutions:
#   Reduce memory load on the system
#   Increase physical memory or swap space
#   Check if swap backing store is full
#   Decrease Java heap size (-Xmx/-Xms)
#   Decrease number of Java threads
#   Decrease Java thread stack sizes (-Xss)
#   Set larger code cache with -XX:ReservedCodeCacheSize=
#   JVM is running with Unscaled Compressed Oops mode in which the Java heap is
#     placed in the first 4GB address space. The Java Heap base address is the
#     maximum limit for the native heap growth. Please use -XX:HeapBaseMinAddress
#     to set the Java Heap base and to place the Java Heap above 4GB virtual address.
# This output file may be truncated or incomplete.
#
#  Out of Memory Error (./open/src/hotspot/share/memory/arena.cpp:195), pid=16392, tid=17556
#
# JRE version: Java(TM) SE Runtime Environment (14.0.2+12) (build 14.0.2+12-46)
# Java VM: Java HotSpot(TM) 64-Bit Server VM (14.0.2+12-46, mixed mode, sharing, tiered, compressed oops, g1 gc, windows-amd64)
# No core dump will be written. Minidumps are not enabled by default on client versions of Windows
#

---------------  S U M M A R Y ------------

Command Line: -Dapplication.home=C:\Program Files\Java\jdk-14.0.2 --add-modules=ALL-DEFAULT -Xms8m -Djdk.module.main=jdk.compiler jdk.compiler/com.sun.tools.javac.Main -d C:\JAVA4\FPOLY_DA1_Vu_Hoang_Phuc_1\FPOLY_DA1\build\classes -classpath C:\JAVA4\FPOLY_DA1_Vu_Hoang_Phuc_1\FPOLY_DA1\build\classes;C:\Program Files\NetBeans-12.1\netbeans\java\modules\ext\AbsoluteLayout.jar;C:\Users\nguye\Downloads\javax.mail.jar;C:\JAVA4\FPOLY_DA1_Vu_Hoang_Phuc_1\FPOLY_DA1\src\lib\AnimatonClass.jar;C:\JAVA4\FPOLY_DA1_Vu_Hoang_Phuc_1\FPOLY_DA1\src\lib\JPlanner.jar;C:\JAVA4\FPOLY_DA1_Vu_Hoang_Phuc_1\FPOLY_DA1\src\lib\SparseBitSet-1.2.jar;C:\JAVA4\FPOLY_DA1_Vu_Hoang_Phuc_1\FPOLY_DA1\src\lib\activation-1.1.1.jar;C:\JAVA4\FPOLY_DA1_Vu_Hoang_Phuc_1\FPOLY_DA1\src\lib\bridj-0.6.2-windows-only.jar;C:\JAVA4\FPOLY_DA1_Vu_Hoang_Phuc_1\FPOLY_DA1\src\lib\commons-beanutils-1.8.3.jar;C:\JAVA4\FPOLY_DA1_Vu_Hoang_Phuc_1\FPOLY_DA1\src\lib\commons-codec-1.13.jar;C:\JAVA4\FPOLY_DA1_Vu_Hoang_Phuc_1\FPOLY_DA1\src\lib\commons-collections-3.2.1-1.0.0.jar;C:\JAVA4\FPOLY_DA1_Vu_Hoang_Phuc_1\FPOLY_DA1\src\lib\commons-collections4-4.4.jar;C:\JAVA4\FPOLY_DA1_Vu_Hoang_Phuc_1\FPOLY_DA1\src\lib\commons-compress-1.19.jar;C:\JAVA4\FPOLY_DA1_Vu_Hoang_Phuc_1\FPOLY_DA1\src\lib\commons-digester-2.1.jar;C:\JAVA4\FPOLY_DA1_Vu_Hoang_Phuc_1\FPOLY_DA1\src\lib\commons-digester3-3.2-javadoc.jar;C:\JAVA4\FPOLY_DA1_Vu_Hoang_Phuc_1\FPOLY_DA1\src\lib\commons-digester3-3.2-sources.jar;C:\JAVA4\FPOLY_DA1_Vu_Hoang_Phuc_1\FPOLY_DA1\src\lib\commons-digester3-3.2-with-deps.jar;C:\JAVA4\FPOLY_DA1_Vu_Hoang_Phuc_1\FPOLY_DA1\src\lib\commons-digester3-3.2.jar;C:\JAVA4\FPOLY_DA1_Vu_Hoang_Phuc_1\FPOLY_DA1\src\lib\commons-logging-1.2.jar;C:\JAVA4\FPOLY_DA1_Vu_Hoang_Phuc_1\FPOLY_DA1\src\lib\commons-logging-api-1.1.jar;C:\JAVA4\FPOLY_DA1_Vu_Hoang_Phuc_1\FPOLY_DA1\src\lib\commons-math3-3.6.1.jar;C:\JAVA4\FPOLY_DA1_Vu_Hoang_Phuc_1\FPOLY_DA1\src\lib\core-3.3.0.jar;C:\JAVA4\FPOLY_DA1_Vu_Hoang_Phuc_1\FPOLY_DA1\src\lib\curvesapi-1.06.jar;C:\JAVA4\FPOLY_DA1_Vu_Hoang_Phuc_1\FPOLY_DA1\src\lib\groovy-all-2.1.3.jar;C:\JAVA4\FPOLY_DA1_Vu_Hoang_Phuc_1\FPOLY_DA1\src\lib\itext-2.1.7.jar;C:\JAVA4\FPOLY_DA1_Vu_Hoang_Phuc_1\FPOLY_DA1\src\lib\itext-pdfa-5.4.0.jar;C:\JAVA4\FPOLY_DA1_Vu_Hoang_Phuc_1\FPOLY_DA1\src\lib\itextpdf-5.3.4.jar;C:\JAVA4\FPOLY_DA1_Vu_Hoang_Phuc_1\FPOLY_DA1\src\lib\jasperreports-6.10.0.jar;C:\JAVA4\FPOLY_DA1_Vu_Hoang_Phuc_1\FPOLY_DA1\src\lib\jasperreports-fonts-6.10.0.jar;C:\JAVA4\FPOLY_DA1_Vu_Hoang_Phuc_1\FPOLY_DA1\src\lib\jasperreports-fonts-6.14.0.jar;C:\JAVA4\FPOLY_DA1_Vu_Hoang_Phuc_1\FPOLY_DA1\src\lib\jasperreports-javaflow.jar;C:\JAVA4\FPOLY_DA1_Vu_Hoang_Phuc_1\FPOLY_DA1\src\lib\javase-3.3.0.jar;C:\JAVA4\FPOLY_DA1_Vu_Hoang_Phuc_1\FPOLY_DA1\src\lib\javax.mail.jar;C:\JAVA4\FPOLY_DA1_Vu_Hoang_Phuc_1\FPOLY_DA1\src\lib\jaxb-api-2.3.1.jar;C:\JAVA4\FPOLY_DA1_Vu_Hoang_Phuc_1\FPOLY_DA1\src\lib\jaxb-core-2.3.0.1.jar;C:\JAVA4\FPOLY_DA1_Vu_Hoang_Phuc_1\FPOLY_DA1\src\lib\jaxb-impl-2.3.2.jar;C:\JAVA4\FPOLY_DA1_Vu_Hoang_Phuc_1\FPOLY_DA1\src\lib\jcommon-1.0.23.jar;C:\JAVA4\FPOLY_DA1_Vu_Hoang_Phuc_1\FPOLY_DA1\src\lib\jfreechart-1.0.19.jar;C:\JAVA4\FPOLY_DA1_Vu_Hoang_Phuc_1\FPOLY_DA1\src\lib\junit-4.12.jar;C:\JAVA4\FPOLY_DA1_Vu_Hoang_Phuc_1\FPOLY_DA1\src\lib\log4j-1.2.17.jar;C:\JAVA4\FPOLY_DA1_Vu_Hoang_Phuc_1\FPOLY_DA1\src\lib\org-jdesktop-layout.jar;C:\JAVA4\FPOLY_DA1_Vu_Hoang_Phuc_1\FPOLY_DA1\src\lib\poi-4.1.2.jar;C:\JAVA4\FPOLY_DA1_Vu_Hoang_Phuc_1\FPOLY_DA1\src\lib\poi-examples-4.1.2.jar;C:\JAVA4\FPOLY_DA1_Vu_Hoang_Phuc_1\FPOLY_DA1\src\lib\poi-excelant-4.1.2.jar;C:\JAVA4\FPOLY_DA1_Vu_Hoang_Phuc_1\FPOLY_DA1\src\lib\poi-ooxml-4.1.2.jar;C:\JAVA4\FPOLY_DA1_Vu_Hoang_Phuc_1\FPOLY_DA1\src\lib\poi-ooxml-schemas-4.1.2.jar;C:\JAVA4\FPOLY_DA1_Vu_Hoang_Phuc_1\FPOLY_DA1\src\lib\poi-scratchpad-4.1.2.jar;C:\JAVA4\FPOLY_DA1_Vu_Hoang_Phuc_1\FPOLY_DA1\src\lib\slf4j-api-1.6.2.jar;C:\JAVA4\FPOLY_DA1_Vu_Hoang_Phuc_1\FPOLY_DA1\src\lib\slf4j-log4j12-1.6.2.jar;C:\JAVA4\FPOLY_DA1_Vu_Hoang_Phuc_1\FPOLY_DA1\src\lib\sqljdbc4.jar;C:\JAVA4\FPOLY_DA1_Vu_Hoang_Phuc_1\FPOLY_DA1\src\lib\webcam-capture-0.3.12.jar;C:\JAVA4\FPOLY_DA1_Vu_Hoang_Phuc_1\FPOLY_DA1\src\lib\xmlbeans-3.1.0.jar;C:\JAVA4\FPOLY_DA1_Vu_Hoang_Phuc_1\FPOLY_DA1\src\lib\jcalendar-1.4.jar;C:\JAVA4\FPOLY_DA1_Vu_Hoang_Phuc_1\FPOLY_DA1\src\lib\KControls.jar;C:\JAVA4\FPOLY_DA1_Vu_Hoang_Phuc_1\FPOLY_DA1\src\lib\KGradientPanel.jar;C:\JAVA4\lib\jaco-mp3-player-0.9.3.jar -sourcepath C:\JAVA4\FPOLY_DA1_Vu_Hoang_Phuc_1\FPOLY_DA1\src -target 13 -encoding UTF-8 -g -processorpath C:\Program Files\NetBeans-12.1\netbeans\java\modules\ext\AbsoluteLayout.jar;C:\Java\Thu vi?n\AbsoluteLayout.jar;C:\Java\Thu vi?n\mysql-connector-java-5.1.15-bin.jar;C:\Java\Thu vi?n\sqljdbc4.jar;C:\Java\Thu vi?n\swing-layout-1.0.4.jar;C:\Users\nguye\Downloads\javax.mail.jar;C:\Users\nguye\Downloads\javax.mail (1).jar;C:\JAVA4\FPOLY_DA1_Vu_Hoang_Phuc_1\FPOLY_DA1\src\lib\AnimatonClass.jar;C:\JAVA4\FPOLY_DA1_Vu_Hoang_Phuc_1\FPOLY_DA1\src\lib\JPlanner.jar;C:\JAVA4\FPOLY_DA1_Vu_Hoang_Phuc_1\FPOLY_DA1\src\lib\SparseBitSet-1.2.jar;C:\JAVA4\FPOLY_DA1_Vu_Hoang_Phuc_1\FPOLY_DA1\src\lib\activation-1.1.1.jar;C:\JAVA4\FPOLY_DA1_Vu_Hoang_Phuc_1\FPOLY_DA1\src\lib\bridj-0.6.2-windows-only.jar;C:\JAVA4\FPOLY_DA1_Vu_Hoang_Phuc_1\FPOLY_DA1\src\lib\commons-beanutils-1.8.3.jar;C:\JAVA4\FPOLY_DA1_Vu_Hoang_Phuc_1\FPOLY_DA1\src\lib\commons-codec-1.13.jar;C:\JAVA4\FPOLY_DA1_Vu_Hoang_Phuc_1\FPOLY_DA1\src\lib\commons-collections-3.2.1-1.0.0.jar;C:\JAVA4\FPOLY_DA1_Vu_Hoang_Phuc_1\FPOLY_DA1\src\lib\commons-collections4-4.4.jar;C:\JAVA4\FPOLY_DA1_Vu_Hoang_Phuc_1\FPOLY_DA1\src\lib\commons-compress-1.19.jar;C:\JAVA4\FPOLY_DA1_Vu_Hoang_Phuc_1\FPOLY_DA1\src\lib\commons-digester-2.1.jar;C:\JAVA4\FPOLY_DA1_Vu_Hoang_Phuc_1\FPOLY_DA1\src\lib\commons-digester3-3.2-javadoc.jar;C:\JAVA4\FPOLY_DA1_Vu_Hoang_Phuc_1\FPOLY_DA1\src\lib\commons-digester3-3.2-sources.jar;C:\JAVA4\FPOLY_DA1_Vu_Hoang_Phuc_1\FPOLY_DA1\src\lib\commons-digester3-3.2-with-deps.jar;C:\JAVA4\FPOLY_DA1_Vu_Hoang_Phuc_1\FPOLY_DA1\src\lib\commons-digester3-3.2.jar;C:\JAVA4\FPOLY_DA1_Vu_Hoang_Phuc_1\FPOLY_DA1\src\lib\commons-logging-1.2.jar;C:\JAVA4\FPOLY_DA1_Vu_Hoang_Phuc_1\FPOLY_DA1\src\lib\commons-logging-api-1.1.jar;C:\JAVA4\FPOLY_DA1_Vu_Hoang_Phuc_1\FPOLY_DA1\src\lib\commons-math3-3.6.1.jar;C:\JAVA4\FPOLY_DA1_Vu_Hoang_Phuc_1\FPOLY_DA1\src\lib\core-3.3.0.jar;C:\JAVA4\FPOLY_DA1_Vu_Hoang_Phuc_1\FPOLY_DA1\src\lib\curvesapi-1.06.jar;C:\JAVA4\FPOLY_DA1_Vu_Hoang_Phuc_1\FPOLY_DA1\src\lib\groovy-all-2.1.3.jar;C:\JAVA4\FPOLY_DA1_Vu_Hoang_Phuc_1\FPOLY_DA1\src\lib\itext-2.1.7.jar;C:\JAVA4\FPOLY_DA1_Vu_Hoang_Phuc_1\FPOLY_DA1\src\lib\itext-pdfa-5.4.0.jar;C:\JAVA4\FPOLY_DA1_Vu_Hoang_Phuc_1\FPOLY_DA1\src\lib\itextpdf-5.3.4.jar;C:\JAVA4\FPOLY_DA1_Vu_Hoang_Phuc_1\FPOLY_DA1\src\lib\jasperreports-6.10.0.jar;C:\JAVA4\FPOLY_DA1_Vu_Hoang_Phuc_1\FPOLY_DA1\src\lib\jasperreports-fonts-6.10.0.jar;C:\JAVA4\FPOLY_DA1_Vu_Hoang_Phuc_1\FPOLY_DA1\src\lib\jasperreports-fonts-6.14.0.jar;C:\JAVA4\FPOLY_DA1_Vu_Hoang_Phuc_1\FPOLY_DA1\src\lib\jasperreports-javaflow.jar;C:\JAVA4\FPOLY_DA1_Vu_Hoang_Phuc_1\FPOLY_DA1\src\lib\javase-3.3.0.jar;C:\JAVA4\FPOLY_DA1_Vu_Hoang_Phuc_1\FPOLY_DA1\src\lib\javax.mail.jar;C:\JAVA4\FPOLY_DA1_Vu_Hoang_Phuc_1\FPOLY_DA1\src\lib\jaxb-api-2.3.1.jar;C:\JAVA4\FPOLY_DA1_Vu_Hoang_Phuc_1\FPOLY_DA1\src\lib\jaxb-core-2.3.0.1.jar;C:\JAVA4\FPOLY_DA1_Vu_Hoang_Phuc_1\FPOLY_DA1\src\lib\jaxb-impl-2.3.2.jar;C:\JAVA4\FPOLY_DA1_Vu_Hoang_Phuc_1\FPOLY_DA1\src\lib\jcommon-1.0.23.jar;C:\JAVA4\FPOLY_DA1_Vu_Hoang_Phuc_1\FPOLY_DA1\src\lib\jfreechart-1.0.19.jar;C:\JAVA4\FPOLY_DA1_Vu_Hoang_Phuc_1\FPOLY_DA1\src\lib\junit-4.12.jar;C:\JAVA4\FPOLY_DA1_Vu_Hoang_Phuc_1\FPOLY_DA1\src\lib\log4j-1.2.17.jar;C:\JAVA4\FPOLY_DA1_Vu_Hoang_Phuc_1\FPOLY_DA1\src\lib\org-jdesktop-layout.jar;C:\JAVA4\FPOLY_DA1_Vu_Hoang_Phuc_1\FPOLY_DA1\src\lib\poi-4.1.2.jar;C:\JAVA4\FPOLY_DA1_Vu_Hoang_Phuc_1\FPOLY_DA1\src\lib\poi-examples-4.1.2.jar;C:\JAVA4\FPOLY_DA1_Vu_Hoang_Phuc_1\FPOLY_DA1\src\lib\poi-excelant-4.1.2.jar;C:\JAVA4\FPOLY_DA1_Vu_Hoang_Phuc_1\FPOLY_DA1\src\lib\poi-ooxml-4.1.2.jar;C:\JAVA4\FPOLY_DA1_Vu_Hoang_Phuc_1\FPOLY_DA1\src\lib\poi-ooxml-schemas-4.1.2.jar;C:\JAVA4\FPOLY_DA1_Vu_Hoang_Phuc_1\FPOLY_DA1\src\lib\poi-scratchpad-4.1.2.jar;C:\JAVA4\FPOLY_DA1_Vu_Hoang_Phuc_1\FPOLY_DA1\src\lib\slf4j-api-1.6.2.jar;C:\JAVA4\FPOLY_DA1_Vu_Hoang_Phuc_1\FPOLY_DA1\src\lib\slf4j-log4j12-1.6.2.jar;C:\JAVA4\FPOLY_DA1_Vu_Hoang_Phuc_1\FPOLY_DA1\src\lib\sqljdbc4.jar;C:\JAVA4\FPOLY_DA1_Vu_Hoang_Phuc_1\FPOLY_DA1\src\lib\webcam-capture-0.3.12.jar;C:\JAVA4\FPOLY_DA1_Vu_Hoang_Phuc_1\FPOLY_DA1\src\lib\xmlbeans-3.1.0.jar;C:\JAVA4\FPOLY_DA1_Vu_Hoang_Phuc_1\FPOLY_DA1\src\lib\jcalendar-1.4.jar;C:\JAVA4\FPOLY_DA1_Vu_Hoang_Phuc_1\FPOLY_DA1\src\lib\KControls.jar;C:\JAVA4\FPOLY_DA1_Vu_Hoang_Phuc_1\FPOLY_DA1\src\lib\KGradientPanel.jar;C:\JAVA4\lib\jaco-mp3-player-0.9.3.jar;C:\JAVA4\FPOLY_DA1_Vu_Hoang_Phuc_1\FPOLY_DA1\build\empty -s C:\JAVA4\FPOLY_DA1_Vu_Hoang_Phuc_1\FPOLY_DA1\build\generated-sources\ap-source-output -source 13 @C:\Users\nguye\AppData\Local\Temp\files10179307572628526989

Host: Intel(R) Core(TM) i3-8145U CPU @ 2.10GHz, 4 cores, 3G,  Windows 10 , 64 bit Build 19041 (10.0.19041.292)
Time: Sat Dec  5 22:14:29 2020 SE Asia Standard Time elapsed time: 2 seconds (0d 0h 0m 2s)

---------------  T H R E A D  ---------------

Current thread (0x0000027dede24000):  JavaThread "C2 CompilerThread0" daemon [_thread_in_native, id=17556, stack(0x000000bf76600000,0x000000bf76700000)]


Current CompileTask:
C2:   2178 1393   !   4       java.nio.file.FileTreeWalker::next (144 bytes)

Stack: [0x000000bf76600000,0x000000bf76700000]
Native frames: (J=compiled Java code, j=interpreted, Vv=VM code, C=native code)
V  [jvm.dll+0x5f8a9a]
V  [jvm.dll+0x74247a]
V  [jvm.dll+0x743c2f]
V  [jvm.dll+0x744273]
V  [jvm.dll+0x20d288]
V  [jvm.dll+0xabb07]
V  [jvm.dll+0xac1fc]
V  [jvm.dll+0x31c495]
V  [jvm.dll+0x18cc10]
V  [jvm.dll+0x1e5efa]
V  [jvm.dll+0x1e50b8]
V  [jvm.dll+0x1779cc]
V  [jvm.dll+0x1f4105]
V  [jvm.dll+0x1f22eb]
V  [jvm.dll+0x7070cd]
V  [jvm.dll+0x6ffeda]
V  [jvm.dll+0x5f78f6]
C  [ucrtbase.dll+0x214c2]
C  [KERNEL32.DLL+0x16fd4]
C  [ntdll.dll+0x4cec1]


---------------  P R O C E S S  ---------------

Threads class SMR info:
_java_thread_list=0x0000027dee04c780, length=11, elements={
0x0000027dcf4ac000, 0x0000027dcf66d000, 0x0000027dcf66e000, 0x0000027dede19000,
0x0000027dede1c000, 0x0000027dede1d800, 0x0000027dede24000, 0x0000027dede3c000,
0x0000027dede4f800, 0x0000027dee048000, 0x0000027dee121800
}

Java Threads: ( => current thread )
  0x0000027dcf4ac000 JavaThread "main" [_thread_in_native, id=7724, stack(0x000000bf75a00000,0x000000bf75b00000)]
  0x0000027dcf66d000 JavaThread "Reference Handler" daemon [_thread_blocked, id=16616, stack(0x000000bf76100000,0x000000bf76200000)]
  0x0000027dcf66e000 JavaThread "Finalizer" daemon [_thread_blocked, id=6232, stack(0x000000bf76200000,0x000000bf76300000)]
  0x0000027dede19000 JavaThread "Signal Dispatcher" daemon [_thread_blocked, id=18200, stack(0x000000bf76300000,0x000000bf76400000)]
  0x0000027dede1c000 JavaThread "Attach Listener" daemon [_thread_blocked, id=17636, stack(0x000000bf76400000,0x000000bf76500000)]
  0x0000027dede1d800 JavaThread "Service Thread" daemon [_thread_blocked, id=15856, stack(0x000000bf76500000,0x000000bf76600000)]
=>0x0000027dede24000 JavaThread "C2 CompilerThread0" daemon [_thread_in_native, id=17556, stack(0x000000bf76600000,0x000000bf76700000)]
  0x0000027dede3c000 JavaThread "C1 CompilerThread0" daemon [_thread_blocked, id=2156, stack(0x000000bf76700000,0x000000bf76800000)]
  0x0000027dede4f800 JavaThread "Sweeper thread" daemon [_thread_blocked, id=488, stack(0x000000bf76800000,0x000000bf76900000)]
  0x0000027dee048000 JavaThread "Common-Cleaner" daemon [_thread_blocked, id=2452, stack(0x000000bf76900000,0x000000bf76a00000)]
  0x0000027dee121800 JavaThread "Notification Thread" daemon [_thread_blocked, id=892, stack(0x000000bf76a00000,0x000000bf76b00000)]

Other Threads:
  0x0000027dcf664800 VMThread "VM Thread" [stack: 0x000000bf76000000,0x000000bf76100000] [id=12308]
  0x0000027dee128800 WatcherThread [stack: 0x000000bf76b00000,0x000000bf76c00000] [id=15904]
  0x0000027dcf5d9800 GCTaskThread "GC Thread#0" [stack: 0x000000bf75b00000,0x000000bf75c00000] [id=4728]
  0x0000027dee21f800 GCTaskThread "GC Thread#1" [stack: 0x000000bf76c00000,0x000000bf76d00000] [id=14308]
  0x0000027dcf5e5000 ConcurrentGCThread "G1 Main Marker" [stack: 0x000000bf75c00000,0x000000bf75d00000] [id=7576]
  0x0000027dcf5e6000 ConcurrentGCThread "G1 Conc#0" [stack: 0x000000bf75d00000,0x000000bf75e00000] [id=3856]
  0x0000027dcf600000 ConcurrentGCThread "G1 Refine#0" [stack: 0x000000bf75e00000,0x000000bf75f00000] [id=17036]
  0x0000027dcf601000 ConcurrentGCThread "G1 Young RemSet Sampling" [stack: 0x000000bf75f00000,0x000000bf76000000] [id=9364]

Threads with active compile tasks:
C2 CompilerThread0     2227 1393   !   4       java.nio.file.FileTreeWalker::next (144 bytes)

VM state:not at safepoint (normal execution)

VM Mutex/Monitor currently owned by a thread: None

Heap address: 0x00000000c1c00000, size: 996 MB, Compressed Oops mode: 32-bit
Narrow klass base: 0x0000000800000000, Narrow klass shift: 3
Compressed class space size: 1073741824 Address: 0x0000000800b30000

Heap:
 garbage-first heap   total 28672K, used 17552K [0x00000000c1c00000, 0x0000000100000000)
  region size 1024K, 6 young (6144K), 1 survivors (1024K)
 Metaspace       used 9302K, capacity 11648K, committed 11904K, reserved 1060864K
  class space    used 1078K, capacity 1360K, committed 1408K, reserved 1048576K
Heap Regions: E=young(eden), S=young(survivor), O=old, HS=humongous(starts), HC=humongous(continues), CS=collection set, F=free, OA=open archive, CA=closed archive, TAMS=top-at-mark-start (previous, next)
|   0|0x00000000c1c00000, 0x00000000c1d00000, 0x00000000c1d00000|100%| O|  |TAMS 0x00000000c1d00000, 0x00000000c1c00000| Untracked 
|   1|0x00000000c1d00000, 0x00000000c1e00000, 0x00000000c1e00000|100%| O|  |TAMS 0x00000000c1e00000, 0x00000000c1d00000| Untracked 
|   2|0x00000000c1e00000, 0x00000000c1f00000, 0x00000000c1f00000|100%| O|  |TAMS 0x00000000c1f00000, 0x00000000c1e00000| Untracked 
|   3|0x00000000c1f00000, 0x00000000c2000000, 0x00000000c2000000|100%| O|  |TAMS 0x00000000c2000000, 0x00000000c1f00000| Untracked 
|   4|0x00000000c2000000, 0x00000000c2100000, 0x00000000c2100000|100%| O|  |TAMS 0x00000000c2100000, 0x00000000c2000000| Untracked 
|   5|0x00000000c2100000, 0x00000000c2200000, 0x00000000c2200000|100%|HS|  |TAMS 0x00000000c2200000, 0x00000000c2100000| Complete 
|   6|0x00000000c2200000, 0x00000000c2300000, 0x00000000c2300000|100%| O|  |TAMS 0x00000000c2300000, 0x00000000c2200000| Untracked 
|   7|0x00000000c2300000, 0x00000000c2400000, 0x00000000c2400000|100%| O|  |TAMS 0x00000000c2400000, 0x00000000c2300000| Untracked 
|   8|0x00000000c2400000, 0x00000000c2500000, 0x00000000c2500000|100%| O|  |TAMS 0x00000000c2500000, 0x00000000c2400000| Untracked 
|   9|0x00000000c2500000, 0x00000000c2600000, 0x00000000c2600000|100%| O|  |TAMS 0x00000000c2530400, 0x00000000c2500000| Untracked 
|  10|0x00000000c2600000, 0x00000000c2700000, 0x00000000c2700000|100%| O|  |TAMS 0x00000000c2600000, 0x00000000c2600000| Untracked 
|  11|0x00000000c2700000, 0x00000000c2800000, 0x00000000c2800000|100%| O|  |TAMS 0x00000000c2700000, 0x00000000c2700000| Untracked 
|  12|0x00000000c2800000, 0x00000000c2824000, 0x00000000c2900000| 14%| O|  |TAMS 0x00000000c2800000, 0x00000000c2800000| Untracked 
|  13|0x00000000c2900000, 0x00000000c2900000, 0x00000000c2a00000|  0%| F|  |TAMS 0x00000000c2900000, 0x00000000c2900000| Untracked 
|  14|0x00000000c2a00000, 0x00000000c2a00000, 0x00000000c2b00000|  0%| F|  |TAMS 0x00000000c2a00000, 0x00000000c2a00000| Untracked 
|  15|0x00000000c2b00000, 0x00000000c2b00000, 0x00000000c2c00000|  0%| F|  |TAMS 0x00000000c2b00000, 0x00000000c2b00000| Untracked 
|  16|0x00000000c2c00000, 0x00000000c2c00000, 0x00000000c2d00000|  0%| F|  |TAMS 0x00000000c2c00000, 0x00000000c2c00000| Untracked 
|  17|0x00000000c2d00000, 0x00000000c2d00000, 0x00000000c2e00000|  0%| F|  |TAMS 0x00000000c2d00000, 0x00000000c2d00000| Untracked 
|  18|0x00000000c2e00000, 0x00000000c2e00000, 0x00000000c2f00000|  0%| F|  |TAMS 0x00000000c2e00000, 0x00000000c2e00000| Untracked 
|  19|0x00000000c2f00000, 0x00000000c2f00000, 0x00000000c3000000|  0%| F|  |TAMS 0x00000000c2f00000, 0x00000000c2f00000| Untracked 
|  20|0x00000000c3000000, 0x00000000c3000000, 0x00000000c3100000|  0%| F|  |TAMS 0x00000000c3000000, 0x00000000c3000000| Untracked 
|  21|0x00000000c3100000, 0x00000000c3200000, 0x00000000c3200000|100%| S|CS|TAMS 0x00000000c3100000, 0x00000000c3100000| Complete 
|  22|0x00000000c3200000, 0x00000000c3200000, 0x00000000c3300000|  0%| F|  |TAMS 0x00000000c3200000, 0x00000000c3200000| Untracked 
|  23|0x00000000c3300000, 0x00000000c3398940, 0x00000000c3400000| 59%| E|  |TAMS 0x00000000c3300000, 0x00000000c3300000| Complete 
|  24|0x00000000c3400000, 0x00000000c3500000, 0x00000000c3500000|100%| E|CS|TAMS 0x00000000c3400000, 0x00000000c3400000| Complete 
|  25|0x00000000c3500000, 0x00000000c3600000, 0x00000000c3600000|100%| E|CS|TAMS 0x00000000c3500000, 0x00000000c3500000| Complete 
|  26|0x00000000c3600000, 0x00000000c3700000, 0x00000000c3700000|100%| E|CS|TAMS 0x00000000c3600000, 0x00000000c3600000| Complete 
|  27|0x00000000c3700000, 0x00000000c3800000, 0x00000000c3800000|100%| E|CS|TAMS 0x00000000c3700000, 0x00000000c3700000| Complete 

Card table byte_map: [0x0000027de8d90000,0x0000027de8f90000] _byte_map_base: 0x0000027de8782000

Marking Bits (Prev, Next): (CMBitMap*) 0x0000027dcf5da4c8, (CMBitMap*) 0x0000027dcf5da488
 Prev Bits: [0x0000027dea120000, 0x0000027deb0b0000)
 Next Bits: [0x0000027de9190000, 0x0000027dea120000)

Polling page: 0x0000027dcf380000

Metaspace:

Usage:
  Non-class:     10.05 MB capacity,     8.03 MB ( 80%) used,     1.99 MB ( 20%) free+waste,    23.88 KB ( <1%) overhead. 
      Class:      1.33 MB capacity,     1.05 MB ( 79%) used,   269.79 KB ( 20%) free+waste,    12.13 KB ( <1%) overhead. 
       Both:     11.38 MB capacity,     9.08 MB ( 80%) used,     2.25 MB ( 20%) free+waste,    36.00 KB ( <1%) overhead. 

Virtual space:
  Non-class space:       12.00 MB reserved,      10.25 MB ( 85%) committed 
      Class space:        1.00 GB reserved,       1.38 MB ( <1%) committed 
             Both:        1.01 GB reserved,      11.63 MB (  1%) committed 

Chunk freelists:
   Non-Class:  16.00 KB
       Class:  16.00 KB
        Both:  32.00 KB

MaxMetaspaceSize: 17179869184.00 GB
CompressedClassSpaceSize: 1.00 GB

CodeHeap 'non-profiled nmethods': size=120000Kb used=472Kb max_used=472Kb free=119527Kb
 bounds [0x0000027de1040000, 0x0000027de12b0000, 0x0000027de8570000]
CodeHeap 'profiled nmethods': size=120000Kb used=2817Kb max_used=2817Kb free=117182Kb
 bounds [0x0000027dd9b10000, 0x0000027dd9de0000, 0x0000027de1040000]
CodeHeap 'non-nmethods': size=5760Kb used=1165Kb max_used=1186Kb free=4594Kb
 bounds [0x0000027dd9570000, 0x0000027dd97e0000, 0x0000027dd9b10000]
 total_blobs=1832 nmethods=1413 adapters=332
 compilation: enabled
              stopped_count=0, restarted_count=0
 full_count=0

Compilation events (20 events):
Event: 2.149 Thread 0x0000027dede3c000 nmethod 1415 0x0000027dd9dc8390 code [0x0000027dd9dc8940, 0x0000027dd9dca048]
Event: 2.149 Thread 0x0000027dede3c000 1417       2       sun.invoke.util.BytecodeDescriptor::unparseMethod (66 bytes)
Event: 2.149 Thread 0x0000027dede3c000 nmethod 1417 0x0000027dd9dcb210 code [0x0000027dd9dcb400, 0x0000027dd9dcb828]
Event: 2.149 Thread 0x0000027dede3c000 1418       2       jdk.nio.zipfs.ZipFileSystem::getInode (36 bytes)
Event: 2.150 Thread 0x0000027dede3c000 nmethod 1418 0x0000027dd9dcba90 code [0x0000027dd9dcbc80, 0x0000027dd9dcbfe8]
Event: 2.150 Thread 0x0000027dede3c000 1419       2       sun.nio.fs.WindowsFileSystemProvider::readAttributes (63 bytes)
Event: 2.150 Thread 0x0000027dede3c000 nmethod 1419 0x0000027dd9dcc210 code [0x0000027dd9dcc400, 0x0000027dd9dcc778]
Event: 2.150 Thread 0x0000027dede3c000 1420       2       sun.nio.fs.WindowsFileAttributeViews$Basic::readAttributes (5 bytes)
Event: 2.151 Thread 0x0000027dede3c000 nmethod 1420 0x0000027dd9dcc910 code [0x0000027dd9dccae0, 0x0000027dd9dccce8]
Event: 2.158 Thread 0x0000027dede3c000 1421       2       java.nio.ByteBuffer::limit (6 bytes)
Event: 2.158 Thread 0x0000027dede3c000 nmethod 1421 0x0000027dd9dcce90 code [0x0000027dd9dcd020, 0x0000027dd9dcd168]
Event: 2.158 Thread 0x0000027dede3c000 1423       2       java.nio.channels.spi.AbstractInterruptibleChannel::begin (48 bytes)
Event: 2.159 Thread 0x0000027dede3c000 nmethod 1423 0x0000027dd9dcd210 code [0x0000027dd9dcd3e0, 0x0000027dd9dcd948]
Event: 2.159 Thread 0x0000027dede3c000 1422       2       java.nio.channels.spi.AbstractInterruptibleChannel::end (53 bytes)
Event: 2.159 Thread 0x0000027dede3c000 nmethod 1422 0x0000027dd9dcdb90 code [0x0000027dd9dcdd60, 0x0000027dd9dce278]
Event: 2.170 Thread 0x0000027dede3c000 1424       2       java.util.HashMap::<init> (8 bytes)
Event: 2.171 Thread 0x0000027dede3c000 nmethod 1424 0x0000027dd9dce490 code [0x0000027dd9dce660, 0x0000027dd9dce788]
Event: 2.172 Thread 0x0000027dede3c000 1425       2       java.util.HashMap::remove (26 bytes)
Event: 2.172 Thread 0x0000027dede3c000 nmethod 1425 0x0000027dd9dce810 code [0x0000027dd9dce9c0, 0x0000027dd9dceb98]
Event: 2.172 Thread 0x0000027dede3c000 1426       2       java.util.HashMap::removeNode (291 bytes)

GC Heap History (20 events):
Event: 1.329 GC heap before
{Heap before GC invocations=10 (full 0):
 garbage-first heap   total 8192K, used 5007K [0x00000000c1c00000, 0x0000000100000000)
  region size 1024K, 2 young (2048K), 1 survivors (1024K)
 Metaspace       used 7513K, capacity 10502K, committed 10752K, reserved 1058816K
  class space    used 913K, capacity 1212K, committed 1280K, reserved 1048576K
}
Event: 1.330 GC heap after
{Heap after GC invocations=11 (full 0):
 garbage-first heap   total 10240K, used 4834K [0x00000000c1c00000, 0x0000000100000000)
  region size 1024K, 1 young (1024K), 1 survivors (1024K)
 Metaspace       used 7513K, capacity 10502K, committed 10752K, reserved 1058816K
  class space    used 913K, capacity 1212K, committed 1280K, reserved 1048576K
}
Event: 1.346 GC heap before
{Heap before GC invocations=11 (full 0):
 garbage-first heap   total 10240K, used 4834K [0x00000000c1c00000, 0x0000000100000000)
  region size 1024K, 2 young (2048K), 1 survivors (1024K)
 Metaspace       used 7518K, capacity 10502K, committed 10752K, reserved 1058816K
  class space    used 913K, capacity 1212K, committed 1280K, reserved 1048576K
}
Event: 1.347 GC heap after
{Heap after GC invocations=12 (full 0):
 garbage-first heap   total 10240K, used 5549K [0x00000000c1c00000, 0x0000000100000000)
  region size 1024K, 1 young (1024K), 1 survivors (1024K)
 Metaspace       used 7518K, capacity 10502K, committed 10752K, reserved 1058816K
  class space    used 913K, capacity 1212K, committed 1280K, reserved 1048576K
}
Event: 1.412 GC heap before
{Heap before GC invocations=13 (full 0):
 garbage-first heap   total 14336K, used 7597K [0x00000000c1c00000, 0x0000000100000000)
  region size 1024K, 2 young (2048K), 1 survivors (1024K)
 Metaspace       used 8016K, capacity 10997K, committed 11264K, reserved 1058816K
  class space    used 947K, capacity 1249K, committed 1280K, reserved 1048576K
}
Event: 1.414 GC heap after
{Heap after GC invocations=14 (full 0):
 garbage-first heap   total 14336K, used 7368K [0x00000000c1c00000, 0x0000000100000000)
  region size 1024K, 1 young (1024K), 1 survivors (1024K)
 Metaspace       used 8016K, capacity 10997K, committed 11264K, reserved 1058816K
  class space    used 947K, capacity 1249K, committed 1280K, reserved 1048576K
}
Event: 1.511 GC heap before
{Heap before GC invocations=14 (full 0):
 garbage-first heap   total 14336K, used 8392K [0x00000000c1c00000, 0x0000000100000000)
  region size 1024K, 2 young (2048K), 1 survivors (1024K)
 Metaspace       used 8327K, capacity 11152K, committed 11264K, reserved 1058816K
  class space    used 970K, capacity 1258K, committed 1280K, reserved 1048576K
}
Event: 1.513 GC heap after
{Heap after GC invocations=15 (full 0):
 garbage-first heap   total 14336K, used 7578K [0x00000000c1c00000, 0x0000000100000000)
  region size 1024K, 1 young (1024K), 1 survivors (1024K)
 Metaspace       used 8327K, capacity 11152K, committed 11264K, reserved 1058816K
  class space    used 970K, capacity 1258K, committed 1280K, reserved 1048576K
}
Event: 1.601 GC heap before
{Heap before GC invocations=16 (full 0):
 garbage-first heap   total 17408K, used 8602K [0x00000000c1c00000, 0x0000000100000000)
  region size 1024K, 2 young (2048K), 1 survivors (1024K)
 Metaspace       used 8561K, capacity 11361K, committed 11648K, reserved 1058816K
  class space    used 994K, capacity 1307K, committed 1408K, reserved 1048576K
}
Event: 1.604 GC heap after
{Heap after GC invocations=17 (full 0):
 garbage-first heap   total 21504K, used 8059K [0x00000000c1c00000, 0x0000000100000000)
  region size 1024K, 1 young (1024K), 1 survivors (1024K)
 Metaspace       used 8561K, capacity 11361K, committed 11648K, reserved 1058816K
  class space    used 994K, capacity 1307K, committed 1408K, reserved 1048576K
}
Event: 1.794 GC heap before
{Heap before GC invocations=17 (full 0):
 garbage-first heap   total 21504K, used 11131K [0x00000000c1c00000, 0x0000000100000000)
  region size 1024K, 4 young (4096K), 1 survivors (1024K)
 Metaspace       used 9200K, capacity 11634K, committed 11904K, reserved 1060864K
  class space    used 1072K, capacity 1355K, committed 1408K, reserved 1048576K
}
Event: 1.799 GC heap after
{Heap after GC invocations=18 (full 0):
 garbage-first heap   total 21504K, used 9298K [0x00000000c1c00000, 0x0000000100000000)
  region size 1024K, 1 young (1024K), 1 survivors (1024K)
 Metaspace       used 9200K, capacity 11634K, committed 11904K, reserved 1060864K
  class space    used 1072K, capacity 1355K, committed 1408K, reserved 1048576K
}
Event: 1.827 GC heap before
{Heap before GC invocations=18 (full 0):
 garbage-first heap   total 21504K, used 11346K [0x00000000c1c00000, 0x0000000100000000)
  region size 1024K, 4 young (4096K), 1 survivors (1024K)
 Metaspace       used 9219K, capacity 11634K, committed 11904K, reserved 1060864K
  class space    used 1072K, capacity 1355K, committed 1408K, reserved 1048576K
}
Event: 1.829 GC heap after
{Heap after GC invocations=19 (full 0):
 garbage-first heap   total 21504K, used 9795K [0x00000000c1c00000, 0x0000000100000000)
  region size 1024K, 1 young (1024K), 1 survivors (1024K)
 Metaspace       used 9219K, capacity 11634K, committed 11904K, reserved 1060864K
  class space    used 1072K, capacity 1355K, committed 1408K, reserved 1048576K
}
Event: 1.919 GC heap before
{Heap before GC invocations=19 (full 0):
 garbage-first heap   total 21504K, used 12867K [0x00000000c1c00000, 0x0000000100000000)
  region size 1024K, 4 young (4096K), 1 survivors (1024K)
 Metaspace       used 9241K, capacity 11634K, committed 11904K, reserved 1060864K
  class space    used 1072K, capacity 1355K, committed 1408K, reserved 1048576K
}
Event: 1.921 GC heap after
{Heap after GC invocations=20 (full 0):
 garbage-first heap   total 21504K, used 10843K [0x00000000c1c00000, 0x0000000100000000)
  region size 1024K, 1 young (1024K), 1 survivors (1024K)
 Metaspace       used 9241K, capacity 11634K, committed 11904K, reserved 1060864K
  class space    used 1072K, capacity 1355K, committed 1408K, reserved 1048576K
}
Event: 1.983 GC heap before
{Heap before GC invocations=21 (full 0):
 garbage-first heap   total 21504K, used 12891K [0x00000000c1c00000, 0x0000000100000000)
  region size 1024K, 4 young (4096K), 1 survivors (1024K)
 Metaspace       used 9257K, capacity 11634K, committed 11904K, reserved 1060864K
  class space    used 1072K, capacity 1355K, committed 1408K, reserved 1048576K
}
Event: 1.986 GC heap after
{Heap after GC invocations=22 (full 0):
 garbage-first heap   total 28672K, used 12088K [0x00000000c1c00000, 0x0000000100000000)
  region size 1024K, 1 young (1024K), 1 survivors (1024K)
 Metaspace       used 9257K, capacity 11634K, committed 11904K, reserved 1060864K
  class space    used 1072K, capacity 1355K, committed 1408K, reserved 1048576K
}
Event: 2.069 GC heap before
{Heap before GC invocations=22 (full 0):
 garbage-first heap   total 28672K, used 17208K [0x00000000c1c00000, 0x0000000100000000)
  region size 1024K, 7 young (7168K), 1 survivors (1024K)
 Metaspace       used 9261K, capacity 11634K, committed 11904K, reserved 1060864K
  class space    used 1073K, capacity 1355K, committed 1408K, reserved 1048576K
}
Event: 2.072 GC heap after
{Heap after GC invocations=23 (full 0):
 garbage-first heap   total 28672K, used 13456K [0x00000000c1c00000, 0x0000000100000000)
  region size 1024K, 1 young (1024K), 1 survivors (1024K)
 Metaspace       used 9261K, capacity 11634K, committed 11904K, reserved 1060864K
  class space    used 1073K, capacity 1355K, committed 1408K, reserved 1048576K
}

Deoptimization events (20 events):
Event: 1.739 Thread 0x0000027dcf4ac000 Uncommon trap: trap_request=0xffffff45 fr.pc=0x0000027de109cc80 relative=0x0000000000000120
Event: 1.739 Thread 0x0000027dcf4ac000 Uncommon trap: reason=unstable_if action=reinterpret pc=0x0000027de109cc80 method=java.util.HashMap.getNode(ILjava/lang/Object;)Ljava/util/HashMap$Node; @ 62 c2
Event: 1.739 Thread 0x0000027dcf4ac000 DEOPT PACKING pc=0x0000027de109cc80 sp=0x000000bf75afdec0
Event: 1.739 Thread 0x0000027dcf4ac000 DEOPT UNPACKING pc=0x0000027dd95b912f sp=0x000000bf75afde30 mode 2
Event: 2.148 Thread 0x0000027dcf4ac000 Uncommon trap: trap_request=0xffffffde fr.pc=0x0000027de10b4318 relative=0x00000000000006b8
Event: 2.148 Thread 0x0000027dcf4ac000 Uncommon trap: reason=class_check action=maybe_recompile pc=0x0000027de10b4318 method=jdk.nio.zipfs.ZipFileSystem.getInode([B)Ljdk/nio/zipfs/ZipFileSystem$IndexNode; @ 9 c2
Event: 2.148 Thread 0x0000027dcf4ac000 DEOPT PACKING pc=0x0000027de10b4318 sp=0x000000bf75afdee0
Event: 2.148 Thread 0x0000027dcf4ac000 DEOPT UNPACKING pc=0x0000027dd95b912f sp=0x000000bf75afde90 mode 2
Event: 2.148 Thread 0x0000027dcf4ac000 Uncommon trap: trap_request=0xffffffde fr.pc=0x0000027de10b4318 relative=0x00000000000006b8
Event: 2.148 Thread 0x0000027dcf4ac000 Uncommon trap: reason=class_check action=maybe_recompile pc=0x0000027de10b4318 method=jdk.nio.zipfs.ZipFileSystem.getInode([B)Ljdk/nio/zipfs/ZipFileSystem$IndexNode; @ 9 c2
Event: 2.148 Thread 0x0000027dcf4ac000 DEOPT PACKING pc=0x0000027de10b4318 sp=0x000000bf75afe020
Event: 2.149 Thread 0x0000027dcf4ac000 DEOPT UNPACKING pc=0x0000027dd95b912f sp=0x000000bf75afdfd0 mode 2
Event: 2.149 Thread 0x0000027dcf4ac000 Uncommon trap: trap_request=0xffffffde fr.pc=0x0000027de10b4318 relative=0x00000000000006b8
Event: 2.149 Thread 0x0000027dcf4ac000 Uncommon trap: reason=class_check action=maybe_recompile pc=0x0000027de10b4318 method=jdk.nio.zipfs.ZipFileSystem.getInode([B)Ljdk/nio/zipfs/ZipFileSystem$IndexNode; @ 9 c2
Event: 2.149 Thread 0x0000027dcf4ac000 DEOPT PACKING pc=0x0000027de10b4318 sp=0x000000bf75afe030
Event: 2.149 Thread 0x0000027dcf4ac000 DEOPT UNPACKING pc=0x0000027dd95b912f sp=0x000000bf75afdfe0 mode 2
Event: 2.149 Thread 0x0000027dcf4ac000 Uncommon trap: trap_request=0xffffffde fr.pc=0x0000027de10b4318 relative=0x00000000000006b8
Event: 2.149 Thread 0x0000027dcf4ac000 Uncommon trap: reason=class_check action=maybe_recompile pc=0x0000027de10b4318 method=jdk.nio.zipfs.ZipFileSystem.getInode([B)Ljdk/nio/zipfs/ZipFileSystem$IndexNode; @ 9 c2
Event: 2.149 Thread 0x0000027dcf4ac000 DEOPT PACKING pc=0x0000027de10b4318 sp=0x000000bf75afde90
Event: 2.149 Thread 0x0000027dcf4ac000 DEOPT UNPACKING pc=0x0000027dd95b912f sp=0x000000bf75afde40 mode 2

Classes unloaded (0 events):
No events

Classes redefined (0 events):
No events

Internal exceptions (20 events):
Event: 1.021 Thread 0x0000027dcf4ac000 Exception <a 'java/lang/NoSuchMethodError'{0x00000000c2352148}: 'void java.lang.invoke.DirectMethodHandle$Holder.invokeSpecial(java.lang.Object, java.lang.Object, java.lang.Object, java.lang.Object)'> (0x00000000c2352148) 
thrown [./open/src/hotspot/share/interpreter/linkResolver.cpp, line 766]
Event: 1.022 Thread 0x0000027dcf4ac000 Exception <a 'java/lang/NoSuchMethodError'{0x00000000c2358580}: 'int java.lang.invoke.DirectMethodHandle$Holder.invokeVirtual(java.lang.Object, java.lang.Object, java.lang.Object)'> (0x00000000c2358580) 
thrown [./open/src/hotspot/share/interpreter/linkResolver.cpp, line 766]
Event: 1.046 Thread 0x0000027dcf4ac000 Exception <a 'java/lang/NoSuchMethodError'{0x00000000c2399460}: 'int java.lang.invoke.DirectMethodHandle$Holder.invokeSpecialIFC(java.lang.Object, java.lang.Object, int)'> (0x00000000c2399460) 
thrown [./open/src/hotspot/share/interpreter/linkResolver.cpp, line 766]
Event: 1.128 Thread 0x0000027dcf4ac000 Exception <a 'java/lang/NoSuchMethodError'{0x00000000c21aef78}: 'int java.lang.invoke.DirectMethodHandle$Holder.invokeStaticInit(java.lang.Object, java.lang.Object)'> (0x00000000c21aef78) 
thrown [./open/src/hotspot/share/interpreter/linkResolver.cpp, line 766]
Event: 1.201 Thread 0x0000027dcf4ac000 Exception <a 'java/lang/NoSuchMethodError'{0x00000000c2371740}: 'int java.lang.invoke.DirectMethodHandle$Holder.invokeVirtual(java.lang.Object, java.lang.Object)'> (0x00000000c2371740) 
thrown [./open/src/hotspot/share/interpreter/linkResolver.cpp, line 766]
Event: 1.208 Thread 0x0000027dcf4ac000 Exception <a 'java/lang/NoSuchMethodError'{0x00000000c239f820}: 'java.lang.Object java.lang.invoke.Invokers$Holder.linkToTargetMethod(java.lang.Object, java.lang.Object, java.lang.Object, java.lang.Object, java.lang.Object, java.lang.Object)'> (0x00000000c239f820) 
thrown [./open/src/hotspot/share/interpreter/linkResolver.cpp, line 766]
Event: 1.224 Thread 0x0000027dcf4ac000 Exception <a 'sun/nio/fs/WindowsException'{0x00000000c23f00e0}> (0x00000000c23f00e0) 
thrown [./open/src/hotspot/share/prims/jni.cpp, line 599]
Event: 1.224 Thread 0x0000027dcf4ac000 Exception <a 'sun/nio/fs/WindowsException'{0x00000000c23f0560}> (0x00000000c23f0560) 
thrown [./open/src/hotspot/share/prims/jni.cpp, line 599]
Event: 1.474 Thread 0x0000027dcf4ac000 Exception <a 'sun/nio/fs/WindowsException'{0x00000000c28639b8}> (0x00000000c28639b8) 
thrown [./open/src/hotspot/share/prims/jni.cpp, line 599]
Event: 1.474 Thread 0x0000027dcf4ac000 Exception <a 'sun/nio/fs/WindowsException'{0x00000000c2863c78}> (0x00000000c2863c78) 
thrown [./open/src/hotspot/share/prims/jni.cpp, line 599]
Event: 1.474 Thread 0x0000027dcf4ac000 Exception <a 'sun/nio/fs/WindowsException'{0x00000000c2864870}> (0x00000000c2864870) 
thrown [./open/src/hotspot/share/prims/jni.cpp, line 599]
Event: 1.474 Thread 0x0000027dcf4ac000 Exception <a 'sun/nio/fs/WindowsException'{0x00000000c2864b70}> (0x00000000c2864b70) 
thrown [./open/src/hotspot/share/prims/jni.cpp, line 599]
Event: 1.560 Thread 0x0000027dcf4ac000 Exception <a 'java/lang/NoSuchMethodError'{0x00000000c293c828}: 'int java.lang.invoke.DirectMethodHandle$Holder.invokeSpecial(java.lang.Object, java.lang.Object, java.lang.Object, java.lang.Object)'> (0x00000000c293c828) 
thrown [./open/src/hotspot/share/interpreter/linkResolver.cpp, line 766]
Event: 1.564 Thread 0x0000027dcf4ac000 Exception <a 'java/lang/NoSuchMethodError'{0x00000000c294e388}: 'java.lang.Object java.lang.invoke.DirectMethodHandle$Holder.invokeVirtual(java.lang.Object, java.lang.Object, java.lang.Object, int, int)'> (0x00000000c294e388) 
thrown [./open/src/hotspot/share/interpreter/linkResolver.cpp, line 766]
Event: 1.565 Thread 0x0000027dcf4ac000 Exception <a 'java/lang/NoSuchMethodError'{0x00000000c2954740}: 'java.lang.Object java.lang.invoke.DirectMethodHandle$Holder.invokeVirtual(java.lang.Object, java.lang.Object, int)'> (0x00000000c2954740) 
thrown [./open/src/hotspot/share/interpreter/linkResolver.cpp, line 766]
Event: 1.570 Thread 0x0000027dcf4ac000 Exception <a 'java/lang/NoSuchMethodError'{0x00000000c295d328}: 'java.lang.Object java.lang.invoke.DirectMethodHandle$Holder.invokeSpecial(java.lang.Object, java.lang.Object, java.lang.Object, int, int)'> (0x00000000c295d328) 
thrown [./open/src/hotspot/share/interpreter/linkResolver.cpp, line 766]
Event: 1.723 Thread 0x0000027dcf4ac000 Implicit null exception at 0x0000027de10a022c to 0x0000027de10a03fa
Event: 2.147 Thread 0x0000027dcf4ac000 Exception <a 'java/lang/NoSuchMethodError'{0x00000000c352c598}: 'void java.lang.invoke.DirectMethodHandle$Holder.invokeSpecial(java.lang.Object, java.lang.Object, java.lang.Object, java.lang.Object, java.lang.Object)'> (0x00000000c352c598) 
thrown [./open/src/hotspot/share/interpreter/linkResolver.cpp, line 766]
Event: 2.160 Thread 0x0000027dcf4ac000 Exception <a 'sun/nio/fs/WindowsException'{0x00000000c358dd88}> (0x00000000c358dd88) 
thrown [./open/src/hotspot/share/prims/jni.cpp, line 599]
Event: 2.160 Thread 0x0000027dcf4ac000 Exception <a 'sun/nio/fs/WindowsException'{0x00000000c358e5f0}> (0x00000000c358e5f0) 
thrown [./open/src/hotspot/share/prims/jni.cpp, line 599]

Events (20 events):
Event: 1.827 Executing VM operation: G1CollectForAllocation
Event: 1.829 Executing VM operation: G1CollectForAllocation done
Event: 1.919 Executing VM operation: G1CollectForAllocation
Event: 1.922 Executing VM operation: G1CollectForAllocation done
Event: 1.934 Executing VM operation: G1Concurrent
Event: 1.935 Executing VM operation: G1Concurrent done
Event: 1.941 Executing VM operation: G1Concurrent
Event: 1.941 Executing VM operation: G1Concurrent done
Event: 1.983 Executing VM operation: G1CollectForAllocation
Event: 1.986 Executing VM operation: G1CollectForAllocation done
Event: 1.991 loading class java/util/concurrent/locks/AbstractQueuedSynchronizer$Node
Event: 1.991 loading class java/util/concurrent/locks/AbstractQueuedSynchronizer$Node done
Event: 2.069 Executing VM operation: G1CollectForAllocation
Event: 2.072 Executing VM operation: G1CollectForAllocation done
Event: 2.144 loading class java/util/regex/Pattern$Dollar
Event: 2.144 loading class java/util/regex/Pattern$Dollar done
Event: 2.145 loading class java/util/TreeMap$Values
Event: 2.145 loading class java/util/TreeMap$Values done
Event: 2.146 loading class java/util/TreeMap$ValueIterator
Event: 2.147 loading class java/util/TreeMap$ValueIterator done


Dynamic libraries:
0x00007ff764730000 - 0x00007ff764737000 	C:\Program Files\Java\jdk-14.0.2\bin\javac.exe
0x00007ff94b0f0000 - 0x00007ff94b2e5000 	C:\WINDOWS\SYSTEM32\ntdll.dll
0x00007ff94aae0000 - 0x00007ff94ab9d000 	C:\WINDOWS\System32\KERNEL32.DLL
0x00007ff948d50000 - 0x00007ff949017000 	C:\WINDOWS\System32\KERNELBASE.dll
0x00007ff948b70000 - 0x00007ff948c70000 	C:\WINDOWS\System32\ucrtbase.dll
0x00007ff939d30000 - 0x00007ff939d48000 	C:\Program Files\Java\jdk-14.0.2\bin\jli.dll
0x00007ff94aed0000 - 0x00007ff94af7a000 	C:\WINDOWS\System32\ADVAPI32.dll
0x00007ff949ab0000 - 0x00007ff949b4e000 	C:\WINDOWS\System32\msvcrt.dll
0x00007ff949600000 - 0x00007ff94969b000 	C:\WINDOWS\System32\sechost.dll
0x00007ff94aba0000 - 0x00007ff94acc4000 	C:\WINDOWS\System32\RPCRT4.dll
0x00007ff94a940000 - 0x00007ff94aae0000 	C:\WINDOWS\System32\USER32.dll
0x00007ff9488d0000 - 0x00007ff9488f2000 	C:\WINDOWS\System32\win32u.dll
0x00007ff94a910000 - 0x00007ff94a93a000 	C:\WINDOWS\System32\GDI32.dll
0x00007ff948a60000 - 0x00007ff948b69000 	C:\WINDOWS\System32\gdi32full.dll
0x00007ff948830000 - 0x00007ff9488cd000 	C:\WINDOWS\System32\msvcp_win.dll
0x00007ff9214a0000 - 0x00007ff9214b5000 	C:\Program Files\Java\jdk-14.0.2\bin\VCRUNTIME140.dll
0x00007ff9371c0000 - 0x00007ff93745b000 	C:\WINDOWS\WinSxS\amd64_microsoft.windows.common-controls_6595b64144ccf1df_6.0.19041.488_none_ca04af081b815d21\COMCTL32.dll
0x00007ff938370000 - 0x00007ff93837a000 	C:\WINDOWS\SYSTEM32\VERSION.dll
0x00007ff949150000 - 0x00007ff949180000 	C:\WINDOWS\System32\IMM32.DLL
0x00007ff915c00000 - 0x00007ff915c9b000 	C:\Program Files\Java\jdk-14.0.2\bin\msvcp140.dll
0x00007ff910330000 - 0x00007ff910e4e000 	C:\Program Files\Java\jdk-14.0.2\bin\server\jvm.dll
0x00007ff949e10000 - 0x00007ff949e18000 	C:\WINDOWS\System32\PSAPI.DLL
0x00007ff9336d0000 - 0x00007ff9336d9000 	C:\WINDOWS\SYSTEM32\WSOCK32.dll
0x00007ff94a090000 - 0x00007ff94a0fb000 	C:\WINDOWS\System32\WS2_32.dll
0x00007ff93a380000 - 0x00007ff93a3a7000 	C:\WINDOWS\SYSTEM32\WINMM.dll
0x00007ff946790000 - 0x00007ff9467a3000 	C:\WINDOWS\SYSTEM32\kernel.appcore.dll
0x00007ff9326a0000 - 0x00007ff9326aa000 	C:\Program Files\Java\jdk-14.0.2\bin\jimage.dll
0x00007ff945eb0000 - 0x00007ff946094000 	C:\WINDOWS\SYSTEM32\DBGHELP.DLL
0x00007ff935f00000 - 0x00007ff935f2c000 	C:\WINDOWS\SYSTEM32\dbgcore.DLL
0x00007ff9490d0000 - 0x00007ff94914f000 	C:\WINDOWS\System32\bcryptPrimitives.dll
0x00007ff91c790000 - 0x00007ff91c7b5000 	C:\Program Files\Java\jdk-14.0.2\bin\java.dll
0x00007ff920e60000 - 0x00007ff920e76000 	C:\Program Files\Java\jdk-14.0.2\bin\zip.dll
0x00007ff94a100000 - 0x00007ff94a841000 	C:\WINDOWS\System32\SHELL32.dll
0x00007ff946990000 - 0x00007ff947123000 	C:\WINDOWS\SYSTEM32\windows.storage.dll
0x00007ff9496a0000 - 0x00007ff9499f5000 	C:\WINDOWS\System32\combase.dll
0x00007ff9482a0000 - 0x00007ff9482cc000 	C:\WINDOWS\SYSTEM32\Wldp.dll
0x00007ff949d00000 - 0x00007ff949dae000 	C:\WINDOWS\System32\SHCORE.dll
0x00007ff949db0000 - 0x00007ff949e05000 	C:\WINDOWS\System32\shlwapi.dll
0x00007ff948760000 - 0x00007ff948786000 	C:\WINDOWS\SYSTEM32\profapi.dll
0x00007ff920250000 - 0x00007ff920269000 	C:\Program Files\Java\jdk-14.0.2\bin\net.dll
0x00007ff93a8d0000 - 0x00007ff93a9d0000 	C:\WINDOWS\SYSTEM32\WINHTTP.dll
0x00007ff948020000 - 0x00007ff94808a000 	C:\WINDOWS\system32\mswsock.dll
0x00007ff91cf90000 - 0x00007ff91cfa2000 	C:\Program Files\Java\jdk-14.0.2\bin\nio.dll

dbghelp: loaded successfully - version: 4.0.5 - missing functions: none
symbol engine: initialized successfully - sym options: 0x614 - pdb path: .;C:\Program Files\Java\jdk-14.0.2\bin;C:\WINDOWS\SYSTEM32;C:\WINDOWS\WinSxS\amd64_microsoft.windows.common-controls_6595b64144ccf1df_6.0.19041.488_none_ca04af081b815d21;C:\Program Files\Java\jdk-14.0.2\bin\server

VM Arguments:
jvm_args: -Dapplication.home=C:\Program Files\Java\jdk-14.0.2 --add-modules=ALL-DEFAULT -Xms8m -Djdk.module.main=jdk.compiler 
java_command: jdk.compiler/com.sun.tools.javac.Main -d C:\JAVA4\FPOLY_DA1_Vu_Hoang_Phuc_1\FPOLY_DA1\build\classes -classpath C:\JAVA4\FPOLY_DA1_Vu_Hoang_Phuc_1\FPOLY_DA1\build\classes;C:\Program Files\NetBeans-12.1\netbeans\java\modules\ext\AbsoluteLayout.jar;C:\Users\nguye\Downloads\javax.mail.jar;C:\JAVA4\FPOLY_DA1_Vu_Hoang_Phuc_1\FPOLY_DA1\src\lib\AnimatonClass.jar;C:\JAVA4\FPOLY_DA1_Vu_Hoang_Phuc_1\FPOLY_DA1\src\lib\JPlanner.jar;C:\JAVA4\FPOLY_DA1_Vu_Hoang_Phuc_1\FPOLY_DA1\src\lib\SparseBitSet-1.2.jar;C:\JAVA4\FPOLY_DA1_Vu_Hoang_Phuc_1\FPOLY_DA1\src\lib\activation-1.1.1.jar;C:\JAVA4\FPOLY_DA1_Vu_Hoang_Phuc_1\FPOLY_DA1\src\lib\bridj-0.6.2-windows-only.jar;C:\JAVA4\FPOLY_DA1_Vu_Hoang_Phuc_1\FPOLY_DA1\src\lib\commons-beanutils-1.8.3.jar;C:\JAVA4\FPOLY_DA1_Vu_Hoang_Phuc_1\FPOLY_DA1\src\lib\commons-codec-1.13.jar;C:\JAVA4\FPOLY_DA1_Vu_Hoang_Phuc_1\FPOLY_DA1\src\lib\commons-collections-3.2.1-1.0.0.jar;C:\JAVA4\FPOLY_DA1_Vu_Hoang_Phuc_1\FPOLY_DA1\src\lib\commons-collections4-4.4.jar;C:\JAVA4\FPOLY_DA1_Vu_Hoang_Phuc_1\FPOLY_DA1\src\lib\commons-compress-1.19.jar;C:\JAVA4\FPOLY_DA1_Vu_Hoang_Phuc_1\FPOLY_DA1\src\lib\commons-digester-2.1.jar;C:\JAVA4\FPOLY_DA1_Vu_Hoang_Phuc_1\FPOLY_DA1\src\lib\commons-digester3-3.2-javadoc.jar;C:\JAVA4\FPOLY_DA1_Vu_Hoang_Phuc_1\FPOLY_DA1\src\lib\commons-digester3-3.2-sources.jar;C:\JAVA4\FPOLY_DA1_Vu_Hoang_Phuc_1\FPOLY_DA1\src\lib\commons-digester3-3.2-with-deps.jar;C:\JAVA4\FPOLY_DA1_Vu_Hoang_Phuc_1\FPOLY_DA1\src\lib\commons-digester3-3.2.jar;C:\JAVA4\FPOLY_DA1_Vu_Hoang_Phuc_1\FPOLY_DA1\src\lib\commons-logging-1.2.jar;C:\JAVA4\FPOLY_DA1_Vu_Hoang_Phuc_1\FPOLY_DA1\src\lib\commons-logging-api-1.1.jar;C:\JAVA4\FPOLY_DA1_Vu_Hoang_Phuc_1\FPOLY_DA1\src\lib\commons-math3-3.6.1.jar;C:\JAVA4\FPOLY_DA1_Vu_Hoang_Phuc_1\FPOLY_DA1\src\lib\core-3.3.0.jar;C:\JAVA4\FPOLY_DA1_Vu_Hoang_Phuc_1\FPOLY_DA1\src\lib\curvesapi-1.06.jar;C:\JAVA4\FPOLY_DA1_Vu_Hoang_Phuc_1\FPOLY_DA1\src\lib\groovy-all-2.1.3.jar;C:\JAVA4\FPOLY_DA1_Vu_Hoang_Phuc_1\FPOLY_DA1\src\lib\it
java_class_path (initial): <not set>
Launcher Type: SUN_STANDARD

[Global flags]
     intx CICompilerCount                          = 3                                         {product} {ergonomic}
     uint ConcGCThreads                            = 1                                         {product} {ergonomic}
     uint G1ConcRefinementThreads                  = 4                                         {product} {ergonomic}
   size_t G1HeapRegionSize                         = 1048576                                   {product} {ergonomic}
    uintx GCDrainStackTargetSize                   = 64                                        {product} {ergonomic}
   size_t InitialHeapSize                          = 8388608                                   {product} {command line}
   size_t MarkStackSize                            = 4194304                                   {product} {ergonomic}
   size_t MaxHeapSize                              = 1044381696                                {product} {ergonomic}
   size_t MaxNewSize                               = 625999872                                 {product} {ergonomic}
   size_t MinHeapDeltaBytes                        = 1048576                                   {product} {ergonomic}
   size_t MinHeapSize                              = 8388608                                   {product} {command line}
    uintx NonNMethodCodeHeapSize                   = 5832780                                {pd product} {ergonomic}
    uintx NonProfiledCodeHeapSize                  = 122912730                              {pd product} {ergonomic}
    uintx ProfiledCodeHeapSize                     = 122912730                              {pd product} {ergonomic}
    uintx ReservedCodeCacheSize                    = 251658240                              {pd product} {ergonomic}
     bool SegmentedCodeCache                       = true                                      {product} {ergonomic}
   size_t SoftMaxHeapSize                          = 1044381696                             {manageable} {ergonomic}
     bool UseCompressedClassPointers               = true                                 {lp64_product} {ergonomic}
     bool UseCompressedOops                        = true                                 {lp64_product} {ergonomic}
     bool UseG1GC                                  = true                                      {product} {ergonomic}
     bool UseLargePagesIndividualAllocation        = false                                  {pd product} {ergonomic}

Logging:
Log output configuration:
 #0: stdout all=warning uptime,level,tags
 #1: stderr all=off uptime,level,tags

Environment Variables:
PATH=C:\Program Files (x86)\Common Files\Oracle\Java\javapath;C:\WINDOWS\system32;C:\WINDOWS;C:\WINDOWS\System32\Wbem;C:\WINDOWS\System32\WindowsPowerShell\v1.0\;C:\WINDOWS\System32\OpenSSH\;C:\Program Files\Microsoft SQL Server\Client SDK\ODBC\170\Tools\Binn\;C:\Program Files (x86)\Microsoft SQL Server\150\Tools\Binn\;C:\Program Files\Microsoft SQL Server\150\Tools\Binn\;C:\Program Files\Microsoft SQL Server\150\DTS\Binn\;C:\Program Files (x86)\Microsoft SQL Server\150\DTS\Binn\;C:\Users\nguye\AppData\Local\Microsoft\WindowsApps;C:\Users\nguye\AppData\Local\Programs\Microsoft VS Code\bin;C:\Program Files\JetBrains\IntelliJ IDEA 2020.2.2\bin;;C:\Program Files\JetBrains\PyCharm Community Edition 2020.2.3\bin;
USERNAME=nguye
OS=Windows_NT
PROCESSOR_IDENTIFIER=Intel64 Family 6 Model 142 Stepping 12, GenuineIntel



---------------  S Y S T E M  ---------------

OS: Windows 10 , 64 bit Build 19041 (10.0.19041.292)
OS uptime: 1 days 8:24 hours

CPU:total 4 (initial active 4) (2 cores per cpu, 2 threads per core) family 6 model 142 stepping 12, cmov, cx8, fxsr, mmx, sse, sse2, sse3, ssse3, sse4.1, sse4.2, popcnt, avx, avx2, aes, clmul, erms, 3dnowpref, lzcnt, ht, tsc, tscinvbit, bmi1, bmi2, adx, fma

Memory: 4k page, system-wide physical 3976M (147M free)
TotalPageFile size 16264M (AvailPageFile size 3M)
current process WorkingSet (physical memory assigned to process): 91M, peak: 92M
current process commit charge ("private bytes"): 126M, peak: 127M

vm_info: Java HotSpot(TM) 64-Bit Server VM (14.0.2+12-46) for windows-amd64 JRE (14.0.2+12-46), built on Jul  9 2020 00:35:52 by "mach5one" with MS VC++ 15.9 (VS2017)

END.
