#
# There is insufficient memory for the Java Runtime Environment to continue.
# Native memory allocation (mmap) failed to map 2097152 bytes for Failed to commit area from 0x00000000c2400000 to 0x00000000c2600000 of length 2097152.
# Possible reasons:
#   The system is out of physical RAM or swap space
#   The process is running with CompressedOops enabled, and the Java Heap may be blocking the growth of the native heap
# Possible solutions:
#   Reduce memory load on the system
#   Increase physical memory or swap space
#   Check if swap backing store is full
#   Decrease Java heap size (-Xmx/-Xms)
#   Decrease number of Java threads
#   Decrease Java thread stack sizes (-Xss)
#   Set larger code cache with -XX:ReservedCodeCacheSize=
#   JVM is running with Unscaled Compressed Oops mode in which the Java heap is
#     placed in the first 4GB address space. The Java Heap base address is the
#     maximum limit for the native heap growth. Please use -XX:HeapBaseMinAddress
#     to set the Java Heap base and to place the Java Heap above 4GB virtual address.
# This output file may be truncated or incomplete.
#
#  Out of Memory Error (./open/src/hotspot/os/windows/os_windows.cpp:3315), pid=9680, tid=12860
#
# JRE version: Java(TM) SE Runtime Environment (14.0.2+12) (build 14.0.2+12-46)
# Java VM: Java HotSpot(TM) 64-Bit Server VM (14.0.2+12-46, mixed mode, sharing, tiered, compressed oops, g1 gc, windows-amd64)
# No core dump will be written. Minidumps are not enabled by default on client versions of Windows
#

---------------  S U M M A R Y ------------

Command Line: -Dapplication.home=C:\Program Files\Java\jdk-14.0.2 --add-modules=ALL-DEFAULT -Xms8m -Djdk.module.main=jdk.compiler jdk.compiler/com.sun.tools.javac.Main -d C:\JAVA4\FPOLY_DA1_Vu_Hoang_Phuc_1\FPOLY_DA1\build\classes -classpath C:\JAVA4\FPOLY_DA1_Vu_Hoang_Phuc_1\FPOLY_DA1\build\classes;C:\Program Files\NetBeans-12.1\netbeans\java\modules\ext\AbsoluteLayout.jar;C:\Users\nguye\Downloads\javax.mail.jar;C:\JAVA4\FPOLY_DA1_Vu_Hoang_Phuc_1\FPOLY_DA1\src\lib\AnimatonClass.jar;C:\JAVA4\FPOLY_DA1_Vu_Hoang_Phuc_1\FPOLY_DA1\src\lib\JPlanner.jar;C:\JAVA4\FPOLY_DA1_Vu_Hoang_Phuc_1\FPOLY_DA1\src\lib\SparseBitSet-1.2.jar;C:\JAVA4\FPOLY_DA1_Vu_Hoang_Phuc_1\FPOLY_DA1\src\lib\activation-1.1.1.jar;C:\JAVA4\FPOLY_DA1_Vu_Hoang_Phuc_1\FPOLY_DA1\src\lib\bridj-0.6.2-windows-only.jar;C:\JAVA4\FPOLY_DA1_Vu_Hoang_Phuc_1\FPOLY_DA1\src\lib\commons-beanutils-1.8.3.jar;C:\JAVA4\FPOLY_DA1_Vu_Hoang_Phuc_1\FPOLY_DA1\src\lib\commons-codec-1.13.jar;C:\JAVA4\FPOLY_DA1_Vu_Hoang_Phuc_1\FPOLY_DA1\src\lib\commons-collections-3.2.1-1.0.0.jar;C:\JAVA4\FPOLY_DA1_Vu_Hoang_Phuc_1\FPOLY_DA1\src\lib\commons-collections4-4.4.jar;C:\JAVA4\FPOLY_DA1_Vu_Hoang_Phuc_1\FPOLY_DA1\src\lib\commons-compress-1.19.jar;C:\JAVA4\FPOLY_DA1_Vu_Hoang_Phuc_1\FPOLY_DA1\src\lib\commons-digester-2.1.jar;C:\JAVA4\FPOLY_DA1_Vu_Hoang_Phuc_1\FPOLY_DA1\src\lib\commons-digester3-3.2-javadoc.jar;C:\JAVA4\FPOLY_DA1_Vu_Hoang_Phuc_1\FPOLY_DA1\src\lib\commons-digester3-3.2-sources.jar;C:\JAVA4\FPOLY_DA1_Vu_Hoang_Phuc_1\FPOLY_DA1\src\lib\commons-digester3-3.2-with-deps.jar;C:\JAVA4\FPOLY_DA1_Vu_Hoang_Phuc_1\FPOLY_DA1\src\lib\commons-digester3-3.2.jar;C:\JAVA4\FPOLY_DA1_Vu_Hoang_Phuc_1\FPOLY_DA1\src\lib\commons-logging-1.2.jar;C:\JAVA4\FPOLY_DA1_Vu_Hoang_Phuc_1\FPOLY_DA1\src\lib\commons-logging-api-1.1.jar;C:\JAVA4\FPOLY_DA1_Vu_Hoang_Phuc_1\FPOLY_DA1\src\lib\commons-math3-3.6.1.jar;C:\JAVA4\FPOLY_DA1_Vu_Hoang_Phuc_1\FPOLY_DA1\src\lib\core-3.3.0.jar;C:\JAVA4\FPOLY_DA1_Vu_Hoang_Phuc_1\FPOLY_DA1\src\lib\curvesapi-1.06.jar;C:\JAVA4\FPOLY_DA1_Vu_Hoang_Phuc_1\FPOLY_DA1\src\lib\groovy-all-2.1.3.jar;C:\JAVA4\FPOLY_DA1_Vu_Hoang_Phuc_1\FPOLY_DA1\src\lib\itext-2.1.7.jar;C:\JAVA4\FPOLY_DA1_Vu_Hoang_Phuc_1\FPOLY_DA1\src\lib\itext-pdfa-5.4.0.jar;C:\JAVA4\FPOLY_DA1_Vu_Hoang_Phuc_1\FPOLY_DA1\src\lib\itextpdf-5.3.4.jar;C:\JAVA4\FPOLY_DA1_Vu_Hoang_Phuc_1\FPOLY_DA1\src\lib\jasperreports-6.10.0.jar;C:\JAVA4\FPOLY_DA1_Vu_Hoang_Phuc_1\FPOLY_DA1\src\lib\jasperreports-fonts-6.10.0.jar;C:\JAVA4\FPOLY_DA1_Vu_Hoang_Phuc_1\FPOLY_DA1\src\lib\jasperreports-fonts-6.14.0.jar;C:\JAVA4\FPOLY_DA1_Vu_Hoang_Phuc_1\FPOLY_DA1\src\lib\jasperreports-javaflow.jar;C:\JAVA4\FPOLY_DA1_Vu_Hoang_Phuc_1\FPOLY_DA1\src\lib\javase-3.3.0.jar;C:\JAVA4\FPOLY_DA1_Vu_Hoang_Phuc_1\FPOLY_DA1\src\lib\javax.mail.jar;C:\JAVA4\FPOLY_DA1_Vu_Hoang_Phuc_1\FPOLY_DA1\src\lib\jaxb-api-2.3.1.jar;C:\JAVA4\FPOLY_DA1_Vu_Hoang_Phuc_1\FPOLY_DA1\src\lib\jaxb-core-2.3.0.1.jar;C:\JAVA4\FPOLY_DA1_Vu_Hoang_Phuc_1\FPOLY_DA1\src\lib\jaxb-impl-2.3.2.jar;C:\JAVA4\FPOLY_DA1_Vu_Hoang_Phuc_1\FPOLY_DA1\src\lib\jcommon-1.0.23.jar;C:\JAVA4\FPOLY_DA1_Vu_Hoang_Phuc_1\FPOLY_DA1\src\lib\jfreechart-1.0.19.jar;C:\JAVA4\FPOLY_DA1_Vu_Hoang_Phuc_1\FPOLY_DA1\src\lib\junit-4.12.jar;C:\JAVA4\FPOLY_DA1_Vu_Hoang_Phuc_1\FPOLY_DA1\src\lib\log4j-1.2.17.jar;C:\JAVA4\FPOLY_DA1_Vu_Hoang_Phuc_1\FPOLY_DA1\src\lib\org-jdesktop-layout.jar;C:\JAVA4\FPOLY_DA1_Vu_Hoang_Phuc_1\FPOLY_DA1\src\lib\poi-4.1.2.jar;C:\JAVA4\FPOLY_DA1_Vu_Hoang_Phuc_1\FPOLY_DA1\src\lib\poi-examples-4.1.2.jar;C:\JAVA4\FPOLY_DA1_Vu_Hoang_Phuc_1\FPOLY_DA1\src\lib\poi-excelant-4.1.2.jar;C:\JAVA4\FPOLY_DA1_Vu_Hoang_Phuc_1\FPOLY_DA1\src\lib\poi-ooxml-4.1.2.jar;C:\JAVA4\FPOLY_DA1_Vu_Hoang_Phuc_1\FPOLY_DA1\src\lib\poi-ooxml-schemas-4.1.2.jar;C:\JAVA4\FPOLY_DA1_Vu_Hoang_Phuc_1\FPOLY_DA1\src\lib\poi-scratchpad-4.1.2.jar;C:\JAVA4\FPOLY_DA1_Vu_Hoang_Phuc_1\FPOLY_DA1\src\lib\slf4j-api-1.6.2.jar;C:\JAVA4\FPOLY_DA1_Vu_Hoang_Phuc_1\FPOLY_DA1\src\lib\slf4j-log4j12-1.6.2.jar;C:\JAVA4\FPOLY_DA1_Vu_Hoang_Phuc_1\FPOLY_DA1\src\lib\sqljdbc4.jar;C:\JAVA4\FPOLY_DA1_Vu_Hoang_Phuc_1\FPOLY_DA1\src\lib\webcam-capture-0.3.12.jar;C:\JAVA4\FPOLY_DA1_Vu_Hoang_Phuc_1\FPOLY_DA1\src\lib\xmlbeans-3.1.0.jar;C:\JAVA4\FPOLY_DA1_Vu_Hoang_Phuc_1\FPOLY_DA1\src\lib\jcalendar-1.4.jar;C:\JAVA4\FPOLY_DA1_Vu_Hoang_Phuc_1\FPOLY_DA1\src\lib\KControls.jar;C:\JAVA4\FPOLY_DA1_Vu_Hoang_Phuc_1\FPOLY_DA1\src\lib\KGradientPanel.jar;C:\JAVA4\lib\jaco-mp3-player-0.9.3.jar -sourcepath C:\JAVA4\FPOLY_DA1_Vu_Hoang_Phuc_1\FPOLY_DA1\src -target 13 -encoding UTF-8 -g -processorpath C:\Program Files\NetBeans-12.1\netbeans\java\modules\ext\AbsoluteLayout.jar;C:\Java\Thu vi?n\AbsoluteLayout.jar;C:\Java\Thu vi?n\mysql-connector-java-5.1.15-bin.jar;C:\Java\Thu vi?n\sqljdbc4.jar;C:\Java\Thu vi?n\swing-layout-1.0.4.jar;C:\Users\nguye\Downloads\javax.mail.jar;C:\Users\nguye\Downloads\javax.mail (1).jar;C:\JAVA4\FPOLY_DA1_Vu_Hoang_Phuc_1\FPOLY_DA1\src\lib\AnimatonClass.jar;C:\JAVA4\FPOLY_DA1_Vu_Hoang_Phuc_1\FPOLY_DA1\src\lib\JPlanner.jar;C:\JAVA4\FPOLY_DA1_Vu_Hoang_Phuc_1\FPOLY_DA1\src\lib\SparseBitSet-1.2.jar;C:\JAVA4\FPOLY_DA1_Vu_Hoang_Phuc_1\FPOLY_DA1\src\lib\activation-1.1.1.jar;C:\JAVA4\FPOLY_DA1_Vu_Hoang_Phuc_1\FPOLY_DA1\src\lib\bridj-0.6.2-windows-only.jar;C:\JAVA4\FPOLY_DA1_Vu_Hoang_Phuc_1\FPOLY_DA1\src\lib\commons-beanutils-1.8.3.jar;C:\JAVA4\FPOLY_DA1_Vu_Hoang_Phuc_1\FPOLY_DA1\src\lib\commons-codec-1.13.jar;C:\JAVA4\FPOLY_DA1_Vu_Hoang_Phuc_1\FPOLY_DA1\src\lib\commons-collections-3.2.1-1.0.0.jar;C:\JAVA4\FPOLY_DA1_Vu_Hoang_Phuc_1\FPOLY_DA1\src\lib\commons-collections4-4.4.jar;C:\JAVA4\FPOLY_DA1_Vu_Hoang_Phuc_1\FPOLY_DA1\src\lib\commons-compress-1.19.jar;C:\JAVA4\FPOLY_DA1_Vu_Hoang_Phuc_1\FPOLY_DA1\src\lib\commons-digester-2.1.jar;C:\JAVA4\FPOLY_DA1_Vu_Hoang_Phuc_1\FPOLY_DA1\src\lib\commons-digester3-3.2-javadoc.jar;C:\JAVA4\FPOLY_DA1_Vu_Hoang_Phuc_1\FPOLY_DA1\src\lib\commons-digester3-3.2-sources.jar;C:\JAVA4\FPOLY_DA1_Vu_Hoang_Phuc_1\FPOLY_DA1\src\lib\commons-digester3-3.2-with-deps.jar;C:\JAVA4\FPOLY_DA1_Vu_Hoang_Phuc_1\FPOLY_DA1\src\lib\commons-digester3-3.2.jar;C:\JAVA4\FPOLY_DA1_Vu_Hoang_Phuc_1\FPOLY_DA1\src\lib\commons-logging-1.2.jar;C:\JAVA4\FPOLY_DA1_Vu_Hoang_Phuc_1\FPOLY_DA1\src\lib\commons-logging-api-1.1.jar;C:\JAVA4\FPOLY_DA1_Vu_Hoang_Phuc_1\FPOLY_DA1\src\lib\commons-math3-3.6.1.jar;C:\JAVA4\FPOLY_DA1_Vu_Hoang_Phuc_1\FPOLY_DA1\src\lib\core-3.3.0.jar;C:\JAVA4\FPOLY_DA1_Vu_Hoang_Phuc_1\FPOLY_DA1\src\lib\curvesapi-1.06.jar;C:\JAVA4\FPOLY_DA1_Vu_Hoang_Phuc_1\FPOLY_DA1\src\lib\groovy-all-2.1.3.jar;C:\JAVA4\FPOLY_DA1_Vu_Hoang_Phuc_1\FPOLY_DA1\src\lib\itext-2.1.7.jar;C:\JAVA4\FPOLY_DA1_Vu_Hoang_Phuc_1\FPOLY_DA1\src\lib\itext-pdfa-5.4.0.jar;C:\JAVA4\FPOLY_DA1_Vu_Hoang_Phuc_1\FPOLY_DA1\src\lib\itextpdf-5.3.4.jar;C:\JAVA4\FPOLY_DA1_Vu_Hoang_Phuc_1\FPOLY_DA1\src\lib\jasperreports-6.10.0.jar;C:\JAVA4\FPOLY_DA1_Vu_Hoang_Phuc_1\FPOLY_DA1\src\lib\jasperreports-fonts-6.10.0.jar;C:\JAVA4\FPOLY_DA1_Vu_Hoang_Phuc_1\FPOLY_DA1\src\lib\jasperreports-fonts-6.14.0.jar;C:\JAVA4\FPOLY_DA1_Vu_Hoang_Phuc_1\FPOLY_DA1\src\lib\jasperreports-javaflow.jar;C:\JAVA4\FPOLY_DA1_Vu_Hoang_Phuc_1\FPOLY_DA1\src\lib\javase-3.3.0.jar;C:\JAVA4\FPOLY_DA1_Vu_Hoang_Phuc_1\FPOLY_DA1\src\lib\javax.mail.jar;C:\JAVA4\FPOLY_DA1_Vu_Hoang_Phuc_1\FPOLY_DA1\src\lib\jaxb-api-2.3.1.jar;C:\JAVA4\FPOLY_DA1_Vu_Hoang_Phuc_1\FPOLY_DA1\src\lib\jaxb-core-2.3.0.1.jar;C:\JAVA4\FPOLY_DA1_Vu_Hoang_Phuc_1\FPOLY_DA1\src\lib\jaxb-impl-2.3.2.jar;C:\JAVA4\FPOLY_DA1_Vu_Hoang_Phuc_1\FPOLY_DA1\src\lib\jcommon-1.0.23.jar;C:\JAVA4\FPOLY_DA1_Vu_Hoang_Phuc_1\FPOLY_DA1\src\lib\jfreechart-1.0.19.jar;C:\JAVA4\FPOLY_DA1_Vu_Hoang_Phuc_1\FPOLY_DA1\src\lib\junit-4.12.jar;C:\JAVA4\FPOLY_DA1_Vu_Hoang_Phuc_1\FPOLY_DA1\src\lib\log4j-1.2.17.jar;C:\JAVA4\FPOLY_DA1_Vu_Hoang_Phuc_1\FPOLY_DA1\src\lib\org-jdesktop-layout.jar;C:\JAVA4\FPOLY_DA1_Vu_Hoang_Phuc_1\FPOLY_DA1\src\lib\poi-4.1.2.jar;C:\JAVA4\FPOLY_DA1_Vu_Hoang_Phuc_1\FPOLY_DA1\src\lib\poi-examples-4.1.2.jar;C:\JAVA4\FPOLY_DA1_Vu_Hoang_Phuc_1\FPOLY_DA1\src\lib\poi-excelant-4.1.2.jar;C:\JAVA4\FPOLY_DA1_Vu_Hoang_Phuc_1\FPOLY_DA1\src\lib\poi-ooxml-4.1.2.jar;C:\JAVA4\FPOLY_DA1_Vu_Hoang_Phuc_1\FPOLY_DA1\src\lib\poi-ooxml-schemas-4.1.2.jar;C:\JAVA4\FPOLY_DA1_Vu_Hoang_Phuc_1\FPOLY_DA1\src\lib\poi-scratchpad-4.1.2.jar;C:\JAVA4\FPOLY_DA1_Vu_Hoang_Phuc_1\FPOLY_DA1\src\lib\slf4j-api-1.6.2.jar;C:\JAVA4\FPOLY_DA1_Vu_Hoang_Phuc_1\FPOLY_DA1\src\lib\slf4j-log4j12-1.6.2.jar;C:\JAVA4\FPOLY_DA1_Vu_Hoang_Phuc_1\FPOLY_DA1\src\lib\sqljdbc4.jar;C:\JAVA4\FPOLY_DA1_Vu_Hoang_Phuc_1\FPOLY_DA1\src\lib\webcam-capture-0.3.12.jar;C:\JAVA4\FPOLY_DA1_Vu_Hoang_Phuc_1\FPOLY_DA1\src\lib\xmlbeans-3.1.0.jar;C:\JAVA4\FPOLY_DA1_Vu_Hoang_Phuc_1\FPOLY_DA1\src\lib\jcalendar-1.4.jar;C:\JAVA4\FPOLY_DA1_Vu_Hoang_Phuc_1\FPOLY_DA1\src\lib\KControls.jar;C:\JAVA4\FPOLY_DA1_Vu_Hoang_Phuc_1\FPOLY_DA1\src\lib\KGradientPanel.jar;C:\JAVA4\lib\jaco-mp3-player-0.9.3.jar;C:\JAVA4\FPOLY_DA1_Vu_Hoang_Phuc_1\FPOLY_DA1\build\empty -s C:\JAVA4\FPOLY_DA1_Vu_Hoang_Phuc_1\FPOLY_DA1\build\generated-sources\ap-source-output -source 13 @C:\Users\nguye\AppData\Local\Temp\files12867863759400152199

Host: Intel(R) Core(TM) i3-8145U CPU @ 2.10GHz, 4 cores, 3G,  Windows 10 , 64 bit Build 19041 (10.0.19041.292)
Time: Sat Dec  5 22:19:29 2020 SE Asia Standard Time elapsed time: 1 seconds (0d 0h 0m 1s)

---------------  T H R E A D  ---------------

Current thread (0x000001fbb99fd800):  VMThread "VM Thread" [stack: 0x000000c404f00000,0x000000c405000000] [id=12860]

Stack: [0x000000c404f00000,0x000000c405000000]
[error occurred during error reporting (printing stack bounds), id 0xc0000005, EXCEPTION_ACCESS_VIOLATION (0xc0000005) at pc=0x000001fbc20e10ad]

Native frames: (J=compiled Java code, j=interpreted, Vv=VM code, C=native code)
V  [jvm.dll+0x5f8a9a]
V  [jvm.dll+0x74247a]
V  [jvm.dll+0x743c2f]
V  [jvm.dll+0x7441d5]
V  [jvm.dll+0x74418b]
V  [jvm.dll+0x5f7f6f]
V  [jvm.dll+0x5f8738]
C  [ntdll.dll+0xa111f]
C  [ntdll.dll+0x4b474]
C  [ntdll.dll+0x9fc4e]
C  0x000001fbc20e10ad

VM_Operation (0x000000c4049fd760): G1CollectForAllocation, mode: safepoint, requested by thread 0x000001fbb9938000


---------------  P R O C E S S  ---------------

Threads class SMR info:
_java_thread_list=0x000001fbd64b6910, length=11, elements={
0x000001fbb9938000, 0x000001fbb9a01800, 0x000001fbb9a02800, 0x000001fbd627c800,
0x000001fbd627f800, 0x000001fbd6280800, 0x000001fbd6283000, 0x000001fbd6288000,
0x000001fbd6294800, 0x000001fbd64b1000, 0x000001fbd64b0000
}

Java Threads: ( => current thread )
  0x000001fbb9938000 JavaThread "main" [_thread_blocked, id=4740, stack(0x000000c404900000,0x000000c404a00000)]
  0x000001fbb9a01800 JavaThread "Reference Handler" daemon [_thread_blocked, id=1292, stack(0x000000c405000000,0x000000c405100000)]
  0x000001fbb9a02800 JavaThread "Finalizer" daemon [_thread_blocked, id=6312, stack(0x000000c405100000,0x000000c405200000)]
  0x000001fbd627c800 JavaThread "Signal Dispatcher" daemon [_thread_blocked, id=2452, stack(0x000000c405200000,0x000000c405300000)]
  0x000001fbd627f800 JavaThread "Attach Listener" daemon [_thread_blocked, id=12812, stack(0x000000c405300000,0x000000c405400000)]
  0x000001fbd6280800 JavaThread "Service Thread" daemon [_thread_blocked, id=13124, stack(0x000000c405400000,0x000000c405500000)]
  0x000001fbd6283000 JavaThread "C2 CompilerThread0" daemon [_thread_blocked, id=17320, stack(0x000000c405500000,0x000000c405600000)]
  0x000001fbd6288000 JavaThread "C1 CompilerThread0" daemon [_thread_blocked, id=3236, stack(0x000000c405600000,0x000000c405700000)]
  0x000001fbd6294800 JavaThread "Sweeper thread" daemon [_thread_blocked, id=17180, stack(0x000000c405700000,0x000000c405800000)]
  0x000001fbd64b1000 JavaThread "Common-Cleaner" daemon [_thread_blocked, id=1532, stack(0x000000c405800000,0x000000c405900000)]
  0x000001fbd64b0000 JavaThread "Notification Thread" daemon [_thread_blocked, id=12816, stack(0x000000c405900000,0x000000c405a00000)]

Other Threads:
=>0x000001fbb99fd800 VMThread "VM Thread" [stack: 0x000000c404f00000,0x000000c405000000] [id=12860]
  0x000001fbd654d800 WatcherThread [stack: 0x000000c405a00000,0x000000c405b00000] [id=17072]
  0x000001fbb9969800 GCTaskThread "GC Thread#0" [stack: 0x000000c404a00000,0x000000c404b00000] [id=18332]
  0x000001fbd6648800 GCTaskThread "GC Thread#1" [stack: 0x000000c405b00000,0x000000c405c00000] [id=16532]
  0x000001fbb9974800 ConcurrentGCThread "G1 Main Marker" [stack: 0x000000c404b00000,0x000000c404c00000] [id=15432]
  0x000001fbb9977800 ConcurrentGCThread "G1 Conc#0" [stack: 0x000000c404c00000,0x000000c404d00000] [id=5040]
  0x000001fbb9994000 ConcurrentGCThread "G1 Refine#0" [stack: 0x000000c404d00000,0x000000c404e00000] [id=17980]
  0x000001fbb9995000 ConcurrentGCThread "G1 Young RemSet Sampling" [stack: 0x000000c404e00000,0x000000c404f00000] [id=9768]

Threads with active compile tasks:

VM state:at safepoint (normal execution)

VM Mutex/Monitor currently owned by a thread:  ([mutex/lock_event])
[0x000001fbb99340e0] Threads_lock - owner thread: 0x000001fbb99fd800
[0x000001fbb9934440] Heap_lock - owner thread: 0x000001fbb9938000

OutOfMemory and StackOverflow Exception counts:
OutOfMemoryError java_heap_errors=1
LinkageErrors=8

Heap address: 0x00000000c1c00000, size: 996 MB, Compressed Oops mode: 32-bit
Narrow klass base: 0x0000000800000000, Narrow klass shift: 3
Compressed class space size: 1073741824 Address: 0x0000000800b30000

Heap:
 garbage-first heap   total 10240K, used 3983K [0x00000000c1c00000, 0x0000000100000000)
  region size 1024K, 1 young (1024K), 1 survivors (1024K)
 Metaspace       used 7511K, capacity 10502K, committed 10752K, reserved 1062912K
  class space    used 915K, capacity 1212K, committed 1280K, reserved 1048576K
Heap Regions: E=young(eden), S=young(survivor), O=old, HS=humongous(starts), HC=humongous(continues), CS=collection set, F=free, OA=open archive, CA=closed archive, TAMS=top-at-mark-start (previous, next)
|   0|0x00000000c1c00000, 0x00000000c1d00000, 0x00000000c1d00000|100%| O|  |TAMS 0x00000000c1c00000, 0x00000000c1c00000| Untracked 
|   1|0x00000000c1d00000, 0x00000000c1e00000, 0x00000000c1e00000|100%| O|  |TAMS 0x00000000c1d00000, 0x00000000c1d00000| Untracked 
|   2|0x00000000c1e00000, 0x00000000c1efa200, 0x00000000c1f00000| 97%| O|  |TAMS 0x00000000c1e00000, 0x00000000c1e00000| Untracked 
|   3|0x00000000c1f00000, 0x00000000c1f00000, 0x00000000c2000000|  0%| F|  |TAMS 0x00000000c1f00000, 0x00000000c1f00000| Untracked 
|   4|0x00000000c2000000, 0x00000000c2000000, 0x00000000c2100000|  0%| F|  |TAMS 0x00000000c2000000, 0x00000000c2000000| Untracked 
|   5|0x00000000c2100000, 0x00000000c2100000, 0x00000000c2200000|  0%| F|  |TAMS 0x00000000c2100000, 0x00000000c2100000| Untracked 
|   6|0x00000000c2200000, 0x00000000c22e9a08, 0x00000000c2300000| 91%| S|CS|TAMS 0x00000000c2200000, 0x00000000c2200000| Complete 
|   7|0x00000000c2300000, 0x00000000c2300000, 0x00000000c2400000|  0%| F|  |TAMS 0x00000000c2300000, 0x00000000c2300000| Untracked 

Card table byte_map: [0x000001fbd12e0000,0x000001fbd14e0000] _byte_map_base: 0x000001fbd0cd2000

Marking Bits (Prev, Next): (CMBitMap*) 0x000001fbb996c118, (CMBitMap*) 0x000001fbb996c158
 Prev Bits: [0x000001fbd16e0000, 0x000001fbd2670000)
 Next Bits: [0x000001fbd2670000, 0x000001fbd3600000)

Polling page: 0x000001fbb7770000

Metaspace:

Usage:
  Non-class:      9.07 MB capacity,     6.44 MB ( 71%) used,     2.61 MB ( 29%) free+waste,    16.63 KB ( <1%) overhead. 
      Class:      1.18 MB capacity,   915.95 KB ( 76%) used,   287.37 KB ( 24%) free+waste,     8.69 KB ( <1%) overhead. 
       Both:     10.26 MB capacity,     7.34 MB ( 72%) used,     2.90 MB ( 28%) free+waste,    25.31 KB ( <1%) overhead. 

Virtual space:
  Non-class space:       14.00 MB reserved,       9.25 MB ( 66%) committed 
      Class space:        1.00 GB reserved,       1.25 MB ( <1%) committed 
             Both:        1.01 GB reserved,      10.50 MB (  1%) committed 

Chunk freelists:
   Non-Class:  54.00 KB
       Class:  4.00 KB
        Both:  58.00 KB

MaxMetaspaceSize: 17179869184.00 GB
CompressedClassSpaceSize: 1.00 GB

CodeHeap 'non-profiled nmethods': size=120000Kb used=286Kb max_used=286Kb free=119713Kb
 bounds [0x000001fbc9bb0000, 0x000001fbc9e20000, 0x000001fbd10e0000]
CodeHeap 'profiled nmethods': size=120000Kb used=1308Kb max_used=1308Kb free=118691Kb
 bounds [0x000001fbc2680000, 0x000001fbc28f0000, 0x000001fbc9bb0000]
CodeHeap 'non-nmethods': size=5760Kb used=1141Kb max_used=1157Kb free=4618Kb
 bounds [0x000001fbc20e0000, 0x000001fbc2350000, 0x000001fbc2680000]
 total_blobs=1205 nmethods=817 adapters=301
 compilation: enabled
              stopped_count=0, restarted_count=0
 full_count=0

Compilation events (20 events):
Event: 1.315 Thread 0x000001fbd6288000  808       3       sun.nio.fs.WindowsFileAttributes::lastModifiedTime (8 bytes)
Event: 1.315 Thread 0x000001fbd6288000 nmethod 808 0x000001fbc27c3f10 code [0x000001fbc27c40c0, 0x000001fbc27c4208]
Event: 1.315 Thread 0x000001fbd6288000  809   !   3       sun.nio.fs.WindowsFileAttributes::toFileTime (47 bytes)
Event: 1.315 Thread 0x000001fbd6288000 nmethod 809 0x000001fbc27c4290 code [0x000001fbc27c44e0, 0x000001fbc27c4ec8]
Event: 1.319 Thread 0x000001fbd6288000  810       3       jdk.internal.ref.PhantomCleanable::clean (16 bytes)
Event: 1.319 Thread 0x000001fbd6288000 nmethod 810 0x000001fbc27c5310 code [0x000001fbc27c54c0, 0x000001fbc27c5798]
Event: 1.319 Thread 0x000001fbd6288000  811       3       jdk.internal.ref.CleanerImpl$PhantomCleanableRef::performCleanup (10 bytes)
Event: 1.319 Thread 0x000001fbd6288000 nmethod 811 0x000001fbc27c5890 code [0x000001fbc27c5a40, 0x000001fbc27c5c28]
Event: 1.319 Thread 0x000001fbd6288000  812       3       java.util.ArrayDeque::pollFirst (36 bytes)
Event: 1.319 Thread 0x000001fbd6288000 nmethod 812 0x000001fbc27c5d10 code [0x000001fbc27c5ee0, 0x000001fbc27c6338]
Event: 1.350 Thread 0x000001fbd6283000  813       4       java.lang.StringLatin1::inflate (34 bytes)
Event: 1.353 Thread 0x000001fbd6288000  814       3       java.io.InputStream::<init> (5 bytes)
Event: 1.353 Thread 0x000001fbd6288000 nmethod 814 0x000001fbc27c6510 code [0x000001fbc27c66a0, 0x000001fbc27c6818]
Event: 1.354 Thread 0x000001fbd6283000 nmethod 813 0x000001fbc9bf7010 code [0x000001fbc9bf71a0, 0x000001fbc9bf7458]
Event: 1.355 Thread 0x000001fbd6288000  815       3       java.io.WinNTFileSystem::isLetter (30 bytes)
Event: 1.355 Thread 0x000001fbd6288000 nmethod 815 0x000001fbc27c6910 code [0x000001fbc27c6aa0, 0x000001fbc27c6cd8]
Event: 1.395 Thread 0x000001fbd6288000  816       3       sun.nio.cs.SingleByte$Encoder::encode (32 bytes)
Event: 1.395 Thread 0x000001fbd6288000 nmethod 816 0x000001fbc27c6d90 code [0x000001fbc27c6f40, 0x000001fbc27c7118]
Event: 1.396 Thread 0x000001fbd6283000  817       4       java.nio.Buffer::hasRemaining (17 bytes)
Event: 1.396 Thread 0x000001fbd6283000 nmethod 817 0x000001fbc9bf7590 code [0x000001fbc9bf7700, 0x000001fbc9bf7798]

GC Heap History (19 events):
Event: 0.362 GC heap before
{Heap before GC invocations=0 (full 0):
 garbage-first heap   total 8192K, used 3072K [0x00000000c1c00000, 0x0000000100000000)
  region size 1024K, 3 young (3072K), 0 survivors (0K)
 Metaspace       used 2450K, capacity 5984K, committed 6016K, reserved 1056768K
  class space    used 287K, capacity 638K, committed 640K, reserved 1048576K
}
Event: 0.367 GC heap after
{Heap after GC invocations=1 (full 0):
 garbage-first heap   total 8192K, used 1129K [0x00000000c1c00000, 0x0000000100000000)
  region size 1024K, 1 young (1024K), 1 survivors (1024K)
 Metaspace       used 2450K, capacity 5984K, committed 6016K, reserved 1056768K
  class space    used 287K, capacity 638K, committed 640K, reserved 1048576K
}
Event: 0.371 GC heap before
{Heap before GC invocations=1 (full 0):
 garbage-first heap   total 8192K, used 1129K [0x00000000c1c00000, 0x0000000100000000)
  region size 1024K, 2 young (2048K), 1 survivors (1024K)
 Metaspace       used 2453K, capacity 5984K, committed 6016K, reserved 1056768K
  class space    used 287K, capacity 638K, committed 640K, reserved 1048576K
}
Event: 0.373 GC heap after
{Heap after GC invocations=2 (full 0):
 garbage-first heap   total 8192K, used 1234K [0x00000000c1c00000, 0x0000000100000000)
  region size 1024K, 1 young (1024K), 1 survivors (1024K)
 Metaspace       used 2453K, capacity 5984K, committed 6016K, reserved 1056768K
  class space    used 287K, capacity 638K, committed 640K, reserved 1048576K
}
Event: 0.374 GC heap before
{Heap before GC invocations=2 (full 0):
 garbage-first heap   total 8192K, used 1234K [0x00000000c1c00000, 0x0000000100000000)
  region size 1024K, 2 young (2048K), 1 survivors (1024K)
 Metaspace       used 2453K, capacity 5984K, committed 6016K, reserved 1056768K
  class space    used 287K, capacity 638K, committed 640K, reserved 1048576K
}
Event: 0.374 GC heap after
{Heap after GC invocations=3 (full 0):
 garbage-first heap   total 8192K, used 1246K [0x00000000c1c00000, 0x0000000100000000)
  region size 1024K, 1 young (1024K), 1 survivors (1024K)
 Metaspace       used 2453K, capacity 5984K, committed 6016K, reserved 1056768K
  class space    used 287K, capacity 638K, committed 640K, reserved 1048576K
}
Event: 0.399 GC heap before
{Heap before GC invocations=3 (full 0):
 garbage-first heap   total 8192K, used 2270K [0x00000000c1c00000, 0x0000000100000000)
  region size 1024K, 2 young (2048K), 1 survivors (1024K)
 Metaspace       used 2483K, capacity 5984K, committed 6016K, reserved 1056768K
  class space    used 287K, capacity 638K, committed 640K, reserved 1048576K
}
Event: 0.399 GC heap after
{Heap after GC invocations=4 (full 0):
 garbage-first heap   total 8192K, used 1174K [0x00000000c1c00000, 0x0000000100000000)
  region size 1024K, 1 young (1024K), 1 survivors (1024K)
 Metaspace       used 2483K, capacity 5984K, committed 6016K, reserved 1056768K
  class space    used 287K, capacity 638K, committed 640K, reserved 1048576K
}
Event: 0.426 GC heap before
{Heap before GC invocations=4 (full 0):
 garbage-first heap   total 8192K, used 2198K [0x00000000c1c00000, 0x0000000100000000)
  region size 1024K, 3 young (3072K), 1 survivors (1024K)
 Metaspace       used 2493K, capacity 5985K, committed 6016K, reserved 1056768K
  class space    used 287K, capacity 638K, committed 640K, reserved 1048576K
}
Event: 0.427 GC heap after
{Heap after GC invocations=5 (full 0):
 garbage-first heap   total 8192K, used 1603K [0x00000000c1c00000, 0x0000000100000000)
  region size 1024K, 1 young (1024K), 1 survivors (1024K)
 Metaspace       used 2493K, capacity 5985K, committed 6016K, reserved 1056768K
  class space    used 287K, capacity 638K, committed 640K, reserved 1048576K
}
Event: 0.485 GC heap before
{Heap before GC invocations=5 (full 0):
 garbage-first heap   total 8192K, used 3651K [0x00000000c1c00000, 0x0000000100000000)
  region size 1024K, 3 young (3072K), 1 survivors (1024K)
 Metaspace       used 2518K, capacity 5985K, committed 6016K, reserved 1056768K
  class space    used 288K, capacity 638K, committed 640K, reserved 1048576K
}
Event: 0.485 GC heap after
{Heap after GC invocations=6 (full 0):
 garbage-first heap   total 8192K, used 2191K [0x00000000c1c00000, 0x0000000100000000)
  region size 1024K, 1 young (1024K), 1 survivors (1024K)
 Metaspace       used 2518K, capacity 5985K, committed 6016K, reserved 1056768K
  class space    used 288K, capacity 638K, committed 640K, reserved 1048576K
}
Event: 0.518 GC heap before
{Heap before GC invocations=6 (full 0):
 garbage-first heap   total 8192K, used 3215K [0x00000000c1c00000, 0x0000000100000000)
  region size 1024K, 2 young (2048K), 1 survivors (1024K)
 Metaspace       used 2538K, capacity 5985K, committed 6016K, reserved 1056768K
  class space    used 288K, capacity 638K, committed 640K, reserved 1048576K
}
Event: 0.518 GC heap after
{Heap after GC invocations=7 (full 0):
 garbage-first heap   total 8192K, used 1196K [0x00000000c1c00000, 0x0000000100000000)
  region size 1024K, 1 young (1024K), 1 survivors (1024K)
 Metaspace       used 2538K, capacity 5985K, committed 6016K, reserved 1056768K
  class space    used 288K, capacity 638K, committed 640K, reserved 1048576K
}
Event: 0.842 GC heap before
{Heap before GC invocations=7 (full 0):
 garbage-first heap   total 8192K, used 3244K [0x00000000c1c00000, 0x0000000100000000)
  region size 1024K, 3 young (3072K), 1 survivors (1024K)
 Metaspace       used 5588K, capacity 8749K, committed 8960K, reserved 1056768K
  class space    used 685K, capacity 987K, committed 1024K, reserved 1048576K
}
Event: 0.844 GC heap after
{Heap after GC invocations=8 (full 0):
 garbage-first heap   total 8192K, used 2033K [0x00000000c1c00000, 0x0000000100000000)
  region size 1024K, 1 young (1024K), 1 survivors (1024K)
 Metaspace       used 5588K, capacity 8749K, committed 8960K, reserved 1056768K
  class space    used 685K, capacity 987K, committed 1024K, reserved 1048576K
}
Event: 1.316 GC heap before
{Heap before GC invocations=8 (full 0):
 garbage-first heap   total 8192K, used 4081K [0x00000000c1c00000, 0x0000000100000000)
  region size 1024K, 3 young (3072K), 1 survivors (1024K)
 Metaspace       used 7495K, capacity 10502K, committed 10752K, reserved 1062912K
  class space    used 913K, capacity 1212K, committed 1280K, reserved 1048576K
}
Event: 1.318 GC heap after
{Heap after GC invocations=9 (full 0):
 garbage-first heap   total 8192K, used 3023K [0x00000000c1c00000, 0x0000000100000000)
  region size 1024K, 1 young (1024K), 1 survivors (1024K)
 Metaspace       used 7495K, capacity 10502K, committed 10752K, reserved 1062912K
  class space    used 913K, capacity 1212K, committed 1280K, reserved 1048576K
}
Event: 1.397 GC heap before
{Heap before GC invocations=9 (full 0):
 garbage-first heap   total 8192K, used 4047K [0x00000000c1c00000, 0x0000000100000000)
  region size 1024K, 2 young (2048K), 1 survivors (1024K)
 Metaspace       used 7511K, capacity 10502K, committed 10752K, reserved 1062912K
  class space    used 915K, capacity 1212K, committed 1280K, reserved 1048576K
}

Deoptimization events (20 events):
Event: 0.427 Thread 0x000001fbb9938000 DEOPT PACKING pc=0x000001fbc2710762 sp=0x000000c4049fe5f0
Event: 0.427 Thread 0x000001fbb9938000 DEOPT UNPACKING pc=0x000001fbc212964e sp=0x000000c4049fda80 mode 0
Event: 0.446 Thread 0x000001fbb9938000 Uncommon trap: trap_request=0xffffff45 fr.pc=0x000001fbc9bd8edc relative=0x00000000000001bc
Event: 0.446 Thread 0x000001fbb9938000 Uncommon trap: reason=unstable_if action=reinterpret pc=0x000001fbc9bd8edc method=java.util.zip.ZipFile$Source.isMetaName([BII)Z @ 43 c2
Event: 0.446 Thread 0x000001fbb9938000 DEOPT PACKING pc=0x000001fbc9bd8edc sp=0x000000c4049fe440
Event: 0.446 Thread 0x000001fbb9938000 DEOPT UNPACKING pc=0x000001fbc212912f sp=0x000000c4049fe3e8 mode 2
Event: 0.446 Thread 0x000001fbb9938000 DEOPT PACKING pc=0x000001fbc2716265 sp=0x000000c4049fe410
Event: 0.446 Thread 0x000001fbb9938000 DEOPT UNPACKING pc=0x000001fbc212964e sp=0x000000c4049fd870 mode 0
Event: 0.450 Thread 0x000001fbb9938000 Uncommon trap: trap_request=0xffffff45 fr.pc=0x000001fbc9bcf4dc relative=0x000000000000003c
Event: 0.450 Thread 0x000001fbb9938000 Uncommon trap: reason=unstable_if action=reinterpret pc=0x000001fbc9bcf4dc method=sun.nio.fs.WindowsPathParser.isSlash(C)Z @ 9 c2
Event: 0.450 Thread 0x000001fbb9938000 DEOPT PACKING pc=0x000001fbc9bcf4dc sp=0x000000c4049fe690
Event: 0.450 Thread 0x000001fbb9938000 DEOPT UNPACKING pc=0x000001fbc212912f sp=0x000000c4049fe618 mode 2
Event: 0.453 Thread 0x000001fbb9938000 DEOPT PACKING pc=0x000001fbc270f1d0 sp=0x000000c4049fe3e0
Event: 0.453 Thread 0x000001fbb9938000 DEOPT UNPACKING pc=0x000001fbc212964e sp=0x000000c4049fd868 mode 0
Event: 0.473 Thread 0x000001fbb9938000 DEOPT PACKING pc=0x000001fbc270f1d0 sp=0x000000c4049fe3e0
Event: 0.473 Thread 0x000001fbb9938000 DEOPT UNPACKING pc=0x000001fbc212964e sp=0x000000c4049fd868 mode 0
Event: 1.257 Thread 0x000001fbb9938000 Uncommon trap: trap_request=0xffffff45 fr.pc=0x000001fbc9bec92c relative=0x00000000000002ec
Event: 1.257 Thread 0x000001fbb9938000 Uncommon trap: reason=unstable_if action=reinterpret pc=0x000001fbc9bec92c method=java.lang.String.regionMatches(ILjava/lang/String;II)Z @ 32 c2
Event: 1.257 Thread 0x000001fbb9938000 DEOPT PACKING pc=0x000001fbc9bec92c sp=0x000000c4049fe4b0
Event: 1.257 Thread 0x000001fbb9938000 DEOPT UNPACKING pc=0x000001fbc212912f sp=0x000000c4049fe430 mode 2

Classes unloaded (0 events):
No events

Classes redefined (0 events):
No events

Internal exceptions (20 events):
Event: 0.455 Thread 0x000001fbb9938000 Exception <a 'sun/nio/fs/WindowsException'{0x00000000c22394a0}> (0x00000000c22394a0) 
thrown [./open/src/hotspot/share/prims/jni.cpp, line 599]
Event: 0.455 Thread 0x000001fbb9938000 Exception <a 'sun/nio/fs/WindowsException'{0x00000000c22398e8}> (0x00000000c22398e8) 
thrown [./open/src/hotspot/share/prims/jni.cpp, line 599]
Event: 0.455 Thread 0x000001fbb9938000 Exception <a 'sun/nio/fs/WindowsException'{0x00000000c2239d10}> (0x00000000c2239d10) 
thrown [./open/src/hotspot/share/prims/jni.cpp, line 599]
Event: 0.456 Thread 0x000001fbb9938000 Exception <a 'sun/nio/fs/WindowsException'{0x00000000c223a160}> (0x00000000c223a160) 
thrown [./open/src/hotspot/share/prims/jni.cpp, line 599]
Event: 0.456 Thread 0x000001fbb9938000 Exception <a 'sun/nio/fs/WindowsException'{0x00000000c223a5a8}> (0x00000000c223a5a8) 
thrown [./open/src/hotspot/share/prims/jni.cpp, line 599]
Event: 0.467 Thread 0x000001fbb9938000 Exception <a 'sun/nio/fs/WindowsException'{0x00000000c22896a0}> (0x00000000c22896a0) 
thrown [./open/src/hotspot/share/prims/jni.cpp, line 599]
Event: 0.515 Thread 0x000001fbb9938000 Exception <a 'sun/nio/fs/WindowsException'{0x00000000c23f5f38}> (0x00000000c23f5f38) 
thrown [./open/src/hotspot/share/prims/jni.cpp, line 599]
Event: 0.519 Thread 0x000001fbb9938000 Exception <a 'sun/nio/fs/WindowsException'{0x00000000c23035b8}> (0x00000000c23035b8) 
thrown [./open/src/hotspot/share/prims/jni.cpp, line 599]
Event: 0.520 Thread 0x000001fbb9938000 Exception <a 'sun/nio/fs/WindowsException'{0x00000000c2303ce0}> (0x00000000c2303ce0) 
thrown [./open/src/hotspot/share/prims/jni.cpp, line 599]
Event: 0.521 Thread 0x000001fbb9938000 Exception <a 'sun/nio/fs/WindowsException'{0x00000000c2304878}> (0x00000000c2304878) 
thrown [./open/src/hotspot/share/prims/jni.cpp, line 599]
Event: 0.521 Thread 0x000001fbb9938000 Exception <a 'sun/nio/fs/WindowsException'{0x00000000c2304b48}> (0x00000000c2304b48) 
thrown [./open/src/hotspot/share/prims/jni.cpp, line 599]
Event: 0.543 Thread 0x000001fbb9938000 Exception <a 'java/lang/NoSuchMethodError'{0x00000000c2352178}: 'void java.lang.invoke.DirectMethodHandle$Holder.invokeSpecial(java.lang.Object, java.lang.Object, java.lang.Object, java.lang.Object)'> (0x00000000c2352178) 
thrown [./open/src/hotspot/share/interpreter/linkResolver.cpp, line 766]
Event: 0.544 Thread 0x000001fbb9938000 Exception <a 'java/lang/NoSuchMethodError'{0x00000000c23586f8}: 'int java.lang.invoke.DirectMethodHandle$Holder.invokeVirtual(java.lang.Object, java.lang.Object, java.lang.Object)'> (0x00000000c23586f8) 
thrown [./open/src/hotspot/share/interpreter/linkResolver.cpp, line 766]
Event: 0.583 Thread 0x000001fbb9938000 Exception <a 'java/lang/NoSuchMethodError'{0x00000000c2399488}: 'int java.lang.invoke.DirectMethodHandle$Holder.invokeSpecialIFC(java.lang.Object, java.lang.Object, int)'> (0x00000000c2399488) 
thrown [./open/src/hotspot/share/interpreter/linkResolver.cpp, line 766]
Event: 0.751 Thread 0x000001fbb9938000 Exception <a 'java/lang/NoSuchMethodError'{0x00000000c21af0d8}: 'int java.lang.invoke.DirectMethodHandle$Holder.invokeStaticInit(java.lang.Object, java.lang.Object)'> (0x00000000c21af0d8) 
thrown [./open/src/hotspot/share/interpreter/linkResolver.cpp, line 766]
Event: 1.073 Thread 0x000001fbb9938000 Exception <a 'java/lang/NoSuchMethodError'{0x00000000c2370130}: 'int java.lang.invoke.DirectMethodHandle$Holder.invokeVirtual(java.lang.Object, java.lang.Object)'> (0x00000000c2370130) 
thrown [./open/src/hotspot/share/interpreter/linkResolver.cpp, line 766]
Event: 1.096 Thread 0x000001fbb9938000 Exception <a 'java/lang/NoSuchMethodError'{0x00000000c239e308}: 'java.lang.Object java.lang.invoke.Invokers$Holder.linkToTargetMethod(java.lang.Object, java.lang.Object, java.lang.Object, java.lang.Object, java.lang.Object, java.lang.Object)'> (0x00000000c239e308) 
thrown [./open/src/hotspot/share/interpreter/linkResolver.cpp, line 766]
Event: 1.152 Thread 0x000001fbb9938000 Exception <a 'sun/nio/fs/WindowsException'{0x00000000c23f0280}> (0x00000000c23f0280) 
thrown [./open/src/hotspot/share/prims/jni.cpp, line 599]
Event: 1.152 Thread 0x000001fbb9938000 Exception <a 'sun/nio/fs/WindowsException'{0x00000000c23f0768}> (0x00000000c23f0768) 
thrown [./open/src/hotspot/share/prims/jni.cpp, line 599]
Event: 1.392 Thread 0x000001fbb9938000 Exception <a 'java/lang/OutOfMemoryError'{0x00000000c23e8358}> (0x00000000c23e8358) 
thrown [./open/src/hotspot/share/prims/jni.cpp, line 620]

Events (20 events):
Event: 1.261 loading class sun/nio/cs/ThreadLocalCoders done
Event: 1.261 loading class sun/nio/cs/ThreadLocalCoders$1
Event: 1.261 loading class sun/nio/cs/ThreadLocalCoders$Cache
Event: 1.261 loading class sun/nio/cs/ThreadLocalCoders$Cache done
Event: 1.261 loading class sun/nio/cs/ThreadLocalCoders$1 done
Event: 1.261 loading class sun/nio/cs/ThreadLocalCoders$2
Event: 1.261 loading class sun/nio/cs/ThreadLocalCoders$2 done
Event: 1.315 Executing VM operation: G1CollectForAllocation
Event: 1.318 Executing VM operation: G1CollectForAllocation done
Event: 1.392 loading class java/util/zip/DataFormatException
Event: 1.393 loading class java/util/zip/DataFormatException done
Event: 1.393 loading class java/util/ServiceConfigurationError
Event: 1.394 loading class java/util/ServiceConfigurationError done
Event: 1.394 loading class java/lang/Throwable$WrappedPrintStream
Event: 1.394 loading class java/lang/Throwable$PrintStreamOrWriter
Event: 1.394 loading class java/lang/Throwable$PrintStreamOrWriter done
Event: 1.394 loading class java/lang/Throwable$WrappedPrintStream done
Event: 1.394 loading class java/lang/StackTraceElement$HashedModules
Event: 1.395 loading class java/lang/StackTraceElement$HashedModules done
Event: 1.397 Executing VM operation: G1CollectForAllocation


Dynamic libraries:
0x00007ff6dbaf0000 - 0x00007ff6dbaf7000 	C:\Program Files\Java\jdk-14.0.2\bin\javac.exe
0x00007ff94b0f0000 - 0x00007ff94b2e5000 	C:\WINDOWS\SYSTEM32\ntdll.dll
0x00007ff94aae0000 - 0x00007ff94ab9d000 	C:\WINDOWS\System32\KERNEL32.DLL
0x00007ff948d50000 - 0x00007ff949017000 	C:\WINDOWS\System32\KERNELBASE.dll
0x00007ff948b70000 - 0x00007ff948c70000 	C:\WINDOWS\System32\ucrtbase.dll
0x00007ff9214a0000 - 0x00007ff9214b5000 	C:\Program Files\Java\jdk-14.0.2\bin\VCRUNTIME140.dll
0x00007ff939d30000 - 0x00007ff939d48000 	C:\Program Files\Java\jdk-14.0.2\bin\jli.dll
0x00007ff94aed0000 - 0x00007ff94af7a000 	C:\WINDOWS\System32\ADVAPI32.dll
0x00007ff949ab0000 - 0x00007ff949b4e000 	C:\WINDOWS\System32\msvcrt.dll
0x00007ff949600000 - 0x00007ff94969b000 	C:\WINDOWS\System32\sechost.dll
0x00007ff94aba0000 - 0x00007ff94acc4000 	C:\WINDOWS\System32\RPCRT4.dll
0x00007ff94a940000 - 0x00007ff94aae0000 	C:\WINDOWS\System32\USER32.dll
0x00007ff9488d0000 - 0x00007ff9488f2000 	C:\WINDOWS\System32\win32u.dll
0x00007ff94a910000 - 0x00007ff94a93a000 	C:\WINDOWS\System32\GDI32.dll
0x00007ff948a60000 - 0x00007ff948b69000 	C:\WINDOWS\System32\gdi32full.dll
0x00007ff948830000 - 0x00007ff9488cd000 	C:\WINDOWS\System32\msvcp_win.dll
0x00007ff9371c0000 - 0x00007ff93745b000 	C:\WINDOWS\WinSxS\amd64_microsoft.windows.common-controls_6595b64144ccf1df_6.0.19041.488_none_ca04af081b815d21\COMCTL32.dll
0x00007ff938370000 - 0x00007ff93837a000 	C:\WINDOWS\SYSTEM32\VERSION.dll
0x00007ff949150000 - 0x00007ff949180000 	C:\WINDOWS\System32\IMM32.DLL
0x00007ff915c00000 - 0x00007ff915c9b000 	C:\Program Files\Java\jdk-14.0.2\bin\msvcp140.dll
0x00007ff910330000 - 0x00007ff910e4e000 	C:\Program Files\Java\jdk-14.0.2\bin\server\jvm.dll
0x00007ff949e10000 - 0x00007ff949e18000 	C:\WINDOWS\System32\PSAPI.DLL
0x00007ff9336d0000 - 0x00007ff9336d9000 	C:\WINDOWS\SYSTEM32\WSOCK32.dll
0x00007ff94a090000 - 0x00007ff94a0fb000 	C:\WINDOWS\System32\WS2_32.dll
0x00007ff93a380000 - 0x00007ff93a3a7000 	C:\WINDOWS\SYSTEM32\WINMM.dll
0x00007ff946790000 - 0x00007ff9467a3000 	C:\WINDOWS\SYSTEM32\kernel.appcore.dll
0x00007ff9326a0000 - 0x00007ff9326aa000 	C:\Program Files\Java\jdk-14.0.2\bin\jimage.dll
0x00007ff945eb0000 - 0x00007ff946094000 	C:\WINDOWS\SYSTEM32\DBGHELP.DLL
0x00007ff935f00000 - 0x00007ff935f2c000 	C:\WINDOWS\SYSTEM32\dbgcore.DLL
0x00007ff9490d0000 - 0x00007ff94914f000 	C:\WINDOWS\System32\bcryptPrimitives.dll
0x00007ff91c790000 - 0x00007ff91c7b5000 	C:\Program Files\Java\jdk-14.0.2\bin\java.dll
0x00007ff920e60000 - 0x00007ff920e76000 	C:\Program Files\Java\jdk-14.0.2\bin\zip.dll
0x00007ff94a100000 - 0x00007ff94a841000 	C:\WINDOWS\System32\SHELL32.dll
0x00007ff946990000 - 0x00007ff947123000 	C:\WINDOWS\SYSTEM32\windows.storage.dll
0x00007ff9496a0000 - 0x00007ff9499f5000 	C:\WINDOWS\System32\combase.dll
0x00007ff9482a0000 - 0x00007ff9482cc000 	C:\WINDOWS\SYSTEM32\Wldp.dll
0x00007ff949d00000 - 0x00007ff949dae000 	C:\WINDOWS\System32\SHCORE.dll
0x00007ff949db0000 - 0x00007ff949e05000 	C:\WINDOWS\System32\shlwapi.dll
0x00007ff948760000 - 0x00007ff948786000 	C:\WINDOWS\SYSTEM32\profapi.dll
0x00007ff920250000 - 0x00007ff920269000 	C:\Program Files\Java\jdk-14.0.2\bin\net.dll
0x00007ff93a8d0000 - 0x00007ff93a9d0000 	C:\WINDOWS\SYSTEM32\WINHTTP.dll
0x00007ff948020000 - 0x00007ff94808a000 	C:\WINDOWS\system32\mswsock.dll
0x00007ff91cf90000 - 0x00007ff91cfa2000 	C:\Program Files\Java\jdk-14.0.2\bin\nio.dll

dbghelp: loaded successfully - version: 4.0.5 - missing functions: none
symbol engine: initialized successfully - sym options: 0x614 - pdb path: .;C:\Program Files\Java\jdk-14.0.2\bin;C:\WINDOWS\SYSTEM32;C:\WINDOWS\WinSxS\amd64_microsoft.windows.common-controls_6595b64144ccf1df_6.0.19041.488_none_ca04af081b815d21;C:\Program Files\Java\jdk-14.0.2\bin\server

VM Arguments:
jvm_args: -Dapplication.home=C:\Program Files\Java\jdk-14.0.2 --add-modules=ALL-DEFAULT -Xms8m -Djdk.module.main=jdk.compiler 
java_command: jdk.compiler/com.sun.tools.javac.Main -d C:\JAVA4\FPOLY_DA1_Vu_Hoang_Phuc_1\FPOLY_DA1\build\classes -classpath C:\JAVA4\FPOLY_DA1_Vu_Hoang_Phuc_1\FPOLY_DA1\build\classes;C:\Program Files\NetBeans-12.1\netbeans\java\modules\ext\AbsoluteLayout.jar;C:\Users\nguye\Downloads\javax.mail.jar;C:\JAVA4\FPOLY_DA1_Vu_Hoang_Phuc_1\FPOLY_DA1\src\lib\AnimatonClass.jar;C:\JAVA4\FPOLY_DA1_Vu_Hoang_Phuc_1\FPOLY_DA1\src\lib\JPlanner.jar;C:\JAVA4\FPOLY_DA1_Vu_Hoang_Phuc_1\FPOLY_DA1\src\lib\SparseBitSet-1.2.jar;C:\JAVA4\FPOLY_DA1_Vu_Hoang_Phuc_1\FPOLY_DA1\src\lib\activation-1.1.1.jar;C:\JAVA4\FPOLY_DA1_Vu_Hoang_Phuc_1\FPOLY_DA1\src\lib\bridj-0.6.2-windows-only.jar;C:\JAVA4\FPOLY_DA1_Vu_Hoang_Phuc_1\FPOLY_DA1\src\lib\commons-beanutils-1.8.3.jar;C:\JAVA4\FPOLY_DA1_Vu_Hoang_Phuc_1\FPOLY_DA1\src\lib\commons-codec-1.13.jar;C:\JAVA4\FPOLY_DA1_Vu_Hoang_Phuc_1\FPOLY_DA1\src\lib\commons-collections-3.2.1-1.0.0.jar;C:\JAVA4\FPOLY_DA1_Vu_Hoang_Phuc_1\FPOLY_DA1\src\lib\commons-collections4-4.4.jar;C:\JAVA4\FPOLY_DA1_Vu_Hoang_Phuc_1\FPOLY_DA1\src\lib\commons-compress-1.19.jar;C:\JAVA4\FPOLY_DA1_Vu_Hoang_Phuc_1\FPOLY_DA1\src\lib\commons-digester-2.1.jar;C:\JAVA4\FPOLY_DA1_Vu_Hoang_Phuc_1\FPOLY_DA1\src\lib\commons-digester3-3.2-javadoc.jar;C:\JAVA4\FPOLY_DA1_Vu_Hoang_Phuc_1\FPOLY_DA1\src\lib\commons-digester3-3.2-sources.jar;C:\JAVA4\FPOLY_DA1_Vu_Hoang_Phuc_1\FPOLY_DA1\src\lib\commons-digester3-3.2-with-deps.jar;C:\JAVA4\FPOLY_DA1_Vu_Hoang_Phuc_1\FPOLY_DA1\src\lib\commons-digester3-3.2.jar;C:\JAVA4\FPOLY_DA1_Vu_Hoang_Phuc_1\FPOLY_DA1\src\lib\commons-logging-1.2.jar;C:\JAVA4\FPOLY_DA1_Vu_Hoang_Phuc_1\FPOLY_DA1\src\lib\commons-logging-api-1.1.jar;C:\JAVA4\FPOLY_DA1_Vu_Hoang_Phuc_1\FPOLY_DA1\src\lib\commons-math3-3.6.1.jar;C:\JAVA4\FPOLY_DA1_Vu_Hoang_Phuc_1\FPOLY_DA1\src\lib\core-3.3.0.jar;C:\JAVA4\FPOLY_DA1_Vu_Hoang_Phuc_1\FPOLY_DA1\src\lib\curvesapi-1.06.jar;C:\JAVA4\FPOLY_DA1_Vu_Hoang_Phuc_1\FPOLY_DA1\src\lib\groovy-all-2.1.3.jar;C:\JAVA4\FPOLY_DA1_Vu_Hoang_Phuc_1\FPOLY_DA1\src\lib\it
java_class_path (initial): <not set>
Launcher Type: SUN_STANDARD

[Global flags]
     intx CICompilerCount                          = 3                                         {product} {ergonomic}
     uint ConcGCThreads                            = 1                                         {product} {ergonomic}
     uint G1ConcRefinementThreads                  = 4                                         {product} {ergonomic}
   size_t G1HeapRegionSize                         = 1048576                                   {product} {ergonomic}
    uintx GCDrainStackTargetSize                   = 64                                        {product} {ergonomic}
   size_t InitialHeapSize                          = 8388608                                   {product} {command line}
   size_t MarkStackSize                            = 4194304                                   {product} {ergonomic}
   size_t MaxHeapSize                              = 1044381696                                {product} {ergonomic}
   size_t MaxNewSize                               = 625999872                                 {product} {ergonomic}
   size_t MinHeapDeltaBytes                        = 1048576                                   {product} {ergonomic}
   size_t MinHeapSize                              = 8388608                                   {product} {command line}
    uintx NonNMethodCodeHeapSize                   = 5832780                                {pd product} {ergonomic}
    uintx NonProfiledCodeHeapSize                  = 122912730                              {pd product} {ergonomic}
    uintx ProfiledCodeHeapSize                     = 122912730                              {pd product} {ergonomic}
    uintx ReservedCodeCacheSize                    = 251658240                              {pd product} {ergonomic}
     bool SegmentedCodeCache                       = true                                      {product} {ergonomic}
   size_t SoftMaxHeapSize                          = 1044381696                             {manageable} {ergonomic}
     bool UseCompressedClassPointers               = true                                 {lp64_product} {ergonomic}
     bool UseCompressedOops                        = true                                 {lp64_product} {ergonomic}
     bool UseG1GC                                  = true                                      {product} {ergonomic}
     bool UseLargePagesIndividualAllocation        = false                                  {pd product} {ergonomic}

Logging:
Log output configuration:
 #0: stdout all=warning uptime,level,tags
 #1: stderr all=off uptime,level,tags

Environment Variables:
PATH=C:\Program Files (x86)\Common Files\Oracle\Java\javapath;C:\WINDOWS\system32;C:\WINDOWS;C:\WINDOWS\System32\Wbem;C:\WINDOWS\System32\WindowsPowerShell\v1.0\;C:\WINDOWS\System32\OpenSSH\;C:\Program Files\Microsoft SQL Server\Client SDK\ODBC\170\Tools\Binn\;C:\Program Files (x86)\Microsoft SQL Server\150\Tools\Binn\;C:\Program Files\Microsoft SQL Server\150\Tools\Binn\;C:\Program Files\Microsoft SQL Server\150\DTS\Binn\;C:\Program Files (x86)\Microsoft SQL Server\150\DTS\Binn\;C:\Users\nguye\AppData\Local\Microsoft\WindowsApps;C:\Users\nguye\AppData\Local\Programs\Microsoft VS Code\bin;C:\Program Files\JetBrains\IntelliJ IDEA 2020.2.2\bin;;C:\Program Files\JetBrains\PyCharm Community Edition 2020.2.3\bin;
USERNAME=nguye
OS=Windows_NT
PROCESSOR_IDENTIFIER=Intel64 Family 6 Model 142 Stepping 12, GenuineIntel



---------------  S Y S T E M  ---------------

OS: Windows 10 , 64 bit Build 19041 (10.0.19041.292)
OS uptime: 1 days 8:29 hours

CPU:total 4 (initial active 4) (2 cores per cpu, 2 threads per core) family 6 model 142 stepping 12, cmov, cx8, fxsr, mmx, sse, sse2, sse3, ssse3, sse4.1, sse4.2, popcnt, avx, avx2, aes, clmul, erms, 3dnowpref, lzcnt, ht, tsc, tscinvbit, bmi1, bmi2, adx, fma

Memory: 4k page, system-wide physical 3976M (199M free)
TotalPageFile size 16264M (AvailPageFile size 0M)
current process WorkingSet (physical memory assigned to process): 55M, peak: 55M
current process commit charge ("private bytes"): 91M, peak: 93M

vm_info: Java HotSpot(TM) 64-Bit Server VM (14.0.2+12-46) for windows-amd64 JRE (14.0.2+12-46), built on Jul  9 2020 00:35:52 by "mach5one" with MS VC++ 15.9 (VS2017)

END.
