#
# There is insufficient memory for the Java Runtime Environment to continue.
# Native memory allocation (malloc) failed to allocate 933600 bytes for Chunk::new
# Possible reasons:
#   The system is out of physical RAM or swap space
#   The process is running with CompressedOops enabled, and the Java Heap may be blocking the growth of the native heap
# Possible solutions:
#   Reduce memory load on the system
#   Increase physical memory or swap space
#   Check if swap backing store is full
#   Decrease Java heap size (-Xmx/-Xms)
#   Decrease number of Java threads
#   Decrease Java thread stack sizes (-Xss)
#   Set larger code cache with -XX:ReservedCodeCacheSize=
#   JVM is running with Unscaled Compressed Oops mode in which the Java heap is
#     placed in the first 4GB address space. The Java Heap base address is the
#     maximum limit for the native heap growth. Please use -XX:HeapBaseMinAddress
#     to set the Java Heap base and to place the Java Heap above 4GB virtual address.
# This output file may be truncated or incomplete.
#
#  Out of Memory Error (./open/src/hotspot/share/memory/arena.cpp:195), pid=18200, tid=7104
#
# JRE version: Java(TM) SE Runtime Environment (14.0.2+12) (build 14.0.2+12-46)
# Java VM: Java HotSpot(TM) 64-Bit Server VM (14.0.2+12-46, mixed mode, sharing, tiered, compressed oops, g1 gc, windows-amd64)
# No core dump will be written. Minidumps are not enabled by default on client versions of Windows
#

---------------  S U M M A R Y ------------

Command Line: -Dapplication.home=C:\Program Files\Java\jdk-14.0.2 --add-modules=ALL-DEFAULT -Xms8m -Djdk.module.main=jdk.compiler jdk.compiler/com.sun.tools.javac.Main -d C:\JAVA4\FPOLY_DA1_Vu_Hoang_Phuc_1\FPOLY_DA1\build\classes -classpath C:\JAVA4\FPOLY_DA1_Vu_Hoang_Phuc_1\FPOLY_DA1\build\classes;C:\Program Files\NetBeans-12.1\netbeans\java\modules\ext\AbsoluteLayout.jar;C:\Users\nguye\Downloads\javax.mail.jar;C:\JAVA4\FPOLY_DA1_Vu_Hoang_Phuc_1\FPOLY_DA1\src\lib\AnimatonClass.jar;C:\JAVA4\FPOLY_DA1_Vu_Hoang_Phuc_1\FPOLY_DA1\src\lib\JPlanner.jar;C:\JAVA4\FPOLY_DA1_Vu_Hoang_Phuc_1\FPOLY_DA1\src\lib\SparseBitSet-1.2.jar;C:\JAVA4\FPOLY_DA1_Vu_Hoang_Phuc_1\FPOLY_DA1\src\lib\activation-1.1.1.jar;C:\JAVA4\FPOLY_DA1_Vu_Hoang_Phuc_1\FPOLY_DA1\src\lib\bridj-0.6.2-windows-only.jar;C:\JAVA4\FPOLY_DA1_Vu_Hoang_Phuc_1\FPOLY_DA1\src\lib\commons-beanutils-1.8.3.jar;C:\JAVA4\FPOLY_DA1_Vu_Hoang_Phuc_1\FPOLY_DA1\src\lib\commons-codec-1.13.jar;C:\JAVA4\FPOLY_DA1_Vu_Hoang_Phuc_1\FPOLY_DA1\src\lib\commons-collections-3.2.1-1.0.0.jar;C:\JAVA4\FPOLY_DA1_Vu_Hoang_Phuc_1\FPOLY_DA1\src\lib\commons-collections4-4.4.jar;C:\JAVA4\FPOLY_DA1_Vu_Hoang_Phuc_1\FPOLY_DA1\src\lib\commons-compress-1.19.jar;C:\JAVA4\FPOLY_DA1_Vu_Hoang_Phuc_1\FPOLY_DA1\src\lib\commons-digester-2.1.jar;C:\JAVA4\FPOLY_DA1_Vu_Hoang_Phuc_1\FPOLY_DA1\src\lib\commons-digester3-3.2-javadoc.jar;C:\JAVA4\FPOLY_DA1_Vu_Hoang_Phuc_1\FPOLY_DA1\src\lib\commons-digester3-3.2-sources.jar;C:\JAVA4\FPOLY_DA1_Vu_Hoang_Phuc_1\FPOLY_DA1\src\lib\commons-digester3-3.2-with-deps.jar;C:\JAVA4\FPOLY_DA1_Vu_Hoang_Phuc_1\FPOLY_DA1\src\lib\commons-digester3-3.2.jar;C:\JAVA4\FPOLY_DA1_Vu_Hoang_Phuc_1\FPOLY_DA1\src\lib\commons-logging-1.2.jar;C:\JAVA4\FPOLY_DA1_Vu_Hoang_Phuc_1\FPOLY_DA1\src\lib\commons-logging-api-1.1.jar;C:\JAVA4\FPOLY_DA1_Vu_Hoang_Phuc_1\FPOLY_DA1\src\lib\commons-math3-3.6.1.jar;C:\JAVA4\FPOLY_DA1_Vu_Hoang_Phuc_1\FPOLY_DA1\src\lib\core-3.3.0.jar;C:\JAVA4\FPOLY_DA1_Vu_Hoang_Phuc_1\FPOLY_DA1\src\lib\curvesapi-1.06.jar;C:\JAVA4\FPOLY_DA1_Vu_Hoang_Phuc_1\FPOLY_DA1\src\lib\groovy-all-2.1.3.jar;C:\JAVA4\FPOLY_DA1_Vu_Hoang_Phuc_1\FPOLY_DA1\src\lib\itext-2.1.7.jar;C:\JAVA4\FPOLY_DA1_Vu_Hoang_Phuc_1\FPOLY_DA1\src\lib\itext-pdfa-5.4.0.jar;C:\JAVA4\FPOLY_DA1_Vu_Hoang_Phuc_1\FPOLY_DA1\src\lib\itextpdf-5.3.4.jar;C:\JAVA4\FPOLY_DA1_Vu_Hoang_Phuc_1\FPOLY_DA1\src\lib\jasperreports-6.10.0.jar;C:\JAVA4\FPOLY_DA1_Vu_Hoang_Phuc_1\FPOLY_DA1\src\lib\jasperreports-fonts-6.10.0.jar;C:\JAVA4\FPOLY_DA1_Vu_Hoang_Phuc_1\FPOLY_DA1\src\lib\jasperreports-fonts-6.14.0.jar;C:\JAVA4\FPOLY_DA1_Vu_Hoang_Phuc_1\FPOLY_DA1\src\lib\jasperreports-javaflow.jar;C:\JAVA4\FPOLY_DA1_Vu_Hoang_Phuc_1\FPOLY_DA1\src\lib\javase-3.3.0.jar;C:\JAVA4\FPOLY_DA1_Vu_Hoang_Phuc_1\FPOLY_DA1\src\lib\javax.mail.jar;C:\JAVA4\FPOLY_DA1_Vu_Hoang_Phuc_1\FPOLY_DA1\src\lib\jaxb-api-2.3.1.jar;C:\JAVA4\FPOLY_DA1_Vu_Hoang_Phuc_1\FPOLY_DA1\src\lib\jaxb-core-2.3.0.1.jar;C:\JAVA4\FPOLY_DA1_Vu_Hoang_Phuc_1\FPOLY_DA1\src\lib\jaxb-impl-2.3.2.jar;C:\JAVA4\FPOLY_DA1_Vu_Hoang_Phuc_1\FPOLY_DA1\src\lib\jcommon-1.0.23.jar;C:\JAVA4\FPOLY_DA1_Vu_Hoang_Phuc_1\FPOLY_DA1\src\lib\jfreechart-1.0.19.jar;C:\JAVA4\FPOLY_DA1_Vu_Hoang_Phuc_1\FPOLY_DA1\src\lib\junit-4.12.jar;C:\JAVA4\FPOLY_DA1_Vu_Hoang_Phuc_1\FPOLY_DA1\src\lib\log4j-1.2.17.jar;C:\JAVA4\FPOLY_DA1_Vu_Hoang_Phuc_1\FPOLY_DA1\src\lib\org-jdesktop-layout.jar;C:\JAVA4\FPOLY_DA1_Vu_Hoang_Phuc_1\FPOLY_DA1\src\lib\poi-4.1.2.jar;C:\JAVA4\FPOLY_DA1_Vu_Hoang_Phuc_1\FPOLY_DA1\src\lib\poi-examples-4.1.2.jar;C:\JAVA4\FPOLY_DA1_Vu_Hoang_Phuc_1\FPOLY_DA1\src\lib\poi-excelant-4.1.2.jar;C:\JAVA4\FPOLY_DA1_Vu_Hoang_Phuc_1\FPOLY_DA1\src\lib\poi-ooxml-4.1.2.jar;C:\JAVA4\FPOLY_DA1_Vu_Hoang_Phuc_1\FPOLY_DA1\src\lib\poi-ooxml-schemas-4.1.2.jar;C:\JAVA4\FPOLY_DA1_Vu_Hoang_Phuc_1\FPOLY_DA1\src\lib\poi-scratchpad-4.1.2.jar;C:\JAVA4\FPOLY_DA1_Vu_Hoang_Phuc_1\FPOLY_DA1\src\lib\slf4j-api-1.6.2.jar;C:\JAVA4\FPOLY_DA1_Vu_Hoang_Phuc_1\FPOLY_DA1\src\lib\slf4j-log4j12-1.6.2.jar;C:\JAVA4\FPOLY_DA1_Vu_Hoang_Phuc_1\FPOLY_DA1\src\lib\sqljdbc4.jar;C:\JAVA4\FPOLY_DA1_Vu_Hoang_Phuc_1\FPOLY_DA1\src\lib\webcam-capture-0.3.12.jar;C:\JAVA4\FPOLY_DA1_Vu_Hoang_Phuc_1\FPOLY_DA1\src\lib\xmlbeans-3.1.0.jar;C:\JAVA4\FPOLY_DA1_Vu_Hoang_Phuc_1\FPOLY_DA1\src\lib\jcalendar-1.4.jar;C:\JAVA4\FPOLY_DA1_Vu_Hoang_Phuc_1\FPOLY_DA1\src\lib\KControls.jar;C:\JAVA4\FPOLY_DA1_Vu_Hoang_Phuc_1\FPOLY_DA1\src\lib\KGradientPanel.jar;C:\JAVA4\lib\jaco-mp3-player-0.9.3.jar -sourcepath C:\JAVA4\FPOLY_DA1_Vu_Hoang_Phuc_1\FPOLY_DA1\src -target 13 -encoding UTF-8 -g -processorpath C:\Program Files\NetBeans-12.1\netbeans\java\modules\ext\AbsoluteLayout.jar;C:\Java\Thu vi?n\AbsoluteLayout.jar;C:\Java\Thu vi?n\mysql-connector-java-5.1.15-bin.jar;C:\Java\Thu vi?n\sqljdbc4.jar;C:\Java\Thu vi?n\swing-layout-1.0.4.jar;C:\Users\nguye\Downloads\javax.mail.jar;C:\Users\nguye\Downloads\javax.mail (1).jar;C:\JAVA4\FPOLY_DA1_Vu_Hoang_Phuc_1\FPOLY_DA1\src\lib\AnimatonClass.jar;C:\JAVA4\FPOLY_DA1_Vu_Hoang_Phuc_1\FPOLY_DA1\src\lib\JPlanner.jar;C:\JAVA4\FPOLY_DA1_Vu_Hoang_Phuc_1\FPOLY_DA1\src\lib\SparseBitSet-1.2.jar;C:\JAVA4\FPOLY_DA1_Vu_Hoang_Phuc_1\FPOLY_DA1\src\lib\activation-1.1.1.jar;C:\JAVA4\FPOLY_DA1_Vu_Hoang_Phuc_1\FPOLY_DA1\src\lib\bridj-0.6.2-windows-only.jar;C:\JAVA4\FPOLY_DA1_Vu_Hoang_Phuc_1\FPOLY_DA1\src\lib\commons-beanutils-1.8.3.jar;C:\JAVA4\FPOLY_DA1_Vu_Hoang_Phuc_1\FPOLY_DA1\src\lib\commons-codec-1.13.jar;C:\JAVA4\FPOLY_DA1_Vu_Hoang_Phuc_1\FPOLY_DA1\src\lib\commons-collections-3.2.1-1.0.0.jar;C:\JAVA4\FPOLY_DA1_Vu_Hoang_Phuc_1\FPOLY_DA1\src\lib\commons-collections4-4.4.jar;C:\JAVA4\FPOLY_DA1_Vu_Hoang_Phuc_1\FPOLY_DA1\src\lib\commons-compress-1.19.jar;C:\JAVA4\FPOLY_DA1_Vu_Hoang_Phuc_1\FPOLY_DA1\src\lib\commons-digester-2.1.jar;C:\JAVA4\FPOLY_DA1_Vu_Hoang_Phuc_1\FPOLY_DA1\src\lib\commons-digester3-3.2-javadoc.jar;C:\JAVA4\FPOLY_DA1_Vu_Hoang_Phuc_1\FPOLY_DA1\src\lib\commons-digester3-3.2-sources.jar;C:\JAVA4\FPOLY_DA1_Vu_Hoang_Phuc_1\FPOLY_DA1\src\lib\commons-digester3-3.2-with-deps.jar;C:\JAVA4\FPOLY_DA1_Vu_Hoang_Phuc_1\FPOLY_DA1\src\lib\commons-digester3-3.2.jar;C:\JAVA4\FPOLY_DA1_Vu_Hoang_Phuc_1\FPOLY_DA1\src\lib\commons-logging-1.2.jar;C:\JAVA4\FPOLY_DA1_Vu_Hoang_Phuc_1\FPOLY_DA1\src\lib\commons-logging-api-1.1.jar;C:\JAVA4\FPOLY_DA1_Vu_Hoang_Phuc_1\FPOLY_DA1\src\lib\commons-math3-3.6.1.jar;C:\JAVA4\FPOLY_DA1_Vu_Hoang_Phuc_1\FPOLY_DA1\src\lib\core-3.3.0.jar;C:\JAVA4\FPOLY_DA1_Vu_Hoang_Phuc_1\FPOLY_DA1\src\lib\curvesapi-1.06.jar;C:\JAVA4\FPOLY_DA1_Vu_Hoang_Phuc_1\FPOLY_DA1\src\lib\groovy-all-2.1.3.jar;C:\JAVA4\FPOLY_DA1_Vu_Hoang_Phuc_1\FPOLY_DA1\src\lib\itext-2.1.7.jar;C:\JAVA4\FPOLY_DA1_Vu_Hoang_Phuc_1\FPOLY_DA1\src\lib\itext-pdfa-5.4.0.jar;C:\JAVA4\FPOLY_DA1_Vu_Hoang_Phuc_1\FPOLY_DA1\src\lib\itextpdf-5.3.4.jar;C:\JAVA4\FPOLY_DA1_Vu_Hoang_Phuc_1\FPOLY_DA1\src\lib\jasperreports-6.10.0.jar;C:\JAVA4\FPOLY_DA1_Vu_Hoang_Phuc_1\FPOLY_DA1\src\lib\jasperreports-fonts-6.10.0.jar;C:\JAVA4\FPOLY_DA1_Vu_Hoang_Phuc_1\FPOLY_DA1\src\lib\jasperreports-fonts-6.14.0.jar;C:\JAVA4\FPOLY_DA1_Vu_Hoang_Phuc_1\FPOLY_DA1\src\lib\jasperreports-javaflow.jar;C:\JAVA4\FPOLY_DA1_Vu_Hoang_Phuc_1\FPOLY_DA1\src\lib\javase-3.3.0.jar;C:\JAVA4\FPOLY_DA1_Vu_Hoang_Phuc_1\FPOLY_DA1\src\lib\javax.mail.jar;C:\JAVA4\FPOLY_DA1_Vu_Hoang_Phuc_1\FPOLY_DA1\src\lib\jaxb-api-2.3.1.jar;C:\JAVA4\FPOLY_DA1_Vu_Hoang_Phuc_1\FPOLY_DA1\src\lib\jaxb-core-2.3.0.1.jar;C:\JAVA4\FPOLY_DA1_Vu_Hoang_Phuc_1\FPOLY_DA1\src\lib\jaxb-impl-2.3.2.jar;C:\JAVA4\FPOLY_DA1_Vu_Hoang_Phuc_1\FPOLY_DA1\src\lib\jcommon-1.0.23.jar;C:\JAVA4\FPOLY_DA1_Vu_Hoang_Phuc_1\FPOLY_DA1\src\lib\jfreechart-1.0.19.jar;C:\JAVA4\FPOLY_DA1_Vu_Hoang_Phuc_1\FPOLY_DA1\src\lib\junit-4.12.jar;C:\JAVA4\FPOLY_DA1_Vu_Hoang_Phuc_1\FPOLY_DA1\src\lib\log4j-1.2.17.jar;C:\JAVA4\FPOLY_DA1_Vu_Hoang_Phuc_1\FPOLY_DA1\src\lib\org-jdesktop-layout.jar;C:\JAVA4\FPOLY_DA1_Vu_Hoang_Phuc_1\FPOLY_DA1\src\lib\poi-4.1.2.jar;C:\JAVA4\FPOLY_DA1_Vu_Hoang_Phuc_1\FPOLY_DA1\src\lib\poi-examples-4.1.2.jar;C:\JAVA4\FPOLY_DA1_Vu_Hoang_Phuc_1\FPOLY_DA1\src\lib\poi-excelant-4.1.2.jar;C:\JAVA4\FPOLY_DA1_Vu_Hoang_Phuc_1\FPOLY_DA1\src\lib\poi-ooxml-4.1.2.jar;C:\JAVA4\FPOLY_DA1_Vu_Hoang_Phuc_1\FPOLY_DA1\src\lib\poi-ooxml-schemas-4.1.2.jar;C:\JAVA4\FPOLY_DA1_Vu_Hoang_Phuc_1\FPOLY_DA1\src\lib\poi-scratchpad-4.1.2.jar;C:\JAVA4\FPOLY_DA1_Vu_Hoang_Phuc_1\FPOLY_DA1\src\lib\slf4j-api-1.6.2.jar;C:\JAVA4\FPOLY_DA1_Vu_Hoang_Phuc_1\FPOLY_DA1\src\lib\slf4j-log4j12-1.6.2.jar;C:\JAVA4\FPOLY_DA1_Vu_Hoang_Phuc_1\FPOLY_DA1\src\lib\sqljdbc4.jar;C:\JAVA4\FPOLY_DA1_Vu_Hoang_Phuc_1\FPOLY_DA1\src\lib\webcam-capture-0.3.12.jar;C:\JAVA4\FPOLY_DA1_Vu_Hoang_Phuc_1\FPOLY_DA1\src\lib\xmlbeans-3.1.0.jar;C:\JAVA4\FPOLY_DA1_Vu_Hoang_Phuc_1\FPOLY_DA1\src\lib\jcalendar-1.4.jar;C:\JAVA4\FPOLY_DA1_Vu_Hoang_Phuc_1\FPOLY_DA1\src\lib\KControls.jar;C:\JAVA4\FPOLY_DA1_Vu_Hoang_Phuc_1\FPOLY_DA1\src\lib\KGradientPanel.jar;C:\JAVA4\lib\jaco-mp3-player-0.9.3.jar;C:\JAVA4\FPOLY_DA1_Vu_Hoang_Phuc_1\FPOLY_DA1\build\empty -s C:\JAVA4\FPOLY_DA1_Vu_Hoang_Phuc_1\FPOLY_DA1\build\generated-sources\ap-source-output -source 13 @C:\Users\nguye\AppData\Local\Temp\files17504008751791580277

Host: Intel(R) Core(TM) i3-8145U CPU @ 2.10GHz, 4 cores, 3G,  Windows 10 , 64 bit Build 19041 (10.0.19041.292)
Time: Sat Dec  5 22:15:41 2020 SE Asia Standard Time elapsed time: 2 seconds (0d 0h 0m 2s)

---------------  T H R E A D  ---------------

Current thread (0x000001ece10f0000):  JavaThread "C2 CompilerThread0" daemon [_thread_in_native, id=7104, stack(0x000000d9c9c00000,0x000000d9c9d00000)]


Current CompileTask:
C2:   2328 1344   !   4       java.nio.file.FileTreeWalker::getAttributes (94 bytes)

Stack: [0x000000d9c9c00000,0x000000d9c9d00000]
Native frames: (J=compiled Java code, j=interpreted, Vv=VM code, C=native code)
V  [jvm.dll+0x5f8a9a]
V  [jvm.dll+0x74247a]
V  [jvm.dll+0x743c2f]
V  [jvm.dll+0x744273]
V  [jvm.dll+0x20d288]
V  [jvm.dll+0xabb07]
V  [jvm.dll+0xac1fc]
V  [jvm.dll+0x31c495]
V  [jvm.dll+0x18ce00]
V  [jvm.dll+0x1e5efa]
V  [jvm.dll+0x1e50b8]
V  [jvm.dll+0x1779cc]
V  [jvm.dll+0x1f4105]
V  [jvm.dll+0x1f22eb]
V  [jvm.dll+0x7070cd]
V  [jvm.dll+0x6ffeda]
V  [jvm.dll+0x5f78f6]
C  [ucrtbase.dll+0x214c2]
C  [KERNEL32.DLL+0x16fd4]
C  [ntdll.dll+0x4cec1]


---------------  P R O C E S S  ---------------

Threads class SMR info:
_java_thread_list=0x000001ece11b5590, length=11, elements={
0x000001ecc47c7000, 0x000001ecc488d800, 0x000001ecc488f000, 0x000001ece10e9800,
0x000001ece10ed000, 0x000001ece10ee000, 0x000001ece10f0000, 0x000001ece10f3000,
0x000001ece1164000, 0x000001ece1194000, 0x000001ece1337000
}

Java Threads: ( => current thread )
  0x000001ecc47c7000 JavaThread "main" [_thread_blocked, id=13684, stack(0x000000d9c9000000,0x000000d9c9100000)]
  0x000001ecc488d800 JavaThread "Reference Handler" daemon [_thread_blocked, id=18188, stack(0x000000d9c9700000,0x000000d9c9800000)]
  0x000001ecc488f000 JavaThread "Finalizer" daemon [_thread_blocked, id=1388, stack(0x000000d9c9800000,0x000000d9c9900000)]
  0x000001ece10e9800 JavaThread "Signal Dispatcher" daemon [_thread_blocked, id=18052, stack(0x000000d9c9900000,0x000000d9c9a00000)]
  0x000001ece10ed000 JavaThread "Attach Listener" daemon [_thread_blocked, id=14996, stack(0x000000d9c9a00000,0x000000d9c9b00000)]
  0x000001ece10ee000 JavaThread "Service Thread" daemon [_thread_blocked, id=18216, stack(0x000000d9c9b00000,0x000000d9c9c00000)]
=>0x000001ece10f0000 JavaThread "C2 CompilerThread0" daemon [_thread_in_native, id=7104, stack(0x000000d9c9c00000,0x000000d9c9d00000)]
  0x000001ece10f3000 JavaThread "C1 CompilerThread0" daemon [_thread_blocked, id=13400, stack(0x000000d9c9d00000,0x000000d9c9e00000)]
  0x000001ece1164000 JavaThread "Sweeper thread" daemon [_thread_blocked, id=14948, stack(0x000000d9c9e00000,0x000000d9c9f00000)]
  0x000001ece1194000 JavaThread "Common-Cleaner" daemon [_thread_blocked, id=18272, stack(0x000000d9c9f00000,0x000000d9ca000000)]
  0x000001ece1337000 JavaThread "Notification Thread" daemon [_thread_blocked, id=17868, stack(0x000000d9ca000000,0x000000d9ca100000)]

Other Threads:
  0x000001ecc4889000 VMThread "VM Thread" [stack: 0x000000d9c9600000,0x000000d9c9700000] [id=17876]
  0x000001ece1338000 WatcherThread [stack: 0x000000d9ca100000,0x000000d9ca200000] [id=16040]
  0x000001ecc47f9800 GCTaskThread "GC Thread#0" [stack: 0x000000d9c9100000,0x000000d9c9200000] [id=18228]
  0x000001ece14ee000 GCTaskThread "GC Thread#1" [stack: 0x000000d9ca200000,0x000000d9ca300000] [id=16448]
  0x000001ecc4806000 ConcurrentGCThread "G1 Main Marker" [stack: 0x000000d9c9200000,0x000000d9c9300000] [id=15464]
  0x000001ecc4807000 ConcurrentGCThread "G1 Conc#0" [stack: 0x000000d9c9300000,0x000000d9c9400000] [id=15148]
  0x000001ecc4820800 ConcurrentGCThread "G1 Refine#0" [stack: 0x000000d9c9400000,0x000000d9c9500000] [id=17796]
  0x000001ecc4822800 ConcurrentGCThread "G1 Young RemSet Sampling" [stack: 0x000000d9c9500000,0x000000d9c9600000] [id=17704]

Threads with active compile tasks:
C2 CompilerThread0     2379 1344   !   4       java.nio.file.FileTreeWalker::getAttributes (94 bytes)

VM state:at safepoint (normal execution)

VM Mutex/Monitor currently owned by a thread:  ([mutex/lock_event])
[0x000001ecc47c2280] Threads_lock - owner thread: 0x000001ecc4889000
[0x000001ecc47c2820] Heap_lock - owner thread: 0x000001ecc4806000

Heap address: 0x00000000c1c00000, size: 996 MB, Compressed Oops mode: 32-bit
Narrow klass base: 0x0000000800000000, Narrow klass shift: 3
Compressed class space size: 1073741824 Address: 0x0000000800b30000

Heap:
 garbage-first heap   total 34816K, used 18693K [0x00000000c1c00000, 0x0000000100000000)
  region size 1024K, 4 young (4096K), 1 survivors (1024K)
 Metaspace       used 9198K, capacity 11581K, committed 11648K, reserved 1058816K
  class space    used 1078K, capacity 1360K, committed 1408K, reserved 1048576K
Heap Regions: E=young(eden), S=young(survivor), O=old, HS=humongous(starts), HC=humongous(continues), CS=collection set, F=free, OA=open archive, CA=closed archive, TAMS=top-at-mark-start (previous, next)
|   0|0x00000000c1c00000, 0x00000000c1d00000, 0x00000000c1d00000|100%| O|  |TAMS 0x00000000c1d00000, 0x00000000c1c00000| Updating 
|   1|0x00000000c1d00000, 0x00000000c1e00000, 0x00000000c1e00000|100%| O|  |TAMS 0x00000000c1e00000, 0x00000000c1d00000| Updating 
|   2|0x00000000c1e00000, 0x00000000c1f00000, 0x00000000c1f00000|100%| O|  |TAMS 0x00000000c1f00000, 0x00000000c1e00000| Updating 
|   3|0x00000000c1f00000, 0x00000000c2000000, 0x00000000c2000000|100%| O|  |TAMS 0x00000000c2000000, 0x00000000c1f00000| Updating 
|   4|0x00000000c2000000, 0x00000000c2100000, 0x00000000c2100000|100%| O|  |TAMS 0x00000000c2100000, 0x00000000c2000000| Updating 
|   5|0x00000000c2100000, 0x00000000c2200000, 0x00000000c2200000|100%| O|  |TAMS 0x00000000c2200000, 0x00000000c2100000| Updating 
|   6|0x00000000c2200000, 0x00000000c2300000, 0x00000000c2300000|100%|HS|  |TAMS 0x00000000c2300000, 0x00000000c2200000| Complete 
|   7|0x00000000c2300000, 0x00000000c2400000, 0x00000000c2400000|100%| O|  |TAMS 0x00000000c2400000, 0x00000000c2300000| Updating 
|   8|0x00000000c2400000, 0x00000000c2500000, 0x00000000c2500000|100%| O|  |TAMS 0x00000000c2500000, 0x00000000c2400000| Updating 
|   9|0x00000000c2500000, 0x00000000c2600000, 0x00000000c2600000|100%| O|  |TAMS 0x00000000c2600000, 0x00000000c2500000| Updating 
|  10|0x00000000c2600000, 0x00000000c2700000, 0x00000000c2700000|100%| O|  |TAMS 0x00000000c2700000, 0x00000000c2600000| Updating 
|  11|0x00000000c2700000, 0x00000000c2800000, 0x00000000c2800000|100%| O|  |TAMS 0x00000000c2800000, 0x00000000c2700000| Updating 
|  12|0x00000000c2800000, 0x00000000c2900000, 0x00000000c2900000|100%| O|  |TAMS 0x00000000c2900000, 0x00000000c2800000| Updating 
|  13|0x00000000c2900000, 0x00000000c2a00000, 0x00000000c2a00000|100%| O|  |TAMS 0x00000000c2910a00, 0x00000000c2900000| Untracked 
|  14|0x00000000c2a00000, 0x00000000c2a41600, 0x00000000c2b00000| 25%| O|  |TAMS 0x00000000c2a00000, 0x00000000c2a00000| Updating 
|  15|0x00000000c2b00000, 0x00000000c2c00000, 0x00000000c2c00000|100%|HS|  |TAMS 0x00000000c2b00000, 0x00000000c2b00000| Complete 
|  16|0x00000000c2c00000, 0x00000000c2c00000, 0x00000000c2d00000|  0%| F|  |TAMS 0x00000000c2c00000, 0x00000000c2c00000| Untracked 
|  17|0x00000000c2d00000, 0x00000000c2d00000, 0x00000000c2e00000|  0%| F|  |TAMS 0x00000000c2d00000, 0x00000000c2d00000| Untracked 
|  18|0x00000000c2e00000, 0x00000000c2e00000, 0x00000000c2f00000|  0%| F|  |TAMS 0x00000000c2e00000, 0x00000000c2e00000| Untracked 
|  19|0x00000000c2f00000, 0x00000000c2f00000, 0x00000000c3000000|  0%| F|  |TAMS 0x00000000c2f00000, 0x00000000c2f00000| Untracked 
|  20|0x00000000c3000000, 0x00000000c3000000, 0x00000000c3100000|  0%| F|  |TAMS 0x00000000c3000000, 0x00000000c3000000| Untracked 
|  21|0x00000000c3100000, 0x00000000c3100000, 0x00000000c3200000|  0%| F|  |TAMS 0x00000000c3100000, 0x00000000c3100000| Untracked 
|  22|0x00000000c3200000, 0x00000000c3300000, 0x00000000c3300000|100%| S|CS|TAMS 0x00000000c3200000, 0x00000000c3200000| Complete 
|  23|0x00000000c3300000, 0x00000000c3300000, 0x00000000c3400000|  0%| F|  |TAMS 0x00000000c3300000, 0x00000000c3300000| Untracked 
|  24|0x00000000c3400000, 0x00000000c34b35a0, 0x00000000c3500000| 70%| E|  |TAMS 0x00000000c3400000, 0x00000000c3400000| Complete 
|  25|0x00000000c3500000, 0x00000000c3600000, 0x00000000c3600000|100%| E|CS|TAMS 0x00000000c3500000, 0x00000000c3500000| Complete 
|  26|0x00000000c3600000, 0x00000000c3700000, 0x00000000c3700000|100%| E|CS|TAMS 0x00000000c3600000, 0x00000000c3600000| Complete 

Card table byte_map: [0x000001ecdc170000,0x000001ecdc370000] _byte_map_base: 0x000001ecdbb62000

Marking Bits (Prev, Next): (CMBitMap*) 0x000001ecc47fb398, (CMBitMap*) 0x000001ecc47fb358
 Prev Bits: [0x000001ecdd500000, 0x000001ecde490000)
 Next Bits: [0x000001ecdc570000, 0x000001ecdd500000)

Polling page: 0x000001ecc27a0000

Metaspace:

Usage:
  Non-class:      9.98 MB capacity,     7.93 MB ( 79%) used,     2.03 MB ( 20%) free+waste,    23.63 KB ( <1%) overhead. 
      Class:      1.33 MB capacity,     1.05 MB ( 79%) used,   269.80 KB ( 20%) free+waste,    12.13 KB ( <1%) overhead. 
       Both:     11.31 MB capacity,     8.98 MB ( 79%) used,     2.29 MB ( 20%) free+waste,    35.75 KB ( <1%) overhead. 

Virtual space:
  Non-class space:       10.00 MB reserved,      10.00 MB (100%) committed 
      Class space:        1.00 GB reserved,       1.38 MB ( <1%) committed 
             Both:        1.01 GB reserved,      11.38 MB (  1%) committed 

Chunk freelists:
   Non-Class:  19.00 KB
       Class:  16.00 KB
        Both:  35.00 KB

MaxMetaspaceSize: 17179869184.00 GB
CompressedClassSpaceSize: 1.00 GB

CodeHeap 'non-profiled nmethods': size=120000Kb used=507Kb max_used=507Kb free=119492Kb
 bounds [0x000001ecd4a40000, 0x000001ecd4cb0000, 0x000001ecdbf70000]
CodeHeap 'profiled nmethods': size=120000Kb used=2558Kb max_used=2558Kb free=117441Kb
 bounds [0x000001eccd510000, 0x000001eccd790000, 0x000001ecd4a40000]
CodeHeap 'non-nmethods': size=5760Kb used=1164Kb max_used=1204Kb free=4595Kb
 bounds [0x000001ecccf70000, 0x000001eccd1e0000, 0x000001eccd510000]
 total_blobs=1801 nmethods=1382 adapters=332
 compilation: enabled
              stopped_count=0, restarted_count=0
 full_count=0

Compilation events (20 events):
Event: 2.208 Thread 0x000001ece10f3000 1387   !   2       java.nio.ByteBuffer::wrap (21 bytes)
Event: 2.208 Thread 0x000001ece10f3000 nmethod 1387 0x000001eccd78b310 code [0x000001eccd78b4c0, 0x000001eccd78b778]
Event: 2.208 Thread 0x000001ece10f3000 1388       2       java.nio.HeapByteBuffer::<init> (23 bytes)
Event: 2.208 Thread 0x000001ece10f3000 nmethod 1388 0x000001eccd78b910 code [0x000001eccd78baa0, 0x000001eccd78bc08]
Event: 2.210 Thread 0x000001ece10f3000 1390   !   2       java.nio.file.FileTreeWalker::visit (204 bytes)
Event: 2.211 Thread 0x000001ece10f3000 nmethod 1390 0x000001eccd78bd10 code [0x000001eccd78bfe0, 0x000001eccd78cf78]
Event: 2.211 Thread 0x000001ece10f3000 1391       2       java.nio.file.FileTreeWalker$Event::<init> (9 bytes)
Event: 2.211 Thread 0x000001ece10f3000 nmethod 1391 0x000001eccd78d490 code [0x000001eccd78d620, 0x000001eccd78d878]
Event: 2.245 Thread 0x000001ece10f3000 1393       2       jdk.nio.zipfs.ZipFileSystem::beginWrite (15 bytes)
Event: 2.246 Thread 0x000001ece10f3000 nmethod 1393 0x000001eccd78d910 code [0x000001eccd78dac0, 0x000001eccd78dcb8]
Event: 2.246 Thread 0x000001ece10f3000 1396       2       java.util.concurrent.locks.ReentrantReadWriteLock::writeLock (5 bytes)
Event: 2.246 Thread 0x000001ece10f3000 nmethod 1396 0x000001eccd78de10 code [0x000001eccd78dfa0, 0x000001eccd78e0b8]
Event: 2.246 Thread 0x000001ece10f3000 1394       2       java.util.concurrent.locks.ReentrantReadWriteLock$WriteLock::lock (9 bytes)
Event: 2.246 Thread 0x000001ece10f3000 nmethod 1394 0x000001eccd78e190 code [0x000001eccd78e340, 0x000001eccd78e4d8]
Event: 2.246 Thread 0x000001ece10f3000 1395       2       java.util.concurrent.locks.AbstractQueuedSynchronizer::acquire (20 bytes)
Event: 2.246 Thread 0x000001ece10f3000 nmethod 1395 0x000001eccd78e610 code [0x000001eccd78e7c0, 0x000001eccd78e958]
Event: 2.249 Thread 0x000001ece10f3000 1398       1       sun.nio.fs.WindowsPath::getPathForPermissionCheck (5 bytes)
Event: 2.249 Thread 0x000001ece10f3000 nmethod 1398 0x000001ecd4abea10 code [0x000001ecd4abeba0, 0x000001ecd4abec78]
Event: 2.261 Thread 0x000001ece10f3000 1399       2       java.lang.Enum::hashCode (5 bytes)
Event: 2.261 Thread 0x000001ece10f3000 nmethod 1399 0x000001eccd78ea10 code [0x000001eccd78eba0, 0x000001eccd78ecc8]

GC Heap History (20 events):
Event: 1.292 GC heap before
{Heap before GC invocations=10 (full 0):
 garbage-first heap   total 10240K, used 5620K [0x00000000c1c00000, 0x0000000100000000)
  region size 1024K, 2 young (2048K), 1 survivors (1024K)
 Metaspace       used 7503K, capacity 10502K, committed 10752K, reserved 1058816K
  class space    used 913K, capacity 1212K, committed 1280K, reserved 1048576K
}
Event: 1.293 GC heap after
{Heap after GC invocations=11 (full 0):
 garbage-first heap   total 10240K, used 5573K [0x00000000c1c00000, 0x0000000100000000)
  region size 1024K, 1 young (1024K), 1 survivors (1024K)
 Metaspace       used 7503K, capacity 10502K, committed 10752K, reserved 1058816K
  class space    used 913K, capacity 1212K, committed 1280K, reserved 1048576K
}
Event: 1.354 GC heap before
{Heap before GC invocations=12 (full 0):
 garbage-first heap   total 15360K, used 7621K [0x00000000c1c00000, 0x0000000100000000)
  region size 1024K, 2 young (2048K), 1 survivors (1024K)
 Metaspace       used 7975K, capacity 10933K, committed 11008K, reserved 1058816K
  class space    used 947K, capacity 1249K, committed 1280K, reserved 1048576K
}
Event: 1.356 GC heap after
{Heap after GC invocations=13 (full 0):
 garbage-first heap   total 15360K, used 7305K [0x00000000c1c00000, 0x0000000100000000)
  region size 1024K, 1 young (1024K), 1 survivors (1024K)
 Metaspace       used 7975K, capacity 10933K, committed 11008K, reserved 1058816K
  class space    used 947K, capacity 1249K, committed 1280K, reserved 1048576K
}
Event: 1.405 GC heap before
{Heap before GC invocations=13 (full 0):
 garbage-first heap   total 15360K, used 8329K [0x00000000c1c00000, 0x0000000100000000)
  region size 1024K, 2 young (2048K), 1 survivors (1024K)
 Metaspace       used 8244K, capacity 11088K, committed 11264K, reserved 1058816K
  class space    used 970K, capacity 1258K, committed 1280K, reserved 1048576K
}
Event: 1.407 GC heap after
{Heap after GC invocations=14 (full 0):
 garbage-first heap   total 15360K, used 7521K [0x00000000c1c00000, 0x0000000100000000)
  region size 1024K, 1 young (1024K), 1 survivors (1024K)
 Metaspace       used 8244K, capacity 11088K, committed 11264K, reserved 1058816K
  class space    used 970K, capacity 1258K, committed 1280K, reserved 1048576K
}
Event: 1.458 GC heap before
{Heap before GC invocations=15 (full 0):
 garbage-first heap   total 17408K, used 8545K [0x00000000c1c00000, 0x0000000100000000)
  region size 1024K, 2 young (2048K), 1 survivors (1024K)
 Metaspace       used 8451K, capacity 11232K, committed 11392K, reserved 1058816K
  class space    used 994K, capacity 1307K, committed 1408K, reserved 1048576K
}
Event: 1.460 GC heap after
{Heap after GC invocations=16 (full 0):
 garbage-first heap   total 21504K, used 7986K [0x00000000c1c00000, 0x0000000100000000)
  region size 1024K, 1 young (1024K), 1 survivors (1024K)
 Metaspace       used 8451K, capacity 11232K, committed 11392K, reserved 1058816K
  class space    used 994K, capacity 1307K, committed 1408K, reserved 1048576K
}
Event: 1.658 GC heap before
{Heap before GC invocations=16 (full 0):
 garbage-first heap   total 21504K, used 10034K [0x00000000c1c00000, 0x0000000100000000)
  region size 1024K, 4 young (4096K), 1 survivors (1024K)
 Metaspace       used 9100K, capacity 11567K, committed 11648K, reserved 1058816K
  class space    used 1072K, capacity 1355K, committed 1408K, reserved 1048576K
}
Event: 1.663 GC heap after
{Heap after GC invocations=17 (full 0):
 garbage-first heap   total 21504K, used 9221K [0x00000000c1c00000, 0x0000000100000000)
  region size 1024K, 1 young (1024K), 1 survivors (1024K)
 Metaspace       used 9100K, capacity 11567K, committed 11648K, reserved 1058816K
  class space    used 1072K, capacity 1355K, committed 1408K, reserved 1048576K
}
Event: 1.692 GC heap before
{Heap before GC invocations=17 (full 0):
 garbage-first heap   total 21504K, used 11269K [0x00000000c1c00000, 0x0000000100000000)
  region size 1024K, 4 young (4096K), 1 survivors (1024K)
 Metaspace       used 9117K, capacity 11567K, committed 11648K, reserved 1058816K
  class space    used 1072K, capacity 1355K, committed 1408K, reserved 1048576K
}
Event: 1.694 GC heap after
{Heap after GC invocations=18 (full 0):
 garbage-first heap   total 21504K, used 9658K [0x00000000c1c00000, 0x0000000100000000)
  region size 1024K, 1 young (1024K), 1 survivors (1024K)
 Metaspace       used 9117K, capacity 11567K, committed 11648K, reserved 1058816K
  class space    used 1072K, capacity 1355K, committed 1408K, reserved 1048576K
}
Event: 1.805 GC heap before
{Heap before GC invocations=18 (full 0):
 garbage-first heap   total 21504K, used 12730K [0x00000000c1c00000, 0x0000000100000000)
  region size 1024K, 4 young (4096K), 1 survivors (1024K)
 Metaspace       used 9144K, capacity 11567K, committed 11648K, reserved 1058816K
  class space    used 1073K, capacity 1355K, committed 1408K, reserved 1048576K
}
Event: 1.806 GC heap after
{Heap after GC invocations=19 (full 0):
 garbage-first heap   total 21504K, used 10690K [0x00000000c1c00000, 0x0000000100000000)
  region size 1024K, 1 young (1024K), 1 survivors (1024K)
 Metaspace       used 9144K, capacity 11567K, committed 11648K, reserved 1058816K
  class space    used 1073K, capacity 1355K, committed 1408K, reserved 1048576K
}
Event: 1.934 GC heap before
{Heap before GC invocations=20 (full 0):
 garbage-first heap   total 21504K, used 12738K [0x00000000c1c00000, 0x0000000100000000)
  region size 1024K, 4 young (4096K), 1 survivors (1024K)
 Metaspace       used 9151K, capacity 11567K, committed 11648K, reserved 1058816K
  class space    used 1073K, capacity 1355K, committed 1408K, reserved 1048576K
}
Event: 1.937 GC heap after
{Heap after GC invocations=21 (full 0):
 garbage-first heap   total 26624K, used 11927K [0x00000000c1c00000, 0x0000000100000000)
  region size 1024K, 1 young (1024K), 1 survivors (1024K)
 Metaspace       used 9151K, capacity 11567K, committed 11648K, reserved 1058816K
  class space    used 1073K, capacity 1355K, committed 1408K, reserved 1048576K
}
Event: 2.033 GC heap before
{Heap before GC invocations=21 (full 0):
 garbage-first heap   total 26624K, used 16023K [0x00000000c1c00000, 0x0000000100000000)
  region size 1024K, 6 young (6144K), 1 survivors (1024K)
 Metaspace       used 9152K, capacity 11567K, committed 11648K, reserved 1058816K
  class space    used 1073K, capacity 1355K, committed 1408K, reserved 1048576K
}
Event: 2.036 GC heap after
{Heap after GC invocations=22 (full 0):
 garbage-first heap   total 26624K, used 13386K [0x00000000c1c00000, 0x0000000100000000)
  region size 1024K, 1 young (1024K), 1 survivors (1024K)
 Metaspace       used 9152K, capacity 11567K, committed 11648K, reserved 1058816K
  class space    used 1073K, capacity 1355K, committed 1408K, reserved 1048576K
}
Event: 2.204 GC heap before
{Heap before GC invocations=22 (full 0):
 garbage-first heap   total 26624K, used 18506K [0x00000000c1c00000, 0x0000000100000000)
  region size 1024K, 6 young (6144K), 1 survivors (1024K)
 Metaspace       used 9197K, capacity 11581K, committed 11648K, reserved 1058816K
  class space    used 1078K, capacity 1360K, committed 1408K, reserved 1048576K
}
Event: 2.208 GC heap after
{Heap after GC invocations=23 (full 0):
 garbage-first heap   total 26624K, used 14402K [0x00000000c1c00000, 0x0000000100000000)
  region size 1024K, 1 young (1024K), 1 survivors (1024K)
 Metaspace       used 9197K, capacity 11581K, committed 11648K, reserved 1058816K
  class space    used 1078K, capacity 1360K, committed 1408K, reserved 1048576K
}

Deoptimization events (20 events):
Event: 1.563 Thread 0x000001ecc47c7000 Uncommon trap: trap_request=0xffffff45 fr.pc=0x000001ecd4aa0908 relative=0x00000000000001e8
Event: 1.563 Thread 0x000001ecc47c7000 Uncommon trap: reason=unstable_if action=reinterpret pc=0x000001ecd4aa0908 method=java.util.Arrays.hashCode([B)I @ 1 c2
Event: 1.563 Thread 0x000001ecc47c7000 DEOPT PACKING pc=0x000001ecd4aa0908 sp=0x000000d9c90fe110
Event: 1.563 Thread 0x000001ecc47c7000 DEOPT UNPACKING pc=0x000001ecccfb912f sp=0x000000d9c90fe080 mode 2
Event: 1.602 Thread 0x000001ecc47c7000 Uncommon trap: trap_request=0xffffff45 fr.pc=0x000001ecd4a9d4e8 relative=0x00000000000003a8
Event: 1.602 Thread 0x000001ecc47c7000 Uncommon trap: reason=unstable_if action=reinterpret pc=0x000001ecd4a9d4e8 method=java.util.HashMap.getNode(ILjava/lang/Object;)Ljava/util/HashMap$Node; @ 62 c2
Event: 1.602 Thread 0x000001ecc47c7000 DEOPT PACKING pc=0x000001ecd4a9d4e8 sp=0x000000d9c90fddc0
Event: 1.602 Thread 0x000001ecc47c7000 DEOPT UNPACKING pc=0x000001ecccfb912f sp=0x000000d9c90fdd40 mode 2
Event: 1.916 Thread 0x000001ecc47c7000 Uncommon trap: trap_request=0xffffff45 fr.pc=0x000001ecd4aad74c relative=0x00000000000013ac
Event: 1.917 Thread 0x000001ecc47c7000 Uncommon trap: reason=unstable_if action=reinterpret pc=0x000001ecd4aad74c method=jdk.nio.zipfs.ZipFileSystem.makeParentDirs(Ljdk/nio/zipfs/ZipFileSystem$IndexNode;Ljdk/nio/zipfs/ZipFileSystem$IndexNode;)V @ 62 c2
Event: 1.917 Thread 0x000001ecc47c7000 DEOPT PACKING pc=0x000001ecd4aad74c sp=0x000000d9c90fe000
Event: 1.917 Thread 0x000001ecc47c7000 DEOPT UNPACKING pc=0x000001ecccfb912f sp=0x000000d9c90fdff8 mode 2
Event: 2.145 Thread 0x000001ecc47c7000 Uncommon trap: trap_request=0xffffff45 fr.pc=0x000001ecd4aab414 relative=0x0000000000000194
Event: 2.145 Thread 0x000001ecc47c7000 Uncommon trap: reason=unstable_if action=reinterpret pc=0x000001ecd4aab414 method=java.util.Arrays.equals([B[B)Z @ 2 c2
Event: 2.145 Thread 0x000001ecc47c7000 DEOPT PACKING pc=0x000001ecd4aab414 sp=0x000000d9c90fdc70
Event: 2.145 Thread 0x000001ecc47c7000 DEOPT UNPACKING pc=0x000001ecccfb912f sp=0x000000d9c90fdc20 mode 2
Event: 2.209 Thread 0x000001ecc47c7000 Uncommon trap: trap_request=0xffffff45 fr.pc=0x000001ecd4ab831c relative=0x000000000000429c
Event: 2.209 Thread 0x000001ecc47c7000 Uncommon trap: reason=unstable_if action=reinterpret pc=0x000001ecd4ab831c method=java.time.LocalDate.create(III)Ljava/time/LocalDate; @ 3 c2
Event: 2.209 Thread 0x000001ecc47c7000 DEOPT PACKING pc=0x000001ecd4ab831c sp=0x000000d9c90fe0f0
Event: 2.209 Thread 0x000001ecc47c7000 DEOPT UNPACKING pc=0x000001ecccfb912f sp=0x000000d9c90fdb60 mode 2

Classes unloaded (0 events):
No events

Classes redefined (0 events):
No events

Internal exceptions (20 events):
Event: 1.435 Thread 0x000001ecc47c7000 Exception <a 'java/lang/NoSuchMethodError'{0x00000000c2a60060}: 'java.lang.Object java.lang.invoke.DirectMethodHandle$Holder.invokeSpecial(java.lang.Object, java.lang.Object, java.lang.Object, int, int)'> (0x00000000c2a60060) 
thrown [./open/src/hotspot/share/interpreter/linkResolver.cpp, line 766]
Event: 1.563 Thread 0x000001ecc47c7000 Implicit null exception at 0x000001ecd4aa072c to 0x000001ecd4aa08fa
Event: 1.916 Thread 0x000001ecc47c7000 Implicit null exception at 0x000001ecd4aac70d to 0x000001ecd4aad724
Event: 2.143 Thread 0x000001ecc47c7000 Exception <a 'java/lang/NoSuchMethodError'{0x00000000c327a6a0}: 'void java.lang.invoke.DirectMethodHandle$Holder.invokeSpecial(java.lang.Object, java.lang.Object, java.lang.Object, java.lang.Object, java.lang.Object)'> (0x00000000c327a6a0) 
thrown [./open/src/hotspot/share/interpreter/linkResolver.cpp, line 766]
Event: 2.161 Thread 0x000001ecc47c7000 Exception <a 'sun/nio/fs/WindowsException'{0x00000000c32deb20}> (0x00000000c32deb20) 
thrown [./open/src/hotspot/share/prims/jni.cpp, line 599]
Event: 2.162 Thread 0x000001ecc47c7000 Exception <a 'sun/nio/fs/WindowsException'{0x00000000c32df388}> (0x00000000c32df388) 
thrown [./open/src/hotspot/share/prims/jni.cpp, line 599]
Event: 2.175 Thread 0x000001ecc47c7000 Exception <a 'sun/nio/fs/WindowsException'{0x00000000c31bd7d8}> (0x00000000c31bd7d8) 
thrown [./open/src/hotspot/share/prims/jni.cpp, line 599]
Event: 2.175 Thread 0x000001ecc47c7000 Exception <a 'sun/nio/fs/WindowsException'{0x00000000c31be058}> (0x00000000c31be058) 
thrown [./open/src/hotspot/share/prims/jni.cpp, line 599]
Event: 2.176 Thread 0x000001ecc47c7000 Exception <a 'sun/nio/fs/WindowsException'{0x00000000c31bf2f8}> (0x00000000c31bf2f8) 
thrown [./open/src/hotspot/share/prims/jni.cpp, line 599]
Event: 2.176 Thread 0x000001ecc47c7000 Exception <a 'sun/nio/fs/WindowsException'{0x00000000c31bfb60}> (0x00000000c31bfb60) 
thrown [./open/src/hotspot/share/prims/jni.cpp, line 599]
Event: 2.177 Thread 0x000001ecc47c7000 Exception <a 'sun/nio/fs/WindowsException'{0x00000000c31c0e90}> (0x00000000c31c0e90) 
thrown [./open/src/hotspot/share/prims/jni.cpp, line 599]
Event: 2.177 Thread 0x000001ecc47c7000 Exception <a 'sun/nio/fs/WindowsException'{0x00000000c31c1730}> (0x00000000c31c1730) 
thrown [./open/src/hotspot/share/prims/jni.cpp, line 599]
Event: 2.177 Thread 0x000001ecc47c7000 Exception <a 'sun/nio/fs/WindowsException'{0x00000000c31c29e8}> (0x00000000c31c29e8) 
thrown [./open/src/hotspot/share/prims/jni.cpp, line 599]
Event: 2.178 Thread 0x000001ecc47c7000 Exception <a 'sun/nio/fs/WindowsException'{0x00000000c31c3260}> (0x00000000c31c3260) 
thrown [./open/src/hotspot/share/prims/jni.cpp, line 599]
Event: 2.178 Thread 0x000001ecc47c7000 Exception <a 'sun/nio/fs/WindowsException'{0x00000000c31c4520}> (0x00000000c31c4520) 
thrown [./open/src/hotspot/share/prims/jni.cpp, line 599]
Event: 2.179 Thread 0x000001ecc47c7000 Exception <a 'sun/nio/fs/WindowsException'{0x00000000c31c4da0}> (0x00000000c31c4da0) 
thrown [./open/src/hotspot/share/prims/jni.cpp, line 599]
Event: 2.180 Thread 0x000001ecc47c7000 Exception <a 'sun/nio/fs/WindowsException'{0x00000000c31c60d0}> (0x00000000c31c60d0) 
thrown [./open/src/hotspot/share/prims/jni.cpp, line 599]
Event: 2.180 Thread 0x000001ecc47c7000 Exception <a 'sun/nio/fs/WindowsException'{0x00000000c31c6970}> (0x00000000c31c6970) 
thrown [./open/src/hotspot/share/prims/jni.cpp, line 599]
Event: 2.263 Thread 0x000001ecc47c7000 Exception <a 'sun/nio/fs/WindowsException'{0x00000000c363ab68}> (0x00000000c363ab68) 
thrown [./open/src/hotspot/share/prims/jni.cpp, line 599]
Event: 2.263 Thread 0x000001ecc47c7000 Exception <a 'sun/nio/fs/WindowsException'{0x00000000c363b428}> (0x00000000c363b428) 
thrown [./open/src/hotspot/share/prims/jni.cpp, line 599]

Events (20 events):
Event: 1.835 Executing VM operation: G1Concurrent
Event: 1.842 Executing VM operation: G1Concurrent done
Event: 1.934 Executing VM operation: G1CollectForAllocation
Event: 1.937 Executing VM operation: G1CollectForAllocation done
Event: 2.033 Executing VM operation: G1CollectForAllocation
Event: 2.037 Executing VM operation: G1CollectForAllocation done
Event: 2.129 Loaded shared library C:\Program Files\Java\jdk-14.0.2\bin\nio.dll
Event: 2.139 loading class java/util/regex/Pattern$Dollar
Event: 2.139 loading class java/util/regex/Pattern$Dollar done
Event: 2.139 loading class java/util/TreeMap$Values
Event: 2.140 loading class java/util/TreeMap$Values done
Event: 2.142 loading class java/util/TreeMap$ValueIterator
Event: 2.143 loading class java/util/TreeMap$ValueIterator done
Event: 2.179 Loaded shared library C:\Program Files\Java\jdk-14.0.2\bin\nio.dll
Event: 2.204 Executing VM operation: G1CollectForAllocation
Event: 2.208 Executing VM operation: G1CollectForAllocation done
Event: 2.225 Executing VM operation: G1Concurrent
Event: 2.226 Executing VM operation: G1Concurrent done
Event: 2.234 Executing VM operation: G1Concurrent
Event: 2.234 Executing VM operation: G1Concurrent done


Dynamic libraries:
0x00007ff659140000 - 0x00007ff659147000 	C:\Program Files\Java\jdk-14.0.2\bin\javac.exe
0x00007ff94b0f0000 - 0x00007ff94b2e5000 	C:\WINDOWS\SYSTEM32\ntdll.dll
0x00007ff94aae0000 - 0x00007ff94ab9d000 	C:\WINDOWS\System32\KERNEL32.DLL
0x00007ff948d50000 - 0x00007ff949017000 	C:\WINDOWS\System32\KERNELBASE.dll
0x00007ff948b70000 - 0x00007ff948c70000 	C:\WINDOWS\System32\ucrtbase.dll
0x00007ff939d30000 - 0x00007ff939d48000 	C:\Program Files\Java\jdk-14.0.2\bin\jli.dll
0x00007ff94aed0000 - 0x00007ff94af7a000 	C:\WINDOWS\System32\ADVAPI32.dll
0x00007ff949ab0000 - 0x00007ff949b4e000 	C:\WINDOWS\System32\msvcrt.dll
0x00007ff949600000 - 0x00007ff94969b000 	C:\WINDOWS\System32\sechost.dll
0x00007ff94aba0000 - 0x00007ff94acc4000 	C:\WINDOWS\System32\RPCRT4.dll
0x00007ff9214a0000 - 0x00007ff9214b5000 	C:\Program Files\Java\jdk-14.0.2\bin\VCRUNTIME140.dll
0x00007ff94a940000 - 0x00007ff94aae0000 	C:\WINDOWS\System32\USER32.dll
0x00007ff9488d0000 - 0x00007ff9488f2000 	C:\WINDOWS\System32\win32u.dll
0x00007ff94a910000 - 0x00007ff94a93a000 	C:\WINDOWS\System32\GDI32.dll
0x00007ff948a60000 - 0x00007ff948b69000 	C:\WINDOWS\System32\gdi32full.dll
0x00007ff948830000 - 0x00007ff9488cd000 	C:\WINDOWS\System32\msvcp_win.dll
0x00007ff9371c0000 - 0x00007ff93745b000 	C:\WINDOWS\WinSxS\amd64_microsoft.windows.common-controls_6595b64144ccf1df_6.0.19041.488_none_ca04af081b815d21\COMCTL32.dll
0x00007ff938370000 - 0x00007ff93837a000 	C:\WINDOWS\SYSTEM32\VERSION.dll
0x00007ff949150000 - 0x00007ff949180000 	C:\WINDOWS\System32\IMM32.DLL
0x00007ff915c00000 - 0x00007ff915c9b000 	C:\Program Files\Java\jdk-14.0.2\bin\msvcp140.dll
0x00007ff910330000 - 0x00007ff910e4e000 	C:\Program Files\Java\jdk-14.0.2\bin\server\jvm.dll
0x00007ff949e10000 - 0x00007ff949e18000 	C:\WINDOWS\System32\PSAPI.DLL
0x00007ff9336d0000 - 0x00007ff9336d9000 	C:\WINDOWS\SYSTEM32\WSOCK32.dll
0x00007ff94a090000 - 0x00007ff94a0fb000 	C:\WINDOWS\System32\WS2_32.dll
0x00007ff93a380000 - 0x00007ff93a3a7000 	C:\WINDOWS\SYSTEM32\WINMM.dll
0x00007ff946790000 - 0x00007ff9467a3000 	C:\WINDOWS\SYSTEM32\kernel.appcore.dll
0x00007ff9326a0000 - 0x00007ff9326aa000 	C:\Program Files\Java\jdk-14.0.2\bin\jimage.dll
0x00007ff945eb0000 - 0x00007ff946094000 	C:\WINDOWS\SYSTEM32\DBGHELP.DLL
0x00007ff935f00000 - 0x00007ff935f2c000 	C:\WINDOWS\SYSTEM32\dbgcore.DLL
0x00007ff9490d0000 - 0x00007ff94914f000 	C:\WINDOWS\System32\bcryptPrimitives.dll
0x00007ff91c790000 - 0x00007ff91c7b5000 	C:\Program Files\Java\jdk-14.0.2\bin\java.dll
0x00007ff920e60000 - 0x00007ff920e76000 	C:\Program Files\Java\jdk-14.0.2\bin\zip.dll
0x00007ff94a100000 - 0x00007ff94a841000 	C:\WINDOWS\System32\SHELL32.dll
0x00007ff946990000 - 0x00007ff947123000 	C:\WINDOWS\SYSTEM32\windows.storage.dll
0x00007ff9496a0000 - 0x00007ff9499f5000 	C:\WINDOWS\System32\combase.dll
0x00007ff9482a0000 - 0x00007ff9482cc000 	C:\WINDOWS\SYSTEM32\Wldp.dll
0x00007ff949d00000 - 0x00007ff949dae000 	C:\WINDOWS\System32\SHCORE.dll
0x00007ff949db0000 - 0x00007ff949e05000 	C:\WINDOWS\System32\shlwapi.dll
0x00007ff948760000 - 0x00007ff948786000 	C:\WINDOWS\SYSTEM32\profapi.dll
0x00007ff920250000 - 0x00007ff920269000 	C:\Program Files\Java\jdk-14.0.2\bin\net.dll
0x00007ff93a8d0000 - 0x00007ff93a9d0000 	C:\WINDOWS\SYSTEM32\WINHTTP.dll
0x00007ff948020000 - 0x00007ff94808a000 	C:\WINDOWS\system32\mswsock.dll
0x00007ff91cf90000 - 0x00007ff91cfa2000 	C:\Program Files\Java\jdk-14.0.2\bin\nio.dll

dbghelp: loaded successfully - version: 4.0.5 - missing functions: none
symbol engine: initialized successfully - sym options: 0x614 - pdb path: .;C:\Program Files\Java\jdk-14.0.2\bin;C:\WINDOWS\SYSTEM32;C:\WINDOWS\WinSxS\amd64_microsoft.windows.common-controls_6595b64144ccf1df_6.0.19041.488_none_ca04af081b815d21;C:\Program Files\Java\jdk-14.0.2\bin\server

VM Arguments:
jvm_args: -Dapplication.home=C:\Program Files\Java\jdk-14.0.2 --add-modules=ALL-DEFAULT -Xms8m -Djdk.module.main=jdk.compiler 
java_command: jdk.compiler/com.sun.tools.javac.Main -d C:\JAVA4\FPOLY_DA1_Vu_Hoang_Phuc_1\FPOLY_DA1\build\classes -classpath C:\JAVA4\FPOLY_DA1_Vu_Hoang_Phuc_1\FPOLY_DA1\build\classes;C:\Program Files\NetBeans-12.1\netbeans\java\modules\ext\AbsoluteLayout.jar;C:\Users\nguye\Downloads\javax.mail.jar;C:\JAVA4\FPOLY_DA1_Vu_Hoang_Phuc_1\FPOLY_DA1\src\lib\AnimatonClass.jar;C:\JAVA4\FPOLY_DA1_Vu_Hoang_Phuc_1\FPOLY_DA1\src\lib\JPlanner.jar;C:\JAVA4\FPOLY_DA1_Vu_Hoang_Phuc_1\FPOLY_DA1\src\lib\SparseBitSet-1.2.jar;C:\JAVA4\FPOLY_DA1_Vu_Hoang_Phuc_1\FPOLY_DA1\src\lib\activation-1.1.1.jar;C:\JAVA4\FPOLY_DA1_Vu_Hoang_Phuc_1\FPOLY_DA1\src\lib\bridj-0.6.2-windows-only.jar;C:\JAVA4\FPOLY_DA1_Vu_Hoang_Phuc_1\FPOLY_DA1\src\lib\commons-beanutils-1.8.3.jar;C:\JAVA4\FPOLY_DA1_Vu_Hoang_Phuc_1\FPOLY_DA1\src\lib\commons-codec-1.13.jar;C:\JAVA4\FPOLY_DA1_Vu_Hoang_Phuc_1\FPOLY_DA1\src\lib\commons-collections-3.2.1-1.0.0.jar;C:\JAVA4\FPOLY_DA1_Vu_Hoang_Phuc_1\FPOLY_DA1\src\lib\commons-collections4-4.4.jar;C:\JAVA4\FPOLY_DA1_Vu_Hoang_Phuc_1\FPOLY_DA1\src\lib\commons-compress-1.19.jar;C:\JAVA4\FPOLY_DA1_Vu_Hoang_Phuc_1\FPOLY_DA1\src\lib\commons-digester-2.1.jar;C:\JAVA4\FPOLY_DA1_Vu_Hoang_Phuc_1\FPOLY_DA1\src\lib\commons-digester3-3.2-javadoc.jar;C:\JAVA4\FPOLY_DA1_Vu_Hoang_Phuc_1\FPOLY_DA1\src\lib\commons-digester3-3.2-sources.jar;C:\JAVA4\FPOLY_DA1_Vu_Hoang_Phuc_1\FPOLY_DA1\src\lib\commons-digester3-3.2-with-deps.jar;C:\JAVA4\FPOLY_DA1_Vu_Hoang_Phuc_1\FPOLY_DA1\src\lib\commons-digester3-3.2.jar;C:\JAVA4\FPOLY_DA1_Vu_Hoang_Phuc_1\FPOLY_DA1\src\lib\commons-logging-1.2.jar;C:\JAVA4\FPOLY_DA1_Vu_Hoang_Phuc_1\FPOLY_DA1\src\lib\commons-logging-api-1.1.jar;C:\JAVA4\FPOLY_DA1_Vu_Hoang_Phuc_1\FPOLY_DA1\src\lib\commons-math3-3.6.1.jar;C:\JAVA4\FPOLY_DA1_Vu_Hoang_Phuc_1\FPOLY_DA1\src\lib\core-3.3.0.jar;C:\JAVA4\FPOLY_DA1_Vu_Hoang_Phuc_1\FPOLY_DA1\src\lib\curvesapi-1.06.jar;C:\JAVA4\FPOLY_DA1_Vu_Hoang_Phuc_1\FPOLY_DA1\src\lib\groovy-all-2.1.3.jar;C:\JAVA4\FPOLY_DA1_Vu_Hoang_Phuc_1\FPOLY_DA1\src\lib\it
java_class_path (initial): <not set>
Launcher Type: SUN_STANDARD

[Global flags]
     intx CICompilerCount                          = 3                                         {product} {ergonomic}
     uint ConcGCThreads                            = 1                                         {product} {ergonomic}
     uint G1ConcRefinementThreads                  = 4                                         {product} {ergonomic}
   size_t G1HeapRegionSize                         = 1048576                                   {product} {ergonomic}
    uintx GCDrainStackTargetSize                   = 64                                        {product} {ergonomic}
   size_t InitialHeapSize                          = 8388608                                   {product} {command line}
   size_t MarkStackSize                            = 4194304                                   {product} {ergonomic}
   size_t MaxHeapSize                              = 1044381696                                {product} {ergonomic}
   size_t MaxNewSize                               = 625999872                                 {product} {ergonomic}
   size_t MinHeapDeltaBytes                        = 1048576                                   {product} {ergonomic}
   size_t MinHeapSize                              = 8388608                                   {product} {command line}
    uintx NonNMethodCodeHeapSize                   = 5832780                                {pd product} {ergonomic}
    uintx NonProfiledCodeHeapSize                  = 122912730                              {pd product} {ergonomic}
    uintx ProfiledCodeHeapSize                     = 122912730                              {pd product} {ergonomic}
    uintx ReservedCodeCacheSize                    = 251658240                              {pd product} {ergonomic}
     bool SegmentedCodeCache                       = true                                      {product} {ergonomic}
   size_t SoftMaxHeapSize                          = 1044381696                             {manageable} {ergonomic}
     bool UseCompressedClassPointers               = true                                 {lp64_product} {ergonomic}
     bool UseCompressedOops                        = true                                 {lp64_product} {ergonomic}
     bool UseG1GC                                  = true                                      {product} {ergonomic}
     bool UseLargePagesIndividualAllocation        = false                                  {pd product} {ergonomic}

Logging:
Log output configuration:
 #0: stdout all=warning uptime,level,tags
 #1: stderr all=off uptime,level,tags

Environment Variables:
PATH=C:\Program Files (x86)\Common Files\Oracle\Java\javapath;C:\WINDOWS\system32;C:\WINDOWS;C:\WINDOWS\System32\Wbem;C:\WINDOWS\System32\WindowsPowerShell\v1.0\;C:\WINDOWS\System32\OpenSSH\;C:\Program Files\Microsoft SQL Server\Client SDK\ODBC\170\Tools\Binn\;C:\Program Files (x86)\Microsoft SQL Server\150\Tools\Binn\;C:\Program Files\Microsoft SQL Server\150\Tools\Binn\;C:\Program Files\Microsoft SQL Server\150\DTS\Binn\;C:\Program Files (x86)\Microsoft SQL Server\150\DTS\Binn\;C:\Users\nguye\AppData\Local\Microsoft\WindowsApps;C:\Users\nguye\AppData\Local\Programs\Microsoft VS Code\bin;C:\Program Files\JetBrains\IntelliJ IDEA 2020.2.2\bin;;C:\Program Files\JetBrains\PyCharm Community Edition 2020.2.3\bin;
USERNAME=nguye
OS=Windows_NT
PROCESSOR_IDENTIFIER=Intel64 Family 6 Model 142 Stepping 12, GenuineIntel



---------------  S Y S T E M  ---------------

OS: Windows 10 , 64 bit Build 19041 (10.0.19041.292)
OS uptime: 1 days 8:25 hours

CPU:total 4 (initial active 4) (2 cores per cpu, 2 threads per core) family 6 model 142 stepping 12, cmov, cx8, fxsr, mmx, sse, sse2, sse3, ssse3, sse4.1, sse4.2, popcnt, avx, avx2, aes, clmul, erms, 3dnowpref, lzcnt, ht, tsc, tscinvbit, bmi1, bmi2, adx, fma

Memory: 4k page, system-wide physical 3976M (208M free)
TotalPageFile size 16264M (AvailPageFile size 4M)
current process WorkingSet (physical memory assigned to process): 98M, peak: 98M
current process commit charge ("private bytes"): 130M, peak: 137M

vm_info: Java HotSpot(TM) 64-Bit Server VM (14.0.2+12-46) for windows-amd64 JRE (14.0.2+12-46), built on Jul  9 2020 00:35:52 by "mach5one" with MS VC++ 15.9 (VS2017)

END.
