#
# There is insufficient memory for the Java Runtime Environment to continue.
# Native memory allocation (mmap) failed to map 5242880 bytes for Failed to commit area from 0x00000000c3400000 to 0x00000000c3900000 of length 5242880.
# Possible reasons:
#   The system is out of physical RAM or swap space
#   The process is running with CompressedOops enabled, and the Java Heap may be blocking the growth of the native heap
# Possible solutions:
#   Reduce memory load on the system
#   Increase physical memory or swap space
#   Check if swap backing store is full
#   Decrease Java heap size (-Xmx/-Xms)
#   Decrease number of Java threads
#   Decrease Java thread stack sizes (-Xss)
#   Set larger code cache with -XX:ReservedCodeCacheSize=
#   JVM is running with Unscaled Compressed Oops mode in which the Java heap is
#     placed in the first 4GB address space. The Java Heap base address is the
#     maximum limit for the native heap growth. Please use -XX:HeapBaseMinAddress
#     to set the Java Heap base and to place the Java Heap above 4GB virtual address.
# This output file may be truncated or incomplete.
#
#  Out of Memory Error (./open/src/hotspot/os/windows/os_windows.cpp:3315), pid=3048, tid=15436
#
# JRE version: Java(TM) SE Runtime Environment (14.0.2+12) (build 14.0.2+12-46)
# Java VM: Java HotSpot(TM) 64-Bit Server VM (14.0.2+12-46, mixed mode, sharing, tiered, compressed oops, g1 gc, windows-amd64)
# No core dump will be written. Minidumps are not enabled by default on client versions of Windows
#

---------------  S U M M A R Y ------------

Command Line: -Dapplication.home=C:\Program Files\Java\jdk-14.0.2 --add-modules=ALL-DEFAULT -Xms8m -Djdk.module.main=jdk.compiler jdk.compiler/com.sun.tools.javac.Main -d C:\JAVA4\FPOLY_DA1_Vu_Hoang_Phuc_1\FPOLY_DA1\build\classes -classpath C:\JAVA4\FPOLY_DA1_Vu_Hoang_Phuc_1\FPOLY_DA1\build\classes;C:\Program Files\NetBeans-12.1\netbeans\java\modules\ext\AbsoluteLayout.jar;C:\Users\nguye\Downloads\javax.mail.jar;C:\JAVA4\FPOLY_DA1_Vu_Hoang_Phuc_1\FPOLY_DA1\src\lib\AnimatonClass.jar;C:\JAVA4\FPOLY_DA1_Vu_Hoang_Phuc_1\FPOLY_DA1\src\lib\JPlanner.jar;C:\JAVA4\FPOLY_DA1_Vu_Hoang_Phuc_1\FPOLY_DA1\src\lib\SparseBitSet-1.2.jar;C:\JAVA4\FPOLY_DA1_Vu_Hoang_Phuc_1\FPOLY_DA1\src\lib\activation-1.1.1.jar;C:\JAVA4\FPOLY_DA1_Vu_Hoang_Phuc_1\FPOLY_DA1\src\lib\bridj-0.6.2-windows-only.jar;C:\JAVA4\FPOLY_DA1_Vu_Hoang_Phuc_1\FPOLY_DA1\src\lib\commons-beanutils-1.8.3.jar;C:\JAVA4\FPOLY_DA1_Vu_Hoang_Phuc_1\FPOLY_DA1\src\lib\commons-codec-1.13.jar;C:\JAVA4\FPOLY_DA1_Vu_Hoang_Phuc_1\FPOLY_DA1\src\lib\commons-collections-3.2.1-1.0.0.jar;C:\JAVA4\FPOLY_DA1_Vu_Hoang_Phuc_1\FPOLY_DA1\src\lib\commons-collections4-4.4.jar;C:\JAVA4\FPOLY_DA1_Vu_Hoang_Phuc_1\FPOLY_DA1\src\lib\commons-compress-1.19.jar;C:\JAVA4\FPOLY_DA1_Vu_Hoang_Phuc_1\FPOLY_DA1\src\lib\commons-digester-2.1.jar;C:\JAVA4\FPOLY_DA1_Vu_Hoang_Phuc_1\FPOLY_DA1\src\lib\commons-digester3-3.2-javadoc.jar;C:\JAVA4\FPOLY_DA1_Vu_Hoang_Phuc_1\FPOLY_DA1\src\lib\commons-digester3-3.2-sources.jar;C:\JAVA4\FPOLY_DA1_Vu_Hoang_Phuc_1\FPOLY_DA1\src\lib\commons-digester3-3.2-with-deps.jar;C:\JAVA4\FPOLY_DA1_Vu_Hoang_Phuc_1\FPOLY_DA1\src\lib\commons-digester3-3.2.jar;C:\JAVA4\FPOLY_DA1_Vu_Hoang_Phuc_1\FPOLY_DA1\src\lib\commons-logging-1.2.jar;C:\JAVA4\FPOLY_DA1_Vu_Hoang_Phuc_1\FPOLY_DA1\src\lib\commons-logging-api-1.1.jar;C:\JAVA4\FPOLY_DA1_Vu_Hoang_Phuc_1\FPOLY_DA1\src\lib\commons-math3-3.6.1.jar;C:\JAVA4\FPOLY_DA1_Vu_Hoang_Phuc_1\FPOLY_DA1\src\lib\core-3.3.0.jar;C:\JAVA4\FPOLY_DA1_Vu_Hoang_Phuc_1\FPOLY_DA1\src\lib\curvesapi-1.06.jar;C:\JAVA4\FPOLY_DA1_Vu_Hoang_Phuc_1\FPOLY_DA1\src\lib\groovy-all-2.1.3.jar;C:\JAVA4\FPOLY_DA1_Vu_Hoang_Phuc_1\FPOLY_DA1\src\lib\itext-2.1.7.jar;C:\JAVA4\FPOLY_DA1_Vu_Hoang_Phuc_1\FPOLY_DA1\src\lib\itext-pdfa-5.4.0.jar;C:\JAVA4\FPOLY_DA1_Vu_Hoang_Phuc_1\FPOLY_DA1\src\lib\itextpdf-5.3.4.jar;C:\JAVA4\FPOLY_DA1_Vu_Hoang_Phuc_1\FPOLY_DA1\src\lib\jasperreports-6.10.0.jar;C:\JAVA4\FPOLY_DA1_Vu_Hoang_Phuc_1\FPOLY_DA1\src\lib\jasperreports-fonts-6.10.0.jar;C:\JAVA4\FPOLY_DA1_Vu_Hoang_Phuc_1\FPOLY_DA1\src\lib\jasperreports-fonts-6.14.0.jar;C:\JAVA4\FPOLY_DA1_Vu_Hoang_Phuc_1\FPOLY_DA1\src\lib\jasperreports-javaflow.jar;C:\JAVA4\FPOLY_DA1_Vu_Hoang_Phuc_1\FPOLY_DA1\src\lib\javase-3.3.0.jar;C:\JAVA4\FPOLY_DA1_Vu_Hoang_Phuc_1\FPOLY_DA1\src\lib\javax.mail.jar;C:\JAVA4\FPOLY_DA1_Vu_Hoang_Phuc_1\FPOLY_DA1\src\lib\jaxb-api-2.3.1.jar;C:\JAVA4\FPOLY_DA1_Vu_Hoang_Phuc_1\FPOLY_DA1\src\lib\jaxb-core-2.3.0.1.jar;C:\JAVA4\FPOLY_DA1_Vu_Hoang_Phuc_1\FPOLY_DA1\src\lib\jaxb-impl-2.3.2.jar;C:\JAVA4\FPOLY_DA1_Vu_Hoang_Phuc_1\FPOLY_DA1\src\lib\jcommon-1.0.23.jar;C:\JAVA4\FPOLY_DA1_Vu_Hoang_Phuc_1\FPOLY_DA1\src\lib\jfreechart-1.0.19.jar;C:\JAVA4\FPOLY_DA1_Vu_Hoang_Phuc_1\FPOLY_DA1\src\lib\junit-4.12.jar;C:\JAVA4\FPOLY_DA1_Vu_Hoang_Phuc_1\FPOLY_DA1\src\lib\log4j-1.2.17.jar;C:\JAVA4\FPOLY_DA1_Vu_Hoang_Phuc_1\FPOLY_DA1\src\lib\org-jdesktop-layout.jar;C:\JAVA4\FPOLY_DA1_Vu_Hoang_Phuc_1\FPOLY_DA1\src\lib\poi-4.1.2.jar;C:\JAVA4\FPOLY_DA1_Vu_Hoang_Phuc_1\FPOLY_DA1\src\lib\poi-examples-4.1.2.jar;C:\JAVA4\FPOLY_DA1_Vu_Hoang_Phuc_1\FPOLY_DA1\src\lib\poi-excelant-4.1.2.jar;C:\JAVA4\FPOLY_DA1_Vu_Hoang_Phuc_1\FPOLY_DA1\src\lib\poi-ooxml-4.1.2.jar;C:\JAVA4\FPOLY_DA1_Vu_Hoang_Phuc_1\FPOLY_DA1\src\lib\poi-ooxml-schemas-4.1.2.jar;C:\JAVA4\FPOLY_DA1_Vu_Hoang_Phuc_1\FPOLY_DA1\src\lib\poi-scratchpad-4.1.2.jar;C:\JAVA4\FPOLY_DA1_Vu_Hoang_Phuc_1\FPOLY_DA1\src\lib\slf4j-api-1.6.2.jar;C:\JAVA4\FPOLY_DA1_Vu_Hoang_Phuc_1\FPOLY_DA1\src\lib\slf4j-log4j12-1.6.2.jar;C:\JAVA4\FPOLY_DA1_Vu_Hoang_Phuc_1\FPOLY_DA1\src\lib\sqljdbc4.jar;C:\JAVA4\FPOLY_DA1_Vu_Hoang_Phuc_1\FPOLY_DA1\src\lib\webcam-capture-0.3.12.jar;C:\JAVA4\FPOLY_DA1_Vu_Hoang_Phuc_1\FPOLY_DA1\src\lib\xmlbeans-3.1.0.jar;C:\JAVA4\FPOLY_DA1_Vu_Hoang_Phuc_1\FPOLY_DA1\src\lib\jcalendar-1.4.jar;C:\JAVA4\FPOLY_DA1_Vu_Hoang_Phuc_1\FPOLY_DA1\src\lib\KControls.jar;C:\JAVA4\FPOLY_DA1_Vu_Hoang_Phuc_1\FPOLY_DA1\src\lib\KGradientPanel.jar;C:\JAVA4\lib\jaco-mp3-player-0.9.3.jar -sourcepath C:\JAVA4\FPOLY_DA1_Vu_Hoang_Phuc_1\FPOLY_DA1\src -target 13 -encoding UTF-8 -g -processorpath C:\Program Files\NetBeans-12.1\netbeans\java\modules\ext\AbsoluteLayout.jar;C:\Java\Thu vi?n\AbsoluteLayout.jar;C:\Java\Thu vi?n\mysql-connector-java-5.1.15-bin.jar;C:\Java\Thu vi?n\sqljdbc4.jar;C:\Java\Thu vi?n\swing-layout-1.0.4.jar;C:\Users\nguye\Downloads\javax.mail.jar;C:\Users\nguye\Downloads\javax.mail (1).jar;C:\JAVA4\FPOLY_DA1_Vu_Hoang_Phuc_1\FPOLY_DA1\src\lib\AnimatonClass.jar;C:\JAVA4\FPOLY_DA1_Vu_Hoang_Phuc_1\FPOLY_DA1\src\lib\JPlanner.jar;C:\JAVA4\FPOLY_DA1_Vu_Hoang_Phuc_1\FPOLY_DA1\src\lib\SparseBitSet-1.2.jar;C:\JAVA4\FPOLY_DA1_Vu_Hoang_Phuc_1\FPOLY_DA1\src\lib\activation-1.1.1.jar;C:\JAVA4\FPOLY_DA1_Vu_Hoang_Phuc_1\FPOLY_DA1\src\lib\bridj-0.6.2-windows-only.jar;C:\JAVA4\FPOLY_DA1_Vu_Hoang_Phuc_1\FPOLY_DA1\src\lib\commons-beanutils-1.8.3.jar;C:\JAVA4\FPOLY_DA1_Vu_Hoang_Phuc_1\FPOLY_DA1\src\lib\commons-codec-1.13.jar;C:\JAVA4\FPOLY_DA1_Vu_Hoang_Phuc_1\FPOLY_DA1\src\lib\commons-collections-3.2.1-1.0.0.jar;C:\JAVA4\FPOLY_DA1_Vu_Hoang_Phuc_1\FPOLY_DA1\src\lib\commons-collections4-4.4.jar;C:\JAVA4\FPOLY_DA1_Vu_Hoang_Phuc_1\FPOLY_DA1\src\lib\commons-compress-1.19.jar;C:\JAVA4\FPOLY_DA1_Vu_Hoang_Phuc_1\FPOLY_DA1\src\lib\commons-digester-2.1.jar;C:\JAVA4\FPOLY_DA1_Vu_Hoang_Phuc_1\FPOLY_DA1\src\lib\commons-digester3-3.2-javadoc.jar;C:\JAVA4\FPOLY_DA1_Vu_Hoang_Phuc_1\FPOLY_DA1\src\lib\commons-digester3-3.2-sources.jar;C:\JAVA4\FPOLY_DA1_Vu_Hoang_Phuc_1\FPOLY_DA1\src\lib\commons-digester3-3.2-with-deps.jar;C:\JAVA4\FPOLY_DA1_Vu_Hoang_Phuc_1\FPOLY_DA1\src\lib\commons-digester3-3.2.jar;C:\JAVA4\FPOLY_DA1_Vu_Hoang_Phuc_1\FPOLY_DA1\src\lib\commons-logging-1.2.jar;C:\JAVA4\FPOLY_DA1_Vu_Hoang_Phuc_1\FPOLY_DA1\src\lib\commons-logging-api-1.1.jar;C:\JAVA4\FPOLY_DA1_Vu_Hoang_Phuc_1\FPOLY_DA1\src\lib\commons-math3-3.6.1.jar;C:\JAVA4\FPOLY_DA1_Vu_Hoang_Phuc_1\FPOLY_DA1\src\lib\core-3.3.0.jar;C:\JAVA4\FPOLY_DA1_Vu_Hoang_Phuc_1\FPOLY_DA1\src\lib\curvesapi-1.06.jar;C:\JAVA4\FPOLY_DA1_Vu_Hoang_Phuc_1\FPOLY_DA1\src\lib\groovy-all-2.1.3.jar;C:\JAVA4\FPOLY_DA1_Vu_Hoang_Phuc_1\FPOLY_DA1\src\lib\itext-2.1.7.jar;C:\JAVA4\FPOLY_DA1_Vu_Hoang_Phuc_1\FPOLY_DA1\src\lib\itext-pdfa-5.4.0.jar;C:\JAVA4\FPOLY_DA1_Vu_Hoang_Phuc_1\FPOLY_DA1\src\lib\itextpdf-5.3.4.jar;C:\JAVA4\FPOLY_DA1_Vu_Hoang_Phuc_1\FPOLY_DA1\src\lib\jasperreports-6.10.0.jar;C:\JAVA4\FPOLY_DA1_Vu_Hoang_Phuc_1\FPOLY_DA1\src\lib\jasperreports-fonts-6.10.0.jar;C:\JAVA4\FPOLY_DA1_Vu_Hoang_Phuc_1\FPOLY_DA1\src\lib\jasperreports-fonts-6.14.0.jar;C:\JAVA4\FPOLY_DA1_Vu_Hoang_Phuc_1\FPOLY_DA1\src\lib\jasperreports-javaflow.jar;C:\JAVA4\FPOLY_DA1_Vu_Hoang_Phuc_1\FPOLY_DA1\src\lib\javase-3.3.0.jar;C:\JAVA4\FPOLY_DA1_Vu_Hoang_Phuc_1\FPOLY_DA1\src\lib\javax.mail.jar;C:\JAVA4\FPOLY_DA1_Vu_Hoang_Phuc_1\FPOLY_DA1\src\lib\jaxb-api-2.3.1.jar;C:\JAVA4\FPOLY_DA1_Vu_Hoang_Phuc_1\FPOLY_DA1\src\lib\jaxb-core-2.3.0.1.jar;C:\JAVA4\FPOLY_DA1_Vu_Hoang_Phuc_1\FPOLY_DA1\src\lib\jaxb-impl-2.3.2.jar;C:\JAVA4\FPOLY_DA1_Vu_Hoang_Phuc_1\FPOLY_DA1\src\lib\jcommon-1.0.23.jar;C:\JAVA4\FPOLY_DA1_Vu_Hoang_Phuc_1\FPOLY_DA1\src\lib\jfreechart-1.0.19.jar;C:\JAVA4\FPOLY_DA1_Vu_Hoang_Phuc_1\FPOLY_DA1\src\lib\junit-4.12.jar;C:\JAVA4\FPOLY_DA1_Vu_Hoang_Phuc_1\FPOLY_DA1\src\lib\log4j-1.2.17.jar;C:\JAVA4\FPOLY_DA1_Vu_Hoang_Phuc_1\FPOLY_DA1\src\lib\org-jdesktop-layout.jar;C:\JAVA4\FPOLY_DA1_Vu_Hoang_Phuc_1\FPOLY_DA1\src\lib\poi-4.1.2.jar;C:\JAVA4\FPOLY_DA1_Vu_Hoang_Phuc_1\FPOLY_DA1\src\lib\poi-examples-4.1.2.jar;C:\JAVA4\FPOLY_DA1_Vu_Hoang_Phuc_1\FPOLY_DA1\src\lib\poi-excelant-4.1.2.jar;C:\JAVA4\FPOLY_DA1_Vu_Hoang_Phuc_1\FPOLY_DA1\src\lib\poi-ooxml-4.1.2.jar;C:\JAVA4\FPOLY_DA1_Vu_Hoang_Phuc_1\FPOLY_DA1\src\lib\poi-ooxml-schemas-4.1.2.jar;C:\JAVA4\FPOLY_DA1_Vu_Hoang_Phuc_1\FPOLY_DA1\src\lib\poi-scratchpad-4.1.2.jar;C:\JAVA4\FPOLY_DA1_Vu_Hoang_Phuc_1\FPOLY_DA1\src\lib\slf4j-api-1.6.2.jar;C:\JAVA4\FPOLY_DA1_Vu_Hoang_Phuc_1\FPOLY_DA1\src\lib\slf4j-log4j12-1.6.2.jar;C:\JAVA4\FPOLY_DA1_Vu_Hoang_Phuc_1\FPOLY_DA1\src\lib\sqljdbc4.jar;C:\JAVA4\FPOLY_DA1_Vu_Hoang_Phuc_1\FPOLY_DA1\src\lib\webcam-capture-0.3.12.jar;C:\JAVA4\FPOLY_DA1_Vu_Hoang_Phuc_1\FPOLY_DA1\src\lib\xmlbeans-3.1.0.jar;C:\JAVA4\FPOLY_DA1_Vu_Hoang_Phuc_1\FPOLY_DA1\src\lib\jcalendar-1.4.jar;C:\JAVA4\FPOLY_DA1_Vu_Hoang_Phuc_1\FPOLY_DA1\src\lib\KControls.jar;C:\JAVA4\FPOLY_DA1_Vu_Hoang_Phuc_1\FPOLY_DA1\src\lib\KGradientPanel.jar;C:\JAVA4\lib\jaco-mp3-player-0.9.3.jar;C:\JAVA4\FPOLY_DA1_Vu_Hoang_Phuc_1\FPOLY_DA1\build\empty -s C:\JAVA4\FPOLY_DA1_Vu_Hoang_Phuc_1\FPOLY_DA1\build\generated-sources\ap-source-output -source 13 @C:\Users\nguye\AppData\Local\Temp\files6257166108535241449

Host: Intel(R) Core(TM) i3-8145U CPU @ 2.10GHz, 4 cores, 3G,  Windows 10 , 64 bit Build 19041 (10.0.19041.292)
Time: Sat Dec  5 22:14:40 2020 SE Asia Standard Time elapsed time: 2 seconds (0d 0h 0m 2s)

---------------  T H R E A D  ---------------

Current thread (0x000001e007985800):  VMThread "VM Thread" [stack: 0x000000cbda100000,0x000000cbda200000] [id=15436]

Stack: [0x000000cbda100000,0x000000cbda200000]
[error occurred during error reporting (printing stack bounds), id 0xc0000005, EXCEPTION_ACCESS_VIOLATION (0xc0000005) at pc=0x000001e0118410ad]

Native frames: (J=compiled Java code, j=interpreted, Vv=VM code, C=native code)
V  [jvm.dll+0x5f8a9a]
V  [jvm.dll+0x74247a]
V  [jvm.dll+0x743c2f]
V  [jvm.dll+0x7441d5]
V  [jvm.dll+0x74418b]
V  [jvm.dll+0x5f7f6f]
V  [jvm.dll+0x5f8738]
C  [ntdll.dll+0xa111f]
C  [ntdll.dll+0x4b474]
C  [ntdll.dll+0x9fc4e]
C  0x000001e0118410ad

VM_Operation (0x000000cbd9bfd720): G1CollectForAllocation, mode: safepoint, requested by thread 0x000001e0078c7000


---------------  P R O C E S S  ---------------

Threads class SMR info:
_java_thread_list=0x000001e026373c50, length=11, elements={
0x000001e0078c7000, 0x000001e00798d800, 0x000001e00798f000, 0x000001e026129800,
0x000001e02612c800, 0x000001e02612e000, 0x000001e026130000, 0x000001e026133000,
0x000001e0261aa800, 0x000001e007970000, 0x000001e0263b5000
}

Java Threads: ( => current thread )
  0x000001e0078c7000 JavaThread "main" [_thread_blocked, id=18120, stack(0x000000cbd9b00000,0x000000cbd9c00000)]
  0x000001e00798d800 JavaThread "Reference Handler" daemon [_thread_blocked, id=13844, stack(0x000000cbda200000,0x000000cbda300000)]
  0x000001e00798f000 JavaThread "Finalizer" daemon [_thread_blocked, id=16868, stack(0x000000cbda300000,0x000000cbda400000)]
  0x000001e026129800 JavaThread "Signal Dispatcher" daemon [_thread_blocked, id=18080, stack(0x000000cbda400000,0x000000cbda500000)]
  0x000001e02612c800 JavaThread "Attach Listener" daemon [_thread_blocked, id=18212, stack(0x000000cbda500000,0x000000cbda600000)]
  0x000001e02612e000 JavaThread "Service Thread" daemon [_thread_blocked, id=17968, stack(0x000000cbda600000,0x000000cbda700000)]
  0x000001e026130000 JavaThread "C2 CompilerThread0" daemon [_thread_blocked, id=16676, stack(0x000000cbda700000,0x000000cbda800000)]
  0x000001e026133000 JavaThread "C1 CompilerThread0" daemon [_thread_blocked, id=17740, stack(0x000000cbda800000,0x000000cbda900000)]
  0x000001e0261aa800 JavaThread "Sweeper thread" daemon [_thread_blocked, id=16820, stack(0x000000cbda900000,0x000000cbdaa00000)]
  0x000001e007970000 JavaThread "Common-Cleaner" daemon [_thread_blocked, id=13200, stack(0x000000cbdaa00000,0x000000cbdab00000)]
  0x000001e0263b5000 JavaThread "Notification Thread" daemon [_thread_blocked, id=18188, stack(0x000000cbdab00000,0x000000cbdac00000)]

Other Threads:
=>0x000001e007985800 VMThread "VM Thread" [stack: 0x000000cbda100000,0x000000cbda200000] [id=15436]
  0x000001e0263b6000 WatcherThread [stack: 0x000000cbdac00000,0x000000cbdad00000] [id=17624]
  0x000001e0078fa800 GCTaskThread "GC Thread#0" [stack: 0x000000cbd9c00000,0x000000cbd9d00000] [id=15712]
  0x000001e02654a800 GCTaskThread "GC Thread#1" [stack: 0x000000cbdad00000,0x000000cbdae00000] [id=3348]
  0x000001e007905800 ConcurrentGCThread "G1 Main Marker" [stack: 0x000000cbd9d00000,0x000000cbd9e00000] [id=18052]
  0x000001e007907000 ConcurrentGCThread "G1 Conc#0" [stack: 0x000000cbd9e00000,0x000000cbd9f00000] [id=17628]
  0x000001e00791f800 ConcurrentGCThread "G1 Refine#0" [stack: 0x000000cbd9f00000,0x000000cbda000000] [id=15956]
  0x000001e007921000 ConcurrentGCThread "G1 Young RemSet Sampling" [stack: 0x000000cbda000000,0x000000cbda100000] [id=17976]

Threads with active compile tasks:
C2 CompilerThread0     2838 1378       4       jdk.nio.zipfs.ZipFileSystem$Entry::<init> (68 bytes)

VM state:at safepoint (normal execution)

VM Mutex/Monitor currently owned by a thread:  ([mutex/lock_event])
[0x000001e0078c2540] Threads_lock - owner thread: 0x000001e007985800
[0x000001e0078c3080] Heap_lock - owner thread: 0x000001e0078c7000

Heap address: 0x00000000c1c00000, size: 996 MB, Compressed Oops mode: 32-bit
Narrow klass base: 0x0000000800000000, Narrow klass shift: 3
Compressed class space size: 1073741824 Address: 0x0000000800b30000

Heap:
 garbage-first heap   total 29696K, used 13827K [0x00000000c1c00000, 0x0000000100000000)
  region size 1024K, 1 young (1024K), 1 survivors (1024K)
 Metaspace       used 9244K, capacity 11633K, committed 11904K, reserved 1060864K
  class space    used 1073K, capacity 1355K, committed 1408K, reserved 1048576K
Heap Regions: E=young(eden), S=young(survivor), O=old, HS=humongous(starts), HC=humongous(continues), CS=collection set, F=free, OA=open archive, CA=closed archive, TAMS=top-at-mark-start (previous, next)
|   0|0x00000000c1c00000, 0x00000000c1d00000, 0x00000000c1d00000|100%| O|  |TAMS 0x00000000c1d00000, 0x00000000c1d00000| Untracked 
|   1|0x00000000c1d00000, 0x00000000c1e00000, 0x00000000c1e00000|100%| O|  |TAMS 0x00000000c1e00000, 0x00000000c1e00000| Untracked 
|   2|0x00000000c1e00000, 0x00000000c1f00000, 0x00000000c1f00000|100%| O|  |TAMS 0x00000000c1f00000, 0x00000000c1f00000| Untracked 
|   3|0x00000000c1f00000, 0x00000000c2000000, 0x00000000c2000000|100%| O|  |TAMS 0x00000000c2000000, 0x00000000c2000000| Untracked 
|   4|0x00000000c2000000, 0x00000000c2100000, 0x00000000c2100000|100%| O|  |TAMS 0x00000000c2100000, 0x00000000c2100000| Untracked 
|   5|0x00000000c2100000, 0x00000000c2200000, 0x00000000c2200000|100%|HS|  |TAMS 0x00000000c2200000, 0x00000000c2200000| Complete 
|   6|0x00000000c2200000, 0x00000000c2300000, 0x00000000c2300000|100%| O|  |TAMS 0x00000000c2300000, 0x00000000c2300000| Untracked 
|   7|0x00000000c2300000, 0x00000000c2400000, 0x00000000c2400000|100%| O|  |TAMS 0x00000000c2400000, 0x00000000c2400000| Untracked 
|   8|0x00000000c2400000, 0x00000000c2500000, 0x00000000c2500000|100%| O|  |TAMS 0x00000000c2500000, 0x00000000c2500000| Untracked 
|   9|0x00000000c2500000, 0x00000000c2600000, 0x00000000c2600000|100%| O|  |TAMS 0x00000000c2600000, 0x00000000c2600000| Untracked 
|  10|0x00000000c2600000, 0x00000000c2700000, 0x00000000c2700000|100%| O|  |TAMS 0x00000000c269e000, 0x00000000c2700000| Untracked 
|  11|0x00000000c2700000, 0x00000000c2800000, 0x00000000c2800000|100%| O|  |TAMS 0x00000000c2700000, 0x00000000c2800000| Untracked 
|  12|0x00000000c2800000, 0x00000000c2900000, 0x00000000c2900000|100%| O|  |TAMS 0x00000000c2800000, 0x00000000c284de00| Untracked 
|  13|0x00000000c2900000, 0x00000000c2960a00, 0x00000000c2a00000| 37%| O|  |TAMS 0x00000000c2900000, 0x00000000c2900000| Untracked 
|  14|0x00000000c2a00000, 0x00000000c2a00000, 0x00000000c2b00000|  0%| F|  |TAMS 0x00000000c2a00000, 0x00000000c2a00000| Untracked 
|  15|0x00000000c2b00000, 0x00000000c2b00000, 0x00000000c2c00000|  0%| F|  |TAMS 0x00000000c2b00000, 0x00000000c2b00000| Untracked 
|  16|0x00000000c2c00000, 0x00000000c2c00000, 0x00000000c2d00000|  0%| F|  |TAMS 0x00000000c2c00000, 0x00000000c2c00000| Untracked 
|  17|0x00000000c2d00000, 0x00000000c2d00000, 0x00000000c2e00000|  0%| F|  |TAMS 0x00000000c2d00000, 0x00000000c2d00000| Untracked 
|  18|0x00000000c2e00000, 0x00000000c2e00000, 0x00000000c2f00000|  0%| F|  |TAMS 0x00000000c2e00000, 0x00000000c2e00000| Untracked 
|  19|0x00000000c2f00000, 0x00000000c2f00000, 0x00000000c3000000|  0%| F|  |TAMS 0x00000000c2f00000, 0x00000000c2f00000| Untracked 
|  20|0x00000000c3000000, 0x00000000c3020430, 0x00000000c3100000| 12%| S|CS|TAMS 0x00000000c3000000, 0x00000000c3000000| Complete 
|  21|0x00000000c3100000, 0x00000000c3100000, 0x00000000c3200000|  0%| F|  |TAMS 0x00000000c3100000, 0x00000000c3100000| Untracked 
|  22|0x00000000c3200000, 0x00000000c3200000, 0x00000000c3300000|  0%| F|  |TAMS 0x00000000c3200000, 0x00000000c3200000| Untracked 
|  23|0x00000000c3300000, 0x00000000c3300000, 0x00000000c3400000|  0%| F|  |TAMS 0x00000000c3300000, 0x00000000c3300000| Untracked 

Card table byte_map: [0x000001e021070000,0x000001e021270000] _byte_map_base: 0x000001e020a62000

Marking Bits (Prev, Next): (CMBitMap*) 0x000001e0078fb098, (CMBitMap*) 0x000001e0078fb058
 Prev Bits: [0x000001e022400000, 0x000001e023390000)
 Next Bits: [0x000001e021470000, 0x000001e022400000)

Polling page: 0x000001e011820000

Metaspace:

Usage:
  Non-class:     10.04 MB capacity,     7.98 MB ( 79%) used,     2.04 MB ( 20%) free+waste,    23.25 KB ( <1%) overhead. 
      Class:      1.32 MB capacity,     1.05 MB ( 79%) used,   269.52 KB ( 20%) free+waste,    11.81 KB ( <1%) overhead. 
       Both:     11.36 MB capacity,     9.03 MB ( 79%) used,     2.30 MB ( 20%) free+waste,    35.06 KB ( <1%) overhead. 

Virtual space:
  Non-class space:       12.00 MB reserved,      10.25 MB ( 85%) committed 
      Class space:        1.00 GB reserved,       1.38 MB ( <1%) committed 
             Both:        1.01 GB reserved,      11.63 MB (  1%) committed 

Chunk freelists:
   Non-Class:  26.00 KB
       Class:  21.00 KB
        Both:  47.00 KB

MaxMetaspaceSize: 17179869184.00 GB
CompressedClassSpaceSize: 1.00 GB

CodeHeap 'non-profiled nmethods': size=120000Kb used=544Kb max_used=544Kb free=119455Kb
 bounds [0x000001e019310000, 0x000001e019580000, 0x000001e020840000]
CodeHeap 'profiled nmethods': size=120000Kb used=2764Kb max_used=2764Kb free=117235Kb
 bounds [0x000001e011de0000, 0x000001e0120a0000, 0x000001e019310000]
CodeHeap 'non-nmethods': size=5760Kb used=1164Kb max_used=1195Kb free=4595Kb
 bounds [0x000001e011840000, 0x000001e011ab0000, 0x000001e011de0000]
 total_blobs=1808 nmethods=1389 adapters=332
 compilation: enabled
              stopped_count=0, restarted_count=0
 full_count=0

Compilation events (20 events):
Event: 2.688 Thread 0x000001e026133000 1386       1       java.nio.HeapByteBuffer::isDirect (2 bytes)
Event: 2.688 Thread 0x000001e026133000 nmethod 1386 0x000001e01938f610 code [0x000001e01938f7a0, 0x000001e01938f878]
Event: 2.700 Thread 0x000001e026130000 nmethod 1375 0x000001e01938f910 code [0x000001e019390060, 0x000001e019393460]
Event: 2.700 Thread 0x000001e026130000 1388   !   4       java.nio.file.FileTreeWalker::next (144 bytes)
Event: 2.709 Thread 0x000001e026130000 nmethod 1388 0x000001e019395690 code [0x000001e019395a20, 0x000001e0193966b8]
Event: 2.709 Thread 0x000001e026130000 1389       4       jdk.nio.zipfs.ZipDirectoryStream$1::hasNext (25 bytes)
Event: 2.710 Thread 0x000001e026130000 nmethod 1389 0x000001e019396e90 code [0x000001e019397060, 0x000001e019397218]
Event: 2.710 Thread 0x000001e026130000 1387       4       java.nio.file.SimpleFileVisitor::visitFile (14 bytes)
Event: 2.710 Thread 0x000001e026130000 nmethod 1387 0x000001e019397390 code [0x000001e019397520, 0x000001e0193975f8]
Event: 2.710 Thread 0x000001e026130000 1376       4       jdk.nio.zipfs.ZipFileSystemProvider::readAttributes (9 bytes)
Event: 2.711 Thread 0x000001e026130000 nmethod 1376 0x000001e019397690 code [0x000001e019397840, 0x000001e019397948]
Event: 2.711 Thread 0x000001e026130000 1381       4       java.time.LocalDate::of (34 bytes)
Event: 2.713 Thread 0x000001e026130000 nmethod 1381 0x000001e019397a90 code [0x000001e019397ca0, 0x000001e019398078]
Event: 2.713 Thread 0x000001e026130000 1378       4       jdk.nio.zipfs.ZipFileSystem$Entry::<init> (68 bytes)
Event: 2.794 Thread 0x000001e026133000 1395       3       jdk.nio.zipfs.ZipPath::readAttributes (58 bytes)
Event: 2.795 Thread 0x000001e026133000 nmethod 1395 0x000001e01208dd90 code [0x000001e01208e040, 0x000001e01208ec28]
Event: 2.795 Thread 0x000001e026133000 1396   !   3       jdk.nio.zipfs.ZipFileSystem::getFileAttributes (169 bytes)
Event: 2.797 Thread 0x000001e026133000 nmethod 1396 0x000001e01208f090 code [0x000001e01208f4a0, 0x000001e012091318]
Event: 2.797 Thread 0x000001e026133000 1398       3       java.time.LocalDate::of (34 bytes)
Event: 2.798 Thread 0x000001e026133000 nmethod 1398 0x000001e012092010 code [0x000001e0120922a0, 0x000001e012092e48]

GC Heap History (20 events):
Event: 1.455 GC heap after
{Heap after GC invocations=14 (full 0):
 garbage-first heap   total 14336K, used 7367K [0x00000000c1c00000, 0x0000000100000000)
  region size 1024K, 1 young (1024K), 1 survivors (1024K)
 Metaspace       used 8001K, capacity 10933K, committed 11008K, reserved 1058816K
  class space    used 948K, capacity 1249K, committed 1280K, reserved 1048576K
}
Event: 1.538 GC heap before
{Heap before GC invocations=14 (full 0):
 garbage-first heap   total 14336K, used 8391K [0x00000000c1c00000, 0x0000000100000000)
  region size 1024K, 2 young (2048K), 1 survivors (1024K)
 Metaspace       used 8318K, capacity 11152K, committed 11264K, reserved 1058816K
  class space    used 971K, capacity 1258K, committed 1280K, reserved 1048576K
}
Event: 1.540 GC heap after
{Heap after GC invocations=15 (full 0):
 garbage-first heap   total 17408K, used 7592K [0x00000000c1c00000, 0x0000000100000000)
  region size 1024K, 1 young (1024K), 1 survivors (1024K)
 Metaspace       used 8318K, capacity 11152K, committed 11264K, reserved 1058816K
  class space    used 971K, capacity 1258K, committed 1280K, reserved 1048576K
}
Event: 1.616 GC heap before
{Heap before GC invocations=16 (full 0):
 garbage-first heap   total 17408K, used 8616K [0x00000000c1c00000, 0x0000000100000000)
  region size 1024K, 2 young (2048K), 1 survivors (1024K)
 Metaspace       used 8534K, capacity 11296K, committed 11648K, reserved 1058816K
  class space    used 995K, capacity 1307K, committed 1408K, reserved 1048576K
}
Event: 1.619 GC heap after
{Heap after GC invocations=17 (full 0):
 garbage-first heap   total 17408K, used 8057K [0x00000000c1c00000, 0x0000000100000000)
  region size 1024K, 1 young (1024K), 1 survivors (1024K)
 Metaspace       used 8534K, capacity 11296K, committed 11648K, reserved 1058816K
  class space    used 995K, capacity 1307K, committed 1408K, reserved 1048576K
}
Event: 1.882 GC heap before
{Heap before GC invocations=17 (full 0):
 garbage-first heap   total 17408K, used 10105K [0x00000000c1c00000, 0x0000000100000000)
  region size 1024K, 3 young (3072K), 1 survivors (1024K)
 Metaspace       used 9125K, capacity 11633K, committed 11904K, reserved 1060864K
  class space    used 1072K, capacity 1355K, committed 1408K, reserved 1048576K
}
Event: 1.886 GC heap after
{Heap after GC invocations=18 (full 0):
 garbage-first heap   total 17408K, used 9039K [0x00000000c1c00000, 0x0000000100000000)
  region size 1024K, 1 young (1024K), 1 survivors (1024K)
 Metaspace       used 9125K, capacity 11633K, committed 11904K, reserved 1060864K
  class space    used 1072K, capacity 1355K, committed 1408K, reserved 1048576K
}
Event: 2.089 GC heap before
{Heap before GC invocations=19 (full 0):
 garbage-first heap   total 17408K, used 10063K [0x00000000c1c00000, 0x0000000100000000)
  region size 1024K, 3 young (3072K), 1 survivors (1024K)
 Metaspace       used 9191K, capacity 11633K, committed 11904K, reserved 1060864K
  class space    used 1073K, capacity 1355K, committed 1408K, reserved 1048576K
}
Event: 2.092 GC heap after
{Heap after GC invocations=20 (full 0):
 garbage-first heap   total 17408K, used 9475K [0x00000000c1c00000, 0x0000000100000000)
  region size 1024K, 1 young (1024K), 1 survivors (1024K)
 Metaspace       used 9191K, capacity 11633K, committed 11904K, reserved 1060864K
  class space    used 1073K, capacity 1355K, committed 1408K, reserved 1048576K
}
Event: 2.095 GC heap before
{Heap before GC invocations=20 (full 0):
 garbage-first heap   total 17408K, used 10499K [0x00000000c1c00000, 0x0000000100000000)
  region size 1024K, 2 young (2048K), 1 survivors (1024K)
 Metaspace       used 9191K, capacity 11633K, committed 11904K, reserved 1060864K
  class space    used 1073K, capacity 1355K, committed 1408K, reserved 1048576K
}
Event: 2.096 GC heap after
{Heap after GC invocations=21 (full 0):
 garbage-first heap   total 21504K, used 9449K [0x00000000c1c00000, 0x0000000100000000)
  region size 1024K, 1 young (1024K), 1 survivors (1024K)
 Metaspace       used 9191K, capacity 11633K, committed 11904K, reserved 1060864K
  class space    used 1073K, capacity 1355K, committed 1408K, reserved 1048576K
}
Event: 2.234 GC heap before
{Heap before GC invocations=22 (full 0):
 garbage-first heap   total 21504K, used 12521K [0x00000000c1c00000, 0x0000000100000000)
  region size 1024K, 4 young (4096K), 1 survivors (1024K)
 Metaspace       used 9227K, capacity 11633K, committed 11904K, reserved 1060864K
  class space    used 1073K, capacity 1355K, committed 1408K, reserved 1048576K
}
Event: 2.236 GC heap after
{Heap after GC invocations=23 (full 0):
 garbage-first heap   total 21504K, used 10237K [0x00000000c1c00000, 0x0000000100000000)
  region size 1024K, 1 young (1024K), 1 survivors (1024K)
 Metaspace       used 9227K, capacity 11633K, committed 11904K, reserved 1060864K
  class space    used 1073K, capacity 1355K, committed 1408K, reserved 1048576K
}
Event: 2.368 GC heap before
{Heap before GC invocations=23 (full 0):
 garbage-first heap   total 21504K, used 14333K [0x00000000c1c00000, 0x0000000100000000)
  region size 1024K, 5 young (5120K), 1 survivors (1024K)
 Metaspace       used 9240K, capacity 11633K, committed 11904K, reserved 1060864K
  class space    used 1073K, capacity 1355K, committed 1408K, reserved 1048576K
}
Event: 2.371 GC heap after
{Heap after GC invocations=24 (full 0):
 garbage-first heap   total 21504K, used 11896K [0x00000000c1c00000, 0x0000000100000000)
  region size 1024K, 1 young (1024K), 1 survivors (1024K)
 Metaspace       used 9240K, capacity 11633K, committed 11904K, reserved 1060864K
  class space    used 1073K, capacity 1355K, committed 1408K, reserved 1048576K
}
Event: 2.638 GC heap before
{Heap before GC invocations=24 (full 0):
 garbage-first heap   total 21504K, used 13944K [0x00000000c1c00000, 0x0000000100000000)
  region size 1024K, 3 young (3072K), 1 survivors (1024K)
 Metaspace       used 9244K, capacity 11633K, committed 11904K, reserved 1060864K
  class space    used 1073K, capacity 1355K, committed 1408K, reserved 1048576K
}
Event: 2.640 GC heap after
{Heap after GC invocations=25 (full 0):
 garbage-first heap   total 21504K, used 12427K [0x00000000c1c00000, 0x0000000100000000)
  region size 1024K, 1 young (1024K), 1 survivors (1024K)
 Metaspace       used 9244K, capacity 11633K, committed 11904K, reserved 1060864K
  class space    used 1073K, capacity 1355K, committed 1408K, reserved 1048576K
}
Event: 2.791 GC heap before
{Heap before GC invocations=26 (full 0):
 garbage-first heap   total 24576K, used 13451K [0x00000000c1c00000, 0x0000000100000000)
  region size 1024K, 3 young (3072K), 1 survivors (1024K)
 Metaspace       used 9244K, capacity 11633K, committed 11904K, reserved 1060864K
  class space    used 1073K, capacity 1355K, committed 1408K, reserved 1048576K
}
Event: 2.793 GC heap after
{Heap after GC invocations=27 (full 0):
 garbage-first heap   total 24576K, used 13623K [0x00000000c1c00000, 0x0000000100000000)
  region size 1024K, 1 young (1024K), 1 survivors (1024K)
 Metaspace       used 9244K, capacity 11633K, committed 11904K, reserved 1060864K
  class space    used 1073K, capacity 1355K, committed 1408K, reserved 1048576K
}
Event: 2.805 GC heap before
{Heap before GC invocations=27 (full 0):
 garbage-first heap   total 24576K, used 15671K [0x00000000c1c00000, 0x0000000100000000)
  region size 1024K, 3 young (3072K), 1 survivors (1024K)
 Metaspace       used 9244K, capacity 11633K, committed 11904K, reserved 1060864K
  class space    used 1073K, capacity 1355K, committed 1408K, reserved 1048576K
}

Deoptimization events (20 events):
Event: 1.824 Thread 0x000001e0078c7000 Uncommon trap: trap_request=0xffffff45 fr.pc=0x000001e01936fb08 relative=0x00000000000001e8
Event: 1.824 Thread 0x000001e0078c7000 Uncommon trap: reason=unstable_if action=reinterpret pc=0x000001e01936fb08 method=java.util.Arrays.hashCode([B)I @ 1 c2
Event: 1.824 Thread 0x000001e0078c7000 DEOPT PACKING pc=0x000001e01936fb08 sp=0x000000cbd9bfdfd0
Event: 1.824 Thread 0x000001e0078c7000 DEOPT UNPACKING pc=0x000001e01188912f sp=0x000000cbd9bfdf40 mode 2
Event: 1.953 Thread 0x000001e0078c7000 Uncommon trap: trap_request=0xffffff45 fr.pc=0x000001e01936bf24 relative=0x0000000000000244
Event: 1.953 Thread 0x000001e0078c7000 Uncommon trap: reason=unstable_if action=reinterpret pc=0x000001e01936bf24 method=java.util.HashMap.getNode(ILjava/lang/Object;)Ljava/util/HashMap$Node; @ 62 c2
Event: 1.953 Thread 0x000001e0078c7000 DEOPT PACKING pc=0x000001e01936bf24 sp=0x000000cbd9bfdc00
Event: 1.953 Thread 0x000001e0078c7000 DEOPT UNPACKING pc=0x000001e01188912f sp=0x000000cbd9bfdb70 mode 2
Event: 2.789 Thread 0x000001e0078c7000 Uncommon trap: trap_request=0xffffff45 fr.pc=0x000001e019397f98 relative=0x00000000000002f8
Event: 2.789 Thread 0x000001e0078c7000 Uncommon trap: reason=unstable_if action=reinterpret pc=0x000001e019397f98 method=java.time.LocalDate.create(III)Ljava/time/LocalDate; @ 3 c2
Event: 2.789 Thread 0x000001e0078c7000 DEOPT PACKING pc=0x000001e019397f98 sp=0x000000cbd9bfdc20
Event: 2.789 Thread 0x000001e0078c7000 DEOPT UNPACKING pc=0x000001e01188912f sp=0x000000cbd9bfdb48 mode 2
Event: 2.794 Thread 0x000001e0078c7000 Uncommon trap: trap_request=0xffffff45 fr.pc=0x000001e01938aa50 relative=0x0000000000002d70
Event: 2.794 Thread 0x000001e0078c7000 Uncommon trap: reason=unstable_if action=reinterpret pc=0x000001e01938aa50 method=java.time.LocalDate.create(III)Ljava/time/LocalDate; @ 3 c2
Event: 2.794 Thread 0x000001e0078c7000 DEOPT PACKING pc=0x000001e01938aa50 sp=0x000000cbd9bfdfb0
Event: 2.794 Thread 0x000001e0078c7000 DEOPT UNPACKING pc=0x000001e01188912f sp=0x000000cbd9bfdbd0 mode 2
Event: 2.794 Thread 0x000001e0078c7000 Uncommon trap: trap_request=0xffffff45 fr.pc=0x000001e0193922c8 relative=0x0000000000002268
Event: 2.794 Thread 0x000001e0078c7000 Uncommon trap: reason=unstable_if action=reinterpret pc=0x000001e0193922c8 method=java.time.LocalDate.create(III)Ljava/time/LocalDate; @ 3 c2
Event: 2.794 Thread 0x000001e0078c7000 DEOPT PACKING pc=0x000001e0193922c8 sp=0x000000cbd9bfdec0
Event: 2.794 Thread 0x000001e0078c7000 DEOPT UNPACKING pc=0x000001e01188912f sp=0x000000cbd9bfdba0 mode 2

Classes unloaded (0 events):
No events

Classes redefined (0 events):
No events

Internal exceptions (20 events):
Event: 0.820 Thread 0x000001e0078c7000 Exception <a 'sun/nio/fs/WindowsException'{0x00000000c2303ce0}> (0x00000000c2303ce0) 
thrown [./open/src/hotspot/share/prims/jni.cpp, line 599]
Event: 0.821 Thread 0x000001e0078c7000 Exception <a 'sun/nio/fs/WindowsException'{0x00000000c2304878}> (0x00000000c2304878) 
thrown [./open/src/hotspot/share/prims/jni.cpp, line 599]
Event: 0.821 Thread 0x000001e0078c7000 Exception <a 'sun/nio/fs/WindowsException'{0x00000000c2304b48}> (0x00000000c2304b48) 
thrown [./open/src/hotspot/share/prims/jni.cpp, line 599]
Event: 0.840 Thread 0x000001e0078c7000 Exception <a 'java/lang/NoSuchMethodError'{0x00000000c23521a0}: 'void java.lang.invoke.DirectMethodHandle$Holder.invokeSpecial(java.lang.Object, java.lang.Object, java.lang.Object, java.lang.Object)'> (0x00000000c23521a0) 
thrown [./open/src/hotspot/share/interpreter/linkResolver.cpp, line 766]
Event: 0.844 Thread 0x000001e0078c7000 Exception <a 'java/lang/NoSuchMethodError'{0x00000000c2358698}: 'int java.lang.invoke.DirectMethodHandle$Holder.invokeVirtual(java.lang.Object, java.lang.Object, java.lang.Object)'> (0x00000000c2358698) 
thrown [./open/src/hotspot/share/interpreter/linkResolver.cpp, line 766]
Event: 0.883 Thread 0x000001e0078c7000 Exception <a 'java/lang/NoSuchMethodError'{0x00000000c2399418}: 'int java.lang.invoke.DirectMethodHandle$Holder.invokeSpecialIFC(java.lang.Object, java.lang.Object, int)'> (0x00000000c2399418) 
thrown [./open/src/hotspot/share/interpreter/linkResolver.cpp, line 766]
Event: 1.034 Thread 0x000001e0078c7000 Exception <a 'java/lang/NoSuchMethodError'{0x00000000c21af110}: 'int java.lang.invoke.DirectMethodHandle$Holder.invokeStaticInit(java.lang.Object, java.lang.Object)'> (0x00000000c21af110) 
thrown [./open/src/hotspot/share/interpreter/linkResolver.cpp, line 766]
Event: 1.149 Thread 0x000001e0078c7000 Exception <a 'java/lang/NoSuchMethodError'{0x00000000c23700f0}: 'int java.lang.invoke.DirectMethodHandle$Holder.invokeVirtual(java.lang.Object, java.lang.Object)'> (0x00000000c23700f0) 
thrown [./open/src/hotspot/share/interpreter/linkResolver.cpp, line 766]
Event: 1.167 Thread 0x000001e0078c7000 Exception <a 'java/lang/NoSuchMethodError'{0x00000000c239e310}: 'java.lang.Object java.lang.invoke.Invokers$Holder.linkToTargetMethod(java.lang.Object, java.lang.Object, java.lang.Object, java.lang.Object, java.lang.Object, java.lang.Object)'> (0x00000000c239e310) 
thrown [./open/src/hotspot/share/interpreter/linkResolver.cpp, line 766]
Event: 1.190 Thread 0x000001e0078c7000 Exception <a 'sun/nio/fs/WindowsException'{0x00000000c23f01b0}> (0x00000000c23f01b0) 
thrown [./open/src/hotspot/share/prims/jni.cpp, line 599]
Event: 1.190 Thread 0x000001e0078c7000 Exception <a 'sun/nio/fs/WindowsException'{0x00000000c23f0640}> (0x00000000c23f0640) 
thrown [./open/src/hotspot/share/prims/jni.cpp, line 599]
Event: 1.496 Thread 0x000001e0078c7000 Exception <a 'sun/nio/fs/WindowsException'{0x00000000c2863980}> (0x00000000c2863980) 
thrown [./open/src/hotspot/share/prims/jni.cpp, line 599]
Event: 1.496 Thread 0x000001e0078c7000 Exception <a 'sun/nio/fs/WindowsException'{0x00000000c2863c40}> (0x00000000c2863c40) 
thrown [./open/src/hotspot/share/prims/jni.cpp, line 599]
Event: 1.496 Thread 0x000001e0078c7000 Exception <a 'sun/nio/fs/WindowsException'{0x00000000c2864838}> (0x00000000c2864838) 
thrown [./open/src/hotspot/share/prims/jni.cpp, line 599]
Event: 1.496 Thread 0x000001e0078c7000 Exception <a 'sun/nio/fs/WindowsException'{0x00000000c2864b38}> (0x00000000c2864b38) 
thrown [./open/src/hotspot/share/prims/jni.cpp, line 599]
Event: 1.590 Thread 0x000001e0078c7000 Exception <a 'java/lang/NoSuchMethodError'{0x00000000c2c3c6d8}: 'int java.lang.invoke.DirectMethodHandle$Holder.invokeSpecial(java.lang.Object, java.lang.Object, java.lang.Object, java.lang.Object)'> (0x00000000c2c3c6d8) 
thrown [./open/src/hotspot/share/interpreter/linkResolver.cpp, line 766]
Event: 1.595 Thread 0x000001e0078c7000 Exception <a 'java/lang/NoSuchMethodError'{0x00000000c2c4e2a8}: 'java.lang.Object java.lang.invoke.DirectMethodHandle$Holder.invokeVirtual(java.lang.Object, java.lang.Object, java.lang.Object, int, int)'> (0x00000000c2c4e2a8) 
thrown [./open/src/hotspot/share/interpreter/linkResolver.cpp, line 766]
Event: 1.596 Thread 0x000001e0078c7000 Exception <a 'java/lang/NoSuchMethodError'{0x00000000c2c54660}: 'java.lang.Object java.lang.invoke.DirectMethodHandle$Holder.invokeVirtual(java.lang.Object, java.lang.Object, int)'> (0x00000000c2c54660) 
thrown [./open/src/hotspot/share/interpreter/linkResolver.cpp, line 766]
Event: 1.601 Thread 0x000001e0078c7000 Exception <a 'java/lang/NoSuchMethodError'{0x00000000c2c5d258}: 'java.lang.Object java.lang.invoke.DirectMethodHandle$Holder.invokeSpecial(java.lang.Object, java.lang.Object, java.lang.Object, int, int)'> (0x00000000c2c5d258) 
thrown [./open/src/hotspot/share/interpreter/linkResolver.cpp, line 766]
Event: 1.823 Thread 0x000001e0078c7000 Implicit null exception at 0x000001e01936f92c to 0x000001e01936fafa

Events (20 events):
Event: 2.096 Executing VM operation: G1CollectForAllocation done
Event: 2.108 Executing VM operation: G1Concurrent
Event: 2.109 Executing VM operation: G1Concurrent done
Event: 2.115 Executing VM operation: G1Concurrent
Event: 2.117 Executing VM operation: G1Concurrent done
Event: 2.234 Executing VM operation: G1CollectForAllocation
Event: 2.236 Executing VM operation: G1CollectForAllocation done
Event: 2.368 Executing VM operation: G1CollectForAllocation
Event: 2.371 Executing VM operation: G1CollectForAllocation done
Event: 2.376 loading class java/util/concurrent/locks/AbstractQueuedSynchronizer$Node
Event: 2.377 loading class java/util/concurrent/locks/AbstractQueuedSynchronizer$Node done
Event: 2.638 Executing VM operation: G1CollectForAllocation
Event: 2.640 Executing VM operation: G1CollectForAllocation done
Event: 2.661 Executing VM operation: G1Concurrent
Event: 2.663 Executing VM operation: G1Concurrent done
Event: 2.670 Executing VM operation: G1Concurrent
Event: 2.679 Executing VM operation: G1Concurrent done
Event: 2.791 Executing VM operation: G1CollectForAllocation
Event: 2.793 Executing VM operation: G1CollectForAllocation done
Event: 2.804 Executing VM operation: G1CollectForAllocation


Dynamic libraries:
0x00007ff6e5260000 - 0x00007ff6e5267000 	C:\Program Files\Java\jdk-14.0.2\bin\javac.exe
0x00007ff94b0f0000 - 0x00007ff94b2e5000 	C:\WINDOWS\SYSTEM32\ntdll.dll
0x00007ff94aae0000 - 0x00007ff94ab9d000 	C:\WINDOWS\System32\KERNEL32.DLL
0x00007ff948d50000 - 0x00007ff949017000 	C:\WINDOWS\System32\KERNELBASE.dll
0x00007ff948b70000 - 0x00007ff948c70000 	C:\WINDOWS\System32\ucrtbase.dll
0x00007ff939d30000 - 0x00007ff939d48000 	C:\Program Files\Java\jdk-14.0.2\bin\jli.dll
0x00007ff94aed0000 - 0x00007ff94af7a000 	C:\WINDOWS\System32\ADVAPI32.dll
0x00007ff949ab0000 - 0x00007ff949b4e000 	C:\WINDOWS\System32\msvcrt.dll
0x00007ff949600000 - 0x00007ff94969b000 	C:\WINDOWS\System32\sechost.dll
0x00007ff94aba0000 - 0x00007ff94acc4000 	C:\WINDOWS\System32\RPCRT4.dll
0x00007ff94a940000 - 0x00007ff94aae0000 	C:\WINDOWS\System32\USER32.dll
0x00007ff9488d0000 - 0x00007ff9488f2000 	C:\WINDOWS\System32\win32u.dll
0x00007ff94a910000 - 0x00007ff94a93a000 	C:\WINDOWS\System32\GDI32.dll
0x00007ff948a60000 - 0x00007ff948b69000 	C:\WINDOWS\System32\gdi32full.dll
0x00007ff948830000 - 0x00007ff9488cd000 	C:\WINDOWS\System32\msvcp_win.dll
0x00007ff9214a0000 - 0x00007ff9214b5000 	C:\Program Files\Java\jdk-14.0.2\bin\VCRUNTIME140.dll
0x00007ff9371c0000 - 0x00007ff93745b000 	C:\WINDOWS\WinSxS\amd64_microsoft.windows.common-controls_6595b64144ccf1df_6.0.19041.488_none_ca04af081b815d21\COMCTL32.dll
0x00007ff938370000 - 0x00007ff93837a000 	C:\WINDOWS\SYSTEM32\VERSION.dll
0x00007ff949150000 - 0x00007ff949180000 	C:\WINDOWS\System32\IMM32.DLL
0x00007ff915c00000 - 0x00007ff915c9b000 	C:\Program Files\Java\jdk-14.0.2\bin\msvcp140.dll
0x00007ff910330000 - 0x00007ff910e4e000 	C:\Program Files\Java\jdk-14.0.2\bin\server\jvm.dll
0x00007ff949e10000 - 0x00007ff949e18000 	C:\WINDOWS\System32\PSAPI.DLL
0x00007ff93a380000 - 0x00007ff93a3a7000 	C:\WINDOWS\SYSTEM32\WINMM.dll
0x00007ff9336d0000 - 0x00007ff9336d9000 	C:\WINDOWS\SYSTEM32\WSOCK32.dll
0x00007ff94a090000 - 0x00007ff94a0fb000 	C:\WINDOWS\System32\WS2_32.dll
0x00007ff946790000 - 0x00007ff9467a3000 	C:\WINDOWS\SYSTEM32\kernel.appcore.dll
0x00007ff9326a0000 - 0x00007ff9326aa000 	C:\Program Files\Java\jdk-14.0.2\bin\jimage.dll
0x00007ff945eb0000 - 0x00007ff946094000 	C:\WINDOWS\SYSTEM32\DBGHELP.DLL
0x00007ff935f00000 - 0x00007ff935f2c000 	C:\WINDOWS\SYSTEM32\dbgcore.DLL
0x00007ff9490d0000 - 0x00007ff94914f000 	C:\WINDOWS\System32\bcryptPrimitives.dll
0x00007ff91c790000 - 0x00007ff91c7b5000 	C:\Program Files\Java\jdk-14.0.2\bin\java.dll
0x00007ff920e60000 - 0x00007ff920e76000 	C:\Program Files\Java\jdk-14.0.2\bin\zip.dll
0x00007ff94a100000 - 0x00007ff94a841000 	C:\WINDOWS\System32\SHELL32.dll
0x00007ff946990000 - 0x00007ff947123000 	C:\WINDOWS\SYSTEM32\windows.storage.dll
0x00007ff9496a0000 - 0x00007ff9499f5000 	C:\WINDOWS\System32\combase.dll
0x00007ff9482a0000 - 0x00007ff9482cc000 	C:\WINDOWS\SYSTEM32\Wldp.dll
0x00007ff949d00000 - 0x00007ff949dae000 	C:\WINDOWS\System32\SHCORE.dll
0x00007ff949db0000 - 0x00007ff949e05000 	C:\WINDOWS\System32\shlwapi.dll
0x00007ff948760000 - 0x00007ff948786000 	C:\WINDOWS\SYSTEM32\profapi.dll
0x00007ff920250000 - 0x00007ff920269000 	C:\Program Files\Java\jdk-14.0.2\bin\net.dll
0x00007ff93a8d0000 - 0x00007ff93a9d0000 	C:\WINDOWS\SYSTEM32\WINHTTP.dll
0x00007ff948020000 - 0x00007ff94808a000 	C:\WINDOWS\system32\mswsock.dll
0x00007ff91cf90000 - 0x00007ff91cfa2000 	C:\Program Files\Java\jdk-14.0.2\bin\nio.dll

dbghelp: loaded successfully - version: 4.0.5 - missing functions: none
symbol engine: initialized successfully - sym options: 0x614 - pdb path: .;C:\Program Files\Java\jdk-14.0.2\bin;C:\WINDOWS\SYSTEM32;C:\WINDOWS\WinSxS\amd64_microsoft.windows.common-controls_6595b64144ccf1df_6.0.19041.488_none_ca04af081b815d21;C:\Program Files\Java\jdk-14.0.2\bin\server

VM Arguments:
jvm_args: -Dapplication.home=C:\Program Files\Java\jdk-14.0.2 --add-modules=ALL-DEFAULT -Xms8m -Djdk.module.main=jdk.compiler 
java_command: jdk.compiler/com.sun.tools.javac.Main -d C:\JAVA4\FPOLY_DA1_Vu_Hoang_Phuc_1\FPOLY_DA1\build\classes -classpath C:\JAVA4\FPOLY_DA1_Vu_Hoang_Phuc_1\FPOLY_DA1\build\classes;C:\Program Files\NetBeans-12.1\netbeans\java\modules\ext\AbsoluteLayout.jar;C:\Users\nguye\Downloads\javax.mail.jar;C:\JAVA4\FPOLY_DA1_Vu_Hoang_Phuc_1\FPOLY_DA1\src\lib\AnimatonClass.jar;C:\JAVA4\FPOLY_DA1_Vu_Hoang_Phuc_1\FPOLY_DA1\src\lib\JPlanner.jar;C:\JAVA4\FPOLY_DA1_Vu_Hoang_Phuc_1\FPOLY_DA1\src\lib\SparseBitSet-1.2.jar;C:\JAVA4\FPOLY_DA1_Vu_Hoang_Phuc_1\FPOLY_DA1\src\lib\activation-1.1.1.jar;C:\JAVA4\FPOLY_DA1_Vu_Hoang_Phuc_1\FPOLY_DA1\src\lib\bridj-0.6.2-windows-only.jar;C:\JAVA4\FPOLY_DA1_Vu_Hoang_Phuc_1\FPOLY_DA1\src\lib\commons-beanutils-1.8.3.jar;C:\JAVA4\FPOLY_DA1_Vu_Hoang_Phuc_1\FPOLY_DA1\src\lib\commons-codec-1.13.jar;C:\JAVA4\FPOLY_DA1_Vu_Hoang_Phuc_1\FPOLY_DA1\src\lib\commons-collections-3.2.1-1.0.0.jar;C:\JAVA4\FPOLY_DA1_Vu_Hoang_Phuc_1\FPOLY_DA1\src\lib\commons-collections4-4.4.jar;C:\JAVA4\FPOLY_DA1_Vu_Hoang_Phuc_1\FPOLY_DA1\src\lib\commons-compress-1.19.jar;C:\JAVA4\FPOLY_DA1_Vu_Hoang_Phuc_1\FPOLY_DA1\src\lib\commons-digester-2.1.jar;C:\JAVA4\FPOLY_DA1_Vu_Hoang_Phuc_1\FPOLY_DA1\src\lib\commons-digester3-3.2-javadoc.jar;C:\JAVA4\FPOLY_DA1_Vu_Hoang_Phuc_1\FPOLY_DA1\src\lib\commons-digester3-3.2-sources.jar;C:\JAVA4\FPOLY_DA1_Vu_Hoang_Phuc_1\FPOLY_DA1\src\lib\commons-digester3-3.2-with-deps.jar;C:\JAVA4\FPOLY_DA1_Vu_Hoang_Phuc_1\FPOLY_DA1\src\lib\commons-digester3-3.2.jar;C:\JAVA4\FPOLY_DA1_Vu_Hoang_Phuc_1\FPOLY_DA1\src\lib\commons-logging-1.2.jar;C:\JAVA4\FPOLY_DA1_Vu_Hoang_Phuc_1\FPOLY_DA1\src\lib\commons-logging-api-1.1.jar;C:\JAVA4\FPOLY_DA1_Vu_Hoang_Phuc_1\FPOLY_DA1\src\lib\commons-math3-3.6.1.jar;C:\JAVA4\FPOLY_DA1_Vu_Hoang_Phuc_1\FPOLY_DA1\src\lib\core-3.3.0.jar;C:\JAVA4\FPOLY_DA1_Vu_Hoang_Phuc_1\FPOLY_DA1\src\lib\curvesapi-1.06.jar;C:\JAVA4\FPOLY_DA1_Vu_Hoang_Phuc_1\FPOLY_DA1\src\lib\groovy-all-2.1.3.jar;C:\JAVA4\FPOLY_DA1_Vu_Hoang_Phuc_1\FPOLY_DA1\src\lib\it
java_class_path (initial): <not set>
Launcher Type: SUN_STANDARD

[Global flags]
     intx CICompilerCount                          = 3                                         {product} {ergonomic}
     uint ConcGCThreads                            = 1                                         {product} {ergonomic}
     uint G1ConcRefinementThreads                  = 4                                         {product} {ergonomic}
   size_t G1HeapRegionSize                         = 1048576                                   {product} {ergonomic}
    uintx GCDrainStackTargetSize                   = 64                                        {product} {ergonomic}
   size_t InitialHeapSize                          = 8388608                                   {product} {command line}
   size_t MarkStackSize                            = 4194304                                   {product} {ergonomic}
   size_t MaxHeapSize                              = 1044381696                                {product} {ergonomic}
   size_t MaxNewSize                               = 625999872                                 {product} {ergonomic}
   size_t MinHeapDeltaBytes                        = 1048576                                   {product} {ergonomic}
   size_t MinHeapSize                              = 8388608                                   {product} {command line}
    uintx NonNMethodCodeHeapSize                   = 5832780                                {pd product} {ergonomic}
    uintx NonProfiledCodeHeapSize                  = 122912730                              {pd product} {ergonomic}
    uintx ProfiledCodeHeapSize                     = 122912730                              {pd product} {ergonomic}
    uintx ReservedCodeCacheSize                    = 251658240                              {pd product} {ergonomic}
     bool SegmentedCodeCache                       = true                                      {product} {ergonomic}
   size_t SoftMaxHeapSize                          = 1044381696                             {manageable} {ergonomic}
     bool UseCompressedClassPointers               = true                                 {lp64_product} {ergonomic}
     bool UseCompressedOops                        = true                                 {lp64_product} {ergonomic}
     bool UseG1GC                                  = true                                      {product} {ergonomic}
     bool UseLargePagesIndividualAllocation        = false                                  {pd product} {ergonomic}

Logging:
Log output configuration:
 #0: stdout all=warning uptime,level,tags
 #1: stderr all=off uptime,level,tags

Environment Variables:
PATH=C:\Program Files (x86)\Common Files\Oracle\Java\javapath;C:\WINDOWS\system32;C:\WINDOWS;C:\WINDOWS\System32\Wbem;C:\WINDOWS\System32\WindowsPowerShell\v1.0\;C:\WINDOWS\System32\OpenSSH\;C:\Program Files\Microsoft SQL Server\Client SDK\ODBC\170\Tools\Binn\;C:\Program Files (x86)\Microsoft SQL Server\150\Tools\Binn\;C:\Program Files\Microsoft SQL Server\150\Tools\Binn\;C:\Program Files\Microsoft SQL Server\150\DTS\Binn\;C:\Program Files (x86)\Microsoft SQL Server\150\DTS\Binn\;C:\Users\nguye\AppData\Local\Microsoft\WindowsApps;C:\Users\nguye\AppData\Local\Programs\Microsoft VS Code\bin;C:\Program Files\JetBrains\IntelliJ IDEA 2020.2.2\bin;;C:\Program Files\JetBrains\PyCharm Community Edition 2020.2.3\bin;
USERNAME=nguye
OS=Windows_NT
PROCESSOR_IDENTIFIER=Intel64 Family 6 Model 142 Stepping 12, GenuineIntel



---------------  S Y S T E M  ---------------

OS: Windows 10 , 64 bit Build 19041 (10.0.19041.292)
OS uptime: 1 days 8:24 hours

CPU:total 4 (initial active 4) (2 cores per cpu, 2 threads per core) family 6 model 142 stepping 12, cmov, cx8, fxsr, mmx, sse, sse2, sse3, ssse3, sse4.1, sse4.2, popcnt, avx, avx2, aes, clmul, erms, 3dnowpref, lzcnt, ht, tsc, tscinvbit, bmi1, bmi2, adx, fma

Memory: 4k page, system-wide physical 3976M (219M free)
TotalPageFile size 16264M (AvailPageFile size 6M)
current process WorkingSet (physical memory assigned to process): 87M, peak: 87M
current process commit charge ("private bytes"): 119M, peak: 124M

vm_info: Java HotSpot(TM) 64-Bit Server VM (14.0.2+12-46) for windows-amd64 JRE (14.0.2+12-46), built on Jul  9 2020 00:35:52 by "mach5one" with MS VC++ 15.9 (VS2017)

END.
